
libgomp: Invalid value for environment variable OMP_NUM_THREADS
Maximum Threads: 48
plot_run-------------------------------------------
Init, size: 4096
Init, QAM: 64
Init, SNR: 15
init_res:127.713
Finish Init, time: 0.83375 seconds
-------------------------------------------
++++++++++++++++++++++++++++++++++++++
Block, size: 16
Init, value: -1
Babai Serial:
Method: BBA_SER, Block size: 16, Res: 207.95950, BER: 0.47406, Run time: 0.15289s
Block Serial:
Method: ILS_SER, Block size: 16, Res: 207.90938, BER: 0.47833, Run time: 0.19294s
Block OMP, Stopping criteria: 0
Threads:120 
Threads:240 
Threads:480 
Block Size: 16, n_proc: 12, Res :212.80044, BER: 0.47314, info: 8.74000, Average time: 0.21455s
Block Size: 16, n_proc: 24, Res :212.78157, BER: 0.47424, info: 8.84000, Average time: 0.12596s
Block Size: 16, n_proc: 48, Res :216.28794, BER: 0.47357, info: 8.79000, Average time: 0.07415s
++++++++++++++++++++++++++++++++++++++
Block, size: 16
Init, value: 0
Babai Serial:
Method: BBA_SER, Block size: 16, Res: 207.95950, BER: 0.47406, Run time: 0.15273s
Block Serial:
Method: ILS_SER, Block size: 16, Res: 207.90938, BER: 0.47833, Run time: 0.19279s
Block OMP, Stopping criteria: 0
Threads:120 
Threads:240 
Threads:480 
Block Size: 16, n_proc: 12, Res :212.31520, BER: 0.47357, info: 8.79000, Average time: 0.21750s
Block Size: 16, n_proc: 24, Res :211.19470, BER: 0.47418, info: 8.95000, Average time: 0.12770s
Block Size: 16, n_proc: 48, Res :220.32334, BER: 0.47083, info: 8.89000, Average time: 0.07371s
++++++++++++++++++++++++++++++++++++++
Block, size: 16
Init, value: 1
Babai Serial:
Method: BBA_SER, Block size: 16, Res: 207.95950, BER: 0.47406, Run time: 0.15273s
Block Serial:
Method: ILS_SER, Block size: 16, Res: 207.90938, BER: 0.47833, Run time: 0.19285s
Block OMP, Stopping criteria: 0
Threads:120 
Threads:240 
Threads:480 
Block Size: 16, n_proc: 12, Res :207.90938, BER: 0.47137, info: 8.90000, Average time: 0.21828s
Block Size: 16, n_proc: 24, Res :206.88766, BER: 0.47369, info: 8.99000, Average time: 0.12808s
Block Size: 16, n_proc: 48, Res :223.50621, BER: 0.47333, info: 8.95000, Average time: 0.07414s
End of current TASK.
-------------------------------------------
plot_run-------------------------------------------
Init, size: 4096
Init, QAM: 64
Init, SNR: 35
init_res:12.7198
Finish Init, time: 1.60666 seconds
-------------------------------------------
++++++++++++++++++++++++++++++++++++++
Block, size: 16
Init, value: -1
Babai Serial:
Method: BBA_SER, Block size: 16, Res: 209.13309, BER: 0.37201, Run time: 0.15284s
Block Serial:
Method: ILS_SER, Block size: 16, Res: 12.71981, BER: 0.00000, Run time: 0.17991s
Block OMP, Stopping criteria: 0
Threads:120 
Threads:240 
Threads:480 
Block Size: 16, n_proc: 12, Res :12.71981, BER: 0.00000, info: 4.74000, Average time: 0.16430s
Block Size: 16, n_proc: 24, Res :12.71981, BER: 0.00000, info: 5.64000, Average time: 0.11622s
Block Size: 16, n_proc: 48, Res :12.71981, BER: 0.00000, info: 6.87000, Average time: 0.08677s
++++++++++++++++++++++++++++++++++++++
Block, size: 16
Init, value: 0
Babai Serial:
Method: BBA_SER, Block size: 16, Res: 209.13309, BER: 0.37201, Run time: 0.15286s
Block Serial:
Method: ILS_SER, Block size: 16, Res: 12.71981, BER: 0.00000, Run time: 0.17997s
Block OMP, Stopping criteria: 0
Threads:120 
Threads:240 
Threads:480 
Block Size: 16, n_proc: 12, Res :12.71981, BER: 0.00000, info: 6.07000, Average time: 0.18250s
Block Size: 16, n_proc: 24, Res :12.71981, BER: 0.00000, info: 7.23000, Average time: 0.13939s
Block Size: 16, n_proc: 48, Res :12.71981, BER: 0.00000, info: 8.83000, Average time: 0.07942s
++++++++++++++++++++++++++++++++++++++
Block, size: 16
Init, value: 1
Babai Serial:
Method: BBA_SER, Block size: 16, Res: 209.13309, BER: 0.37201, Run time: 0.15271s
Block Serial:
Method: ILS_SER, Block size: 16, Res: 12.71981, BER: 0.00000, Run time: 0.18002s
Block OMP, Stopping criteria: 0
Threads:120 
Threads:240 
Threads:480 
Block Size: 16, n_proc: 12, Res :12.71981, BER: 0.00000, info: 5.62000, Average time: 0.19271s
Block Size: 16, n_proc: 24, Res :12.71981, BER: 0.00000, info: 6.73000, Average time: 0.12477s
Block Size: 16, n_proc: 48, Res :12.71981, BER: 0.00000, info: 8.03000, Average time: 0.09668s
End of current TASK.
-------------------------------------------

real	9m21.699s
user	106m21.626s
sys	0m1.977s
