
libgomp: Invalid value for environment variable OMP_NUM_THREADS
Maximum Threads: 48
plot_run-------------------------------------------
Init, size: 4096
Init, QAM: 64
Init, SNR: 35
init_res: 12.71981, sigma: 0.19961
Finish Init, time: 1.70139 seconds
-
--------------------------------------------------
--------------------------------------------------
--------------------------------------------------
-------------------------------------------------++++++++++++++++++++++++++++++++++++++
Block, size: 16
Init, value: -1
Method: BBA_SER, Block size: 16, Res: 589.65595, BER: 0.28857, Time: 307.45208s, Avg Time: 0.15373s
Method: ILS_SER, Block size: 16, Res: 12.71981, BER: 0.00000, Time: 358.39841s, Avg Time: 0.17920s
Method: ILS_OMP, n_proc: 12, Res :22.20137, BER: 0.00068, num_iter: 3.46200, Time: 70.58133s, Avg Time: 0.03529s, Speed up: 5.078
Method: ILS_OMP, n_proc: 24, Res :75.10076, BER: 0.00489, num_iter: 3.00000, Time: 36.93670s, Avg Time: 0.01847s, Speed up: 9.703
Method: ILS_OMP, n_proc: 36, Res :197.45910, BER: 0.01651, num_iter: 3.00000, Time: 27.56050s, Avg Time: 0.01378s, Speed up: 13.004
Method: ILS_OMP, n_proc: 48, Res :432.03291, BER: 0.04007, num_iter: 3.00200, Time: 23.14627s, Avg Time: 0.01157s, Speed up: 15.484
++++++++++++++++++++++++++++++++++++++
++++++++++++++++++++++++++++++++++++++
Block, size: 16
Init, value: 0
Method: BBA_SER, Block size: 16, Res: 589.65595, BER: 0.28857, Time: 305.43740s, Avg Time: 0.15272s
Method: ILS_SER, Block size: 16, Res: 12.71981, BER: 0.00000, Time: 358.38335s, Avg Time: 0.17919s
Method: ILS_OMP, n_proc: 12, Res :12.71981, BER: 0.00000, num_iter: 6.02200, Time: 115.42828s, Avg Time: 0.05771s, Speed up: 3.105
Method: ILS_OMP, n_proc: 24, Res :12.78522, BER: 0.00000, num_iter: 3.00000, Time: 44.96577s, Avg Time: 0.02248s, Speed up: 7.970
Method: ILS_OMP, n_proc: 36, Res :396.42326, BER: 0.01578, num_iter: 3.00000, Time: 33.77937s, Avg Time: 0.01689s, Speed up: 10.610
Method: ILS_OMP, n_proc: 48, Res :675.95035, BER: 0.04501, num_iter: 3.00000, Time: 31.48579s, Avg Time: 0.01574s, Speed up: 11.382
++++++++++++++++++++++++++++++++++++++
++++++++++++++++++++++++++++++++++++++
Block, size: 16
Init, value: 1
Method: BBA_SER, Block size: 16, Res: 589.65595, BER: 0.28857, Time: 307.10729s, Avg Time: 0.15355s
Method: ILS_SER, Block size: 16, Res: 12.71981, BER: 0.00000, Time: 358.54030s, Avg Time: 0.17927s
Method: ILS_OMP, n_proc: 12, Res :12.71981, BER: 0.00000, num_iter: 6.96600, Time: 125.53321s, Avg Time: 0.06277s, Speed up: 2.856
Method: ILS_OMP, n_proc: 24, Res :12.80185, BER: 0.00000, num_iter: 3.00000, Time: 44.37774s, Avg Time: 0.02219s, Speed up: 8.079
Method: ILS_OMP, n_proc: 36, Res :137.99575, BER: 0.00290, num_iter: 3.00000, Time: 33.43496s, Avg Time: 0.01672s, Speed up: 10.724
Method: ILS_OMP, n_proc: 48, Res :268.85800, BER: 0.01014, num_iter: 3.00000, Time: 31.22457s, Avg Time: 0.01561s, Speed up: 11.483
++++++++++++++++++++++++++++++++++++++
End of current TASK.
-------------------------------------------

real	157m28.642s
user	1034m0.765s
sys	2m7.823s
