
libgomp: Invalid value for environment variable OMP_NUM_THREADS
Maximum Threads: 48
plot_run-------------------------------------------
Init, size: 4096
Init, QAM: 4
Init, SNR: 15
init_res:28.0079
Finish Init, time: 0.16599 seconds
-------------------------------------------
++++++++++++++++++++++++++++++++++++++
Block, size: 16
Init, value: -1
Babai Serial:
Method: ILS_SER, Block size: 16, Res: 211.45002, BRR: 0.39465, Run time: 0.03679s
Block Serial:
Method: ILS_SER, Block size: 16, Res: 209.54050, BRR: 0.38879, Run time: 0.05014s
Block OMP, Stopping criteria: 5
Threads:6
Threads:12
Threads:24
Threads:48
Block Size: 16, n_proc: 6, Res :206.61849, BRR: 0.35742, num_iter: 6.90850, Average time: 0.11107s
Block Size: 16, n_proc: 12, Res :208.08950, BRR: 0.36383, num_iter: 6.99950, Average time: 0.06592s
Block Size: 16, n_proc: 24, Res :206.26387, BRR: 0.36047, num_iter: 6.98000, Average time: 0.03998s
Block Size: 16, n_proc: 48, Res :208.51400, BRR: 0.35266, num_iter: 7.03000, Average time: 0.02401s
++++++++++++++++++++++++++++++++++++++
Block, size: 16
Init, value: 0
Babai Serial:
Method: ILS_SER, Block size: 16, Res: 211.45002, BRR: 0.39465, Run time: 0.03939s
Block Serial:
Method: ILS_SER, Block size: 16, Res: 209.54050, BRR: 0.38879, Run time: 0.05047s
Block OMP, Stopping criteria: 5
Threads:6
Threads:12
Threads:24
Threads:48
Block Size: 16, n_proc: 6, Res :207.20001, BRR: 0.37292, num_iter: 6.97300, Average time: 0.11321s
Block Size: 16, n_proc: 12, Res :207.56162, BRR: 0.36908, num_iter: 7.27900, Average time: 0.06772s
Block Size: 16, n_proc: 24, Res :208.90204, BRR: 0.35754, num_iter: 7.22900, Average time: 0.04046s
Block Size: 16, n_proc: 48, Res :209.33536, BRR: 0.35144, num_iter: 7.30900, Average time: 0.02359s
++++++++++++++++++++++++++++++++++++++
Block, size: 16
Init, value: 1
Babai Serial:
Method: ILS_SER, Block size: 16, Res: 211.45002, BRR: 0.39465, Run time: 0.04212s
Block Serial:
Method: ILS_SER, Block size: 16, Res: 209.54050, BRR: 0.38879, Run time: 0.05031s
Block OMP, Stopping criteria: 5
Threads:6
Threads:12
Threads:24
Threads:48
Block Size: 16, n_proc: 6, Res :206.92086, BRR: 0.36591, num_iter: 7.07250, Average time: 0.11416s
Block Size: 16, n_proc: 12, Res :206.57282, BRR: 0.36603, num_iter: 7.11050, Average time: 0.06704s
Block Size: 16, n_proc: 24, Res :207.73971, BRR: 0.35223, num_iter: 7.22950, Average time: 0.04026s
Block Size: 16, n_proc: 48, Res :209.54050, BRR: 0.33362, num_iter: 7.50150, Average time: 0.02431s
End of current TASK.
-------------------------------------------
plot_run-------------------------------------------
Init, size: 4096
Init, QAM: 4
Init, SNR: 35
init_res:2.80184
Finish Init, time: 1.12438 seconds
-------------------------------------------
++++++++++++++++++++++++++++++++++++++
Block, size: 16
Init, value: -1
Babai Serial:
Method: ILS_SER, Block size: 16, Res: 2.80184, BRR: 0.00000, Run time: 0.03819s
Block Serial:
Method: ILS_SER, Block size: 16, Res: 2.80184, BRR: 0.00000, Run time: 0.04606s
Block OMP, Stopping criteria: 5
Threads:6
Threads:12
Threads:24
Threads:48
Block Size: 16, n_proc: 6, Res :2.80184, BRR: 0.00000, num_iter: 2.00000, Average time: 0.06900s
Block Size: 16, n_proc: 12, Res :2.80184, BRR: 0.00000, num_iter: 2.00000, Average time: 0.04247s
Block Size: 16, n_proc: 24, Res :2.80184, BRR: 0.00000, num_iter: 2.00000, Average time: 0.02572s
Block Size: 16, n_proc: 48, Res :2.80184, BRR: 0.00000, num_iter: 2.00000, Average time: 0.01637s
++++++++++++++++++++++++++++++++++++++
Block, size: 16
Init, value: 0
Babai Serial:
Method: ILS_SER, Block size: 16, Res: 2.80184, BRR: 0.00000, Run time: 0.04118s
Block Serial:
Method: ILS_SER, Block size: 16, Res: 2.80184, BRR: 0.00000, Run time: 0.04643s
Block OMP, Stopping criteria: 5
Threads:6
Threads:12
Threads:24
Threads:48
Block Size: 16, n_proc: 6, Res :2.80184, BRR: 0.00000, num_iter: 2.22350, Average time: 0.07159s
Block Size: 16, n_proc: 12, Res :2.80184, BRR: 0.00000, num_iter: 2.68450, Average time: 0.04758s
Block Size: 16, n_proc: 24, Res :2.80184, BRR: 0.00000, num_iter: 3.46750, Average time: 0.03191s
Block Size: 16, n_proc: 48, Res :2.80184, BRR: 0.00000, num_iter: 4.76850, Average time: 0.02213s
++++++++++++++++++++++++++++++++++++++
Block, size: 16
Init, value: 1
Babai Serial:
Method: ILS_SER, Block size: 16, Res: 2.80184, BRR: 0.00000, Run time: 0.03597s
Block Serial:
Method: ILS_SER, Block size: 16, Res: 2.80184, BRR: 0.00000, Run time: 0.04645s
Block OMP, Stopping criteria: 5
Threads:6
Threads:12
Threads:24
Threads:48
Block Size: 16, n_proc: 6, Res :2.80184, BRR: 0.00000, num_iter: 2.29650, Average time: 0.07284s
Block Size: 16, n_proc: 12, Res :2.80184, BRR: 0.00000, num_iter: 2.59250, Average time: 0.04681s
Block Size: 16, n_proc: 24, Res :2.80184, BRR: 0.00000, num_iter: 3.36700, Average time: 0.03156s
Block Size: 16, n_proc: 48, Res :2.80184, BRR: 0.00000, num_iter: 4.59250, Average time: 0.02198s
End of current TASK.
-------------------------------------------

real	72m21.577s
user	724m45.650s
sys	0m58.460s
