
libgomp: Invalid value for environment variable OMP_NUM_THREADS
Maximum Threads: 48
-------------------------------------------
Init, size: 16384
Init, QAM: 64
Init, SNR: 15
init_res:278.287
Finish Init, time: 3.696837 seconds
-------------------------------------------
-1
Method: ILS_SER, Block size: 8, Res: 3325.40819, Run time: 0.951813s
8,3,7946.5,3425.6,3325.42,3325.41,3325.41,3325.41,3325.41,3325.41,3325.41,3325.41,3325.41,3325.41,3325.41
8,12,6055.77,3401.76,3325.41,3325.41,3325.41,3325.41,3325.41,3325.41,3325.41,3325.41,3325.41,3325.41,3325.41
8,48,4483.72,3327.41,3327.41,3327.41,3327.41,3327.41,3327.41,3327.41,3327.41,3327.41,3327.41,3327.41,3327.41
-1
Method: ILS_SER, Block size: 16, Res: 3334.40211, Run time: 0.874425s
16,3,17637.9,3521.19,3458.67,3401.03,3678.29,3427.05,3350.02,3350.01,3350.01,3350.01,3350.01,3350.01,3350.01
16,12,11341,3496.93,3334.4,3334.4,3334.4,3334.4,3334.4,3334.4,3334.4,3334.4,3334.4,3334.4,3334.4
16,48,8059.04,3340.31,3340.31,3340.31,3340.31,3340.31,3340.31,3340.31,3340.31,3340.31,3340.31,3340.31,3340.31
-1
Method: ILS_SER, Block size: 32, Res: 3336.52917, Run time: 2.314836s
32,3,24172,6084.05,4459.97,4436.65,4534.53,4397.19,3656.79,3600.09,3600.09,3600.09,3600.09,3600.09,3600.09
32,12,17421.8,5883.39,4246.09,4246.09,4246.09,4246.09,4246.09,4246.09,4246.09,4246.09,4246.09,4246.09,4246.09
32,48,8154.86,6882.32,6882.32,6882.32,6882.32,6882.32,6882.32,6882.32,6882.32,6882.32,6882.32,6882.32,6882.32
0
Method: ILS_SER, Block size: 8, Res: 3325.40819, Run time: 0.973491s
8,3,70956.2,13197.1,3325.41,3325.41,3325.41,3325.41,3325.41,3325.41,3325.41,3325.41,3325.41,3325.41,3325.41
8,12,45697.4,3381.71,3325.41,3325.41,3325.41,3325.41,3325.41,3325.41,3325.41,3325.41,3325.41,3325.41,3325.41
8,48,29837.3,3349.79,3349.79,3349.79,3349.79,3349.79,3349.79,3349.79,3349.79,3349.79,3349.79,3349.79,3349.79
0
Method: ILS_SER, Block size: 16, Res: 3334.40211, Run time: 0.877656s
16,3,92546.6,9768.43,3440.76,3643.38,3433.2,3390.5,3334.39,3334.4,3334.4,3334.4,3334.4,3334.4,3334.4
16,12,57944,3560.01,3337.41,3334.4,3334.4,3334.4,3334.4,3334.4,3334.4,3334.4,3334.4,3334.4,3334.4
16,48,37071.7,3364.03,3364.03,3364.03,3364.03,3364.03,3364.03,3364.03,3364.03,3364.03,3364.03,3364.03,3364.03
0
Method: ILS_SER, Block size: 32, Res: 3336.52917, Run time: 2.305934s
32,3,64024.2,9954.31,4528.24,4516.79,4638.09,4438.77,3954.36,3694.72,3661.43,3661.43,3661.43,3661.43,3661.43
32,12,37482.1,5871.07,4223.1,4223.1,4223.1,4223.1,4223.1,4223.1,4223.1,4223.1,4223.1,4223.1,4223.1
32,48,21450.2,18972,18972,18972,18972,18972,18972,18972,18972,18972,18972,18972,18972
1
Method: ILS_SER, Block size: 8, Res: 3325.40819, Run time: 0.966026s
8,3,64883,11438.3,3325.41,3325.41,3325.41,3325.41,3325.41,3325.41,3325.41,3325.41,3325.41,3325.41,3325.41
8,12,41060.6,3414.47,3326.17,3325.41,3325.41,3325.41,3325.41,3325.41,3325.41,3325.41,3325.41,3325.41,3325.41
8,48,26873.2,3346.77,3346.77,3346.77,3346.77,3346.77,3346.77,3346.77,3346.77,3346.77,3346.77,3346.77,3346.77
1
Method: ILS_SER, Block size: 16, Res: 3334.40211, Run time: 0.873982s
16,3,86055.7,12738.1,3510.52,3429.44,3437.87,3412.43,3334.38,3333.64,3332.75,3332.75,3332.75,3332.75,3332.75
16,12,54132.8,3541.95,3334.4,3334.4,3334.4,3334.4,3334.4,3334.4,3334.4,3334.4,3334.4,3334.4,3334.4
16,48,35772.2,3345.03,3345.03,3345.03,3345.03,3345.03,3345.03,3345.03,3345.03,3345.03,3345.03,3345.03,3345.03
1
Method: ILS_SER, Block size: 32, Res: 3336.52917, Run time: 2.285640s
32,3,51091.1,12928.7,4489.58,4530.76,4458.33,4439.54,3715.16,3581.14,3581.14,3581.14,3581.14,3581.14,3581.14
32,12,35156.5,5709.94,4221.27,4221.27,4221.27,4221.27,4221.27,4221.27,4221.27,4221.27,4221.27,4221.27,4221.27
32,48,14852.7,12917.8,12917.8,12917.8,12917.8,12917.8,12917.8,12917.8,12917.8,12917.8,12917.8,12917.8,12917.8
-------------------------------------------
Init, size: 16384
Init, QAM: 64
Init, SNR: 35
init_res:27.6574
Finish Init, time: 3.136399 seconds
-------------------------------------------
-1
Method: ILS_SER, Block size: 8, Res: 27.65740, Run time: 0.929875s
8,3,333.94,27.6574,27.6574,27.6574,27.6574,27.6574,27.6574,27.6574,27.6574,27.6574,27.6574,27.6574,27.6574
8,12,164.098,27.6574,27.6574,27.6574,27.6574,27.6574,27.6574,27.6574,27.6574,27.6574,27.6574,27.6574,27.6574
8,48,76.6034,27.6574,27.6574,27.6574,27.6574,27.6574,27.6574,27.6574,27.6574,27.6574,27.6574,27.6574,27.6574
-1
Method: ILS_SER, Block size: 16, Res: 27.65740, Run time: 0.856246s
16,3,282.72,27.6574,27.6574,27.6574,27.6574,27.6574,27.6574,27.6574,27.6574,27.6574,27.6574,27.6574,27.6574
16,12,163.768,27.6574,27.6574,27.6574,27.6574,27.6574,27.6574,27.6574,27.6574,27.6574,27.6574,27.6574,27.6574
16,48,76.3506,27.6574,27.6574,27.6574,27.6574,27.6574,27.6574,27.6574,27.6574,27.6574,27.6574,27.6574,27.6574
-1
Method: ILS_SER, Block size: 32, Res: 27.65740, Run time: 0.811874s
32,3,289.284,27.6574,27.6574,27.6574,27.6574,27.6574,27.6574,27.6574,27.6574,27.6574,27.6574,27.6574,27.6574
32,12,151.96,27.6574,27.6574,27.6574,27.6574,27.6574,27.6574,27.6574,27.6574,27.6574,27.6574,27.6574,27.6574
32,48,78.101,27.6574,27.6574,27.6574,27.6574,27.6574,27.6574,27.6574,27.6574,27.6574,27.6574,27.6574,27.6574
0
Method: ILS_SER, Block size: 8, Res: 27.65740, Run time: 0.933698s
8,3,33124.4,4631.75,27.6574,27.6574,27.6574,27.6574,27.6574,27.6574,27.6574,27.6574,27.6574,27.6574,27.6574
8,12,24599.9,27.6574,27.6574,27.6574,27.6574,27.6574,27.6574,27.6574,27.6574,27.6574,27.6574,27.6574,27.6574
8,48,16223.5,27.6574,27.6574,27.6574,27.6574,27.6574,27.6574,27.6574,27.6574,27.6574,27.6574,27.6574,27.6574
0
Method: ILS_SER, Block size: 16, Res: 27.65740, Run time: 0.858441s
16,3,32393.7,4305.53,27.6574,27.6574,27.6574,27.6574,27.6574,27.6574,27.6574,27.6574,27.6574,27.6574,27.6574
16,12,24847,27.6574,27.6574,27.6574,27.6574,27.6574,27.6574,27.6574,27.6574,27.6574,27.6574,27.6574,27.6574
16,48,16505.6,27.6574,27.6574,27.6574,27.6574,27.6574,27.6574,27.6574,27.6574,27.6574,27.6574,27.6574,27.6574
0
Method: ILS_SER, Block size: 32, Res: 27.65740, Run time: 0.810337s
32,3,43370.1,20287,27.6574,27.6574,27.6574,27.6574,27.6574,27.6574,27.6574,27.6574,27.6574,27.6574,27.6574
32,12,35986.6,1020.24,27.6574,27.6574,27.6574,27.6574,27.6574,27.6574,27.6574,27.6574,27.6574,27.6574,27.6574
32,48,23255.5,27.6574,27.6574,27.6574,27.6574,27.6574,27.6574,27.6574,27.6574,27.6574,27.6574,27.6574,27.6574
1
Method: ILS_SER, Block size: 8, Res: 27.65740, Run time: 0.943931s
8,3,18854.4,2866.53,27.6574,27.6574,27.6574,27.6574,27.6574,27.6574,27.6574,27.6574,27.6574,27.6574,27.6574
8,12,14063,27.6574,27.6574,27.6574,27.6574,27.6574,27.6574,27.6574,27.6574,27.6574,27.6574,27.6574,27.6574
8,48,9280.44,27.6574,27.6574,27.6574,27.6574,27.6574,27.6574,27.6574,27.6574,27.6574,27.6574,27.6574,27.6574
1
Method: ILS_SER, Block size: 16, Res: 27.65740, Run time: 0.859348s
16,3,19401.8,2283.16,27.6574,27.6574,27.6574,27.6574,27.6574,27.6574,27.6574,27.6574,27.6574,27.6574,27.6574
16,12,14190.4,27.6574,27.6574,27.6574,27.6574,27.6574,27.6574,27.6574,27.6574,27.6574,27.6574,27.6574,27.6574
16,48,9419.17,27.6574,27.6574,27.6574,27.6574,27.6574,27.6574,27.6574,27.6574,27.6574,27.6574,27.6574,27.6574
1
Method: ILS_SER, Block size: 32, Res: 27.65740, Run time: 0.809564s
32,3,24179.9,8953.78,27.6574,27.6574,27.6574,27.6574,27.6574,27.6574,27.6574,27.6574,27.6574,27.6574,27.6574
32,12,18741.3,27.6574,27.6574,27.6574,27.6574,27.6574,27.6574,27.6574,27.6574,27.6574,27.6574,27.6574,27.6574
32,48,12582.1,27.6574,27.6574,27.6574,27.6574,27.6574,27.6574,27.6574,27.6574,27.6574,27.6574,27.6574,27.6574
