
libgomp: Invalid value for environment variable OMP_NUM_THREADS
Maximum Threads: 48
-------------------------------------------
Init, size: 16384
Init, QAM: 4
Init, SNR: 15
init_res:60.1586
Finish Init, time: 3.346992 seconds
-------------------------------------------
-1
Method: ILS_SER, Block size: 8, Res: 3326.92880, Run time: 0.933737s
8,3,6394.32,3457.33,3326.92,3326.93,3326.93,3326.93,3326.93,3326.93,3326.93,3326.93,3326.93,3326.93,3326.93
8,12,5151.74,3386.28,3326.93,3326.93,3326.93,3326.93,3326.93,3326.93,3326.93,3326.93,3326.93,3326.93,3326.93
8,48,4459.09,3364.82,3364.82,3364.82,3364.82,3364.82,3364.82,3364.82,3364.82,3364.82,3364.82,3364.82,3364.82
-1
Method: ILS_SER, Block size: 16, Res: 60.15863, Run time: 0.853757s
16,3,9586.71,1697.49,60.1586,60.1586,60.1586,60.1586,60.1586,60.1586,60.1586,60.1586,60.1586,60.1586,60.1586
16,12,6199,60.1586,60.1586,60.1586,60.1586,60.1586,60.1586,60.1586,60.1586,60.1586,60.1586,60.1586,60.1586
16,48,3909.48,60.1586,60.1586,60.1586,60.1586,60.1586,60.1586,60.1586,60.1586,60.1586,60.1586,60.1586,60.1586
-1
Method: ILS_SER, Block size: 32, Res: 60.15863, Run time: 0.938445s
32,3,10671.3,4297.89,60.1586,60.1586,60.1586,60.1586,60.1586,60.1586,60.1586,60.1586,60.1586,60.1586,60.1586
32,12,7549.19,60.1586,60.1586,60.1586,60.1586,60.1586,60.1586,60.1586,60.1586,60.1586,60.1586,60.1586,60.1586
32,48,5088.06,60.1586,60.1586,60.1586,60.1586,60.1586,60.1586,60.1586,60.1586,60.1586,60.1586,60.1586,60.1586
0
Method: ILS_SER, Block size: 8, Res: 3326.92880, Run time: 0.939809s
8,3,13186.4,4175.18,3326.93,3326.93,3326.93,3326.93,3326.93,3326.93,3326.93,3326.93,3326.93,3326.93,3326.93
8,12,8955.11,3434.25,3326.93,3326.93,3326.93,3326.93,3326.93,3326.93,3326.93,3326.93,3326.93,3326.93,3326.93
8,48,6438.58,3378.48,3378.48,3378.48,3378.48,3378.48,3378.48,3378.48,3378.48,3378.48,3378.48,3378.48,3378.48
0
Method: ILS_SER, Block size: 16, Res: 60.15863, Run time: 0.855128s
16,3,5929.12,810.288,60.1586,60.1586,60.1586,60.1586,60.1586,60.1586,60.1586,60.1586,60.1586,60.1586,60.1586
16,12,4459.35,60.1586,60.1586,60.1586,60.1586,60.1586,60.1586,60.1586,60.1586,60.1586,60.1586,60.1586,60.1586
16,48,3038.67,60.1586,60.1586,60.1586,60.1586,60.1586,60.1586,60.1586,60.1586,60.1586,60.1586,60.1586,60.1586
0
Method: ILS_SER, Block size: 32, Res: 60.15863, Run time: 0.871038s
32,3,6341.94,648.834,60.1586,60.1586,60.1586,60.1586,60.1586,60.1586,60.1586,60.1586,60.1586,60.1586,60.1586
32,12,5558.39,60.1586,60.1586,60.1586,60.1586,60.1586,60.1586,60.1586,60.1586,60.1586,60.1586,60.1586,60.1586
32,48,3431.14,60.1586,60.1586,60.1586,60.1586,60.1586,60.1586,60.1586,60.1586,60.1586,60.1586,60.1586,60.1586
1
Method: ILS_SER, Block size: 8, Res: 3326.92880, Run time: 0.963498s
8,3,13115.9,4343.64,3326.93,3326.93,3326.93,3326.93,3326.93,3326.93,3326.93,3326.93,3326.93,3326.93,3326.93
8,12,8822.78,3401.52,3326.93,3326.93,3326.93,3326.93,3326.93,3326.93,3326.93,3326.93,3326.93,3326.93,3326.93
8,48,6553.26,3343.85,3343.85,3343.85,3343.85,3343.85,3343.85,3343.85,3343.85,3343.85,3343.85,3343.85,3343.85
1
Method: ILS_SER, Block size: 16, Res: 60.15863, Run time: 0.853529s
16,3,5892.02,320.074,60.1586,60.1586,60.1586,60.1586,60.1586,60.1586,60.1586,60.1586,60.1586,60.1586,60.1586
16,12,4508.08,60.1586,60.1586,60.1586,60.1586,60.1586,60.1586,60.1586,60.1586,60.1586,60.1586,60.1586,60.1586
16,48,2822.3,60.1586,60.1586,60.1586,60.1586,60.1586,60.1586,60.1586,60.1586,60.1586,60.1586,60.1586,60.1586
1
Method: ILS_SER, Block size: 32, Res: 60.15863, Run time: 0.874811s
32,3,6316.46,825.137,60.1586,60.1586,60.1586,60.1586,60.1586,60.1586,60.1586,60.1586,60.1586,60.1586,60.1586
32,12,5328.39,60.1586,60.1586,60.1586,60.1586,60.1586,60.1586,60.1586,60.1586,60.1586,60.1586,60.1586,60.1586
32,48,3785.73,60.1586,60.1586,60.1586,60.1586,60.1586,60.1586,60.1586,60.1586,60.1586,60.1586,60.1586,60.1586
-------------------------------------------
Init, size: 16384
Init, QAM: 4
Init, SNR: 35
init_res:6.08827
Finish Init, time: 3.775105 seconds
-------------------------------------------
-1
Method: ILS_SER, Block size: 8, Res: 6.08827, Run time: 0.926378s
8,3,1031.69,6.08827,6.08827,6.08827,6.08827,6.08827,6.08827,6.08827,6.08827,6.08827,6.08827,6.08827,6.08827
8,12,766.598,6.08827,6.08827,6.08827,6.08827,6.08827,6.08827,6.08827,6.08827,6.08827,6.08827,6.08827,6.08827
8,48,372.034,6.08827,6.08827,6.08827,6.08827,6.08827,6.08827,6.08827,6.08827,6.08827,6.08827,6.08827,6.08827
-1
Method: ILS_SER, Block size: 16, Res: 6.08827, Run time: 0.854375s
16,3,1095.75,6.08827,6.08827,6.08827,6.08827,6.08827,6.08827,6.08827,6.08827,6.08827,6.08827,6.08827,6.08827
16,12,767.188,6.08827,6.08827,6.08827,6.08827,6.08827,6.08827,6.08827,6.08827,6.08827,6.08827,6.08827,6.08827
16,48,541.856,6.08827,6.08827,6.08827,6.08827,6.08827,6.08827,6.08827,6.08827,6.08827,6.08827,6.08827,6.08827
-1
Method: ILS_SER, Block size: 32, Res: 6.08827, Run time: 0.843108s
32,3,1097.15,6.08827,6.08827,6.08827,6.08827,6.08827,6.08827,6.08827,6.08827,6.08827,6.08827,6.08827,6.08827
32,12,777.594,6.08827,6.08827,6.08827,6.08827,6.08827,6.08827,6.08827,6.08827,6.08827,6.08827,6.08827,6.08827
32,48,493.211,6.08827,6.08827,6.08827,6.08827,6.08827,6.08827,6.08827,6.08827,6.08827,6.08827,6.08827,6.08827
0
Method: ILS_SER, Block size: 8, Res: 6.08827, Run time: 0.945007s
8,3,5955.75,560.338,6.08827,6.08827,6.08827,6.08827,6.08827,6.08827,6.08827,6.08827,6.08827,6.08827,6.08827
8,12,4436.85,6.08827,6.08827,6.08827,6.08827,6.08827,6.08827,6.08827,6.08827,6.08827,6.08827,6.08827,6.08827
8,48,2939.75,6.08827,6.08827,6.08827,6.08827,6.08827,6.08827,6.08827,6.08827,6.08827,6.08827,6.08827,6.08827
0
Method: ILS_SER, Block size: 16, Res: 6.08827, Run time: 0.858345s
16,3,5987.65,383.161,6.08827,6.08827,6.08827,6.08827,6.08827,6.08827,6.08827,6.08827,6.08827,6.08827,6.08827
16,12,4414.09,6.08827,6.08827,6.08827,6.08827,6.08827,6.08827,6.08827,6.08827,6.08827,6.08827,6.08827,6.08827
16,48,2949.73,6.08827,6.08827,6.08827,6.08827,6.08827,6.08827,6.08827,6.08827,6.08827,6.08827,6.08827,6.08827
0
Method: ILS_SER, Block size: 32, Res: 6.08827, Run time: 0.813441s
32,3,6198.65,226.111,6.08827,6.08827,6.08827,6.08827,6.08827,6.08827,6.08827,6.08827,6.08827,6.08827,6.08827
32,12,5028.48,6.08827,6.08827,6.08827,6.08827,6.08827,6.08827,6.08827,6.08827,6.08827,6.08827,6.08827,6.08827
32,48,3719.05,6.08827,6.08827,6.08827,6.08827,6.08827,6.08827,6.08827,6.08827,6.08827,6.08827,6.08827,6.08827
1
Method: ILS_SER, Block size: 8, Res: 6.08827, Run time: 0.937922s
8,3,5788.37,749.312,6.08827,6.08827,6.08827,6.08827,6.08827,6.08827,6.08827,6.08827,6.08827,6.08827,6.08827
8,12,4443.86,6.08827,6.08827,6.08827,6.08827,6.08827,6.08827,6.08827,6.08827,6.08827,6.08827,6.08827,6.08827
8,48,2882.41,6.08827,6.08827,6.08827,6.08827,6.08827,6.08827,6.08827,6.08827,6.08827,6.08827,6.08827,6.08827
1
Method: ILS_SER, Block size: 16, Res: 6.08827, Run time: 0.856181s
16,3,5816.6,579.231,6.08827,6.08827,6.08827,6.08827,6.08827,6.08827,6.08827,6.08827,6.08827,6.08827,6.08827
16,12,4489.31,6.08827,6.08827,6.08827,6.08827,6.08827,6.08827,6.08827,6.08827,6.08827,6.08827,6.08827,6.08827
16,48,2991.67,6.08827,6.08827,6.08827,6.08827,6.08827,6.08827,6.08827,6.08827,6.08827,6.08827,6.08827,6.08827
1
Method: ILS_SER, Block size: 32, Res: 6.08827, Run time: 0.813524s
32,3,6089.32,6.08827,6.08827,6.08827,6.08827,6.08827,6.08827,6.08827,6.08827,6.08827,6.08827,6.08827,6.08827
32,12,5096.27,6.08827,6.08827,6.08827,6.08827,6.08827,6.08827,6.08827,6.08827,6.08827,6.08827,6.08827,6.08827
32,48,3199.99,6.08827,6.08827,6.08827,6.08827,6.08827,6.08827,6.08827,6.08827,6.08827,6.08827,6.08827,6.08827
