
libgomp: Invalid value for environment variable OMP_NUM_THREADS
Maximum Threads: 48
-------------------------------------------
Init, size: 4096
Init, QAM: 64
Init, SNR: 15
init_res:127.388
Finish Init, time: 1.543600 seconds
-------------------------------------------
-1
Method: ILS_SER, Block size: 8, Res: 830.20812, Run time: 0.063996s
8,3,1168.55,1376.93,850.853,830.208,830.208,830.208,830.208,830.208,830.208,830.208,830.208,830.208,
8,12,1168.55,1533.26,1049.45,865.631,849.745,838.196,829.421,829.454,834.765,830.021,830.208,830.208,
8,48,1168.55,1596.63,1216.19,1171.97,925.169,972.583,873.783,841.646,864.206,854.946,864.14,858.503,
-1
Method: ILS_SER, Block size: 16, Res: 842.95159, Run time: 0.061944s
16,3,1168.55,2784.63,921.029,842.952,842.952,842.952,842.952,842.952,842.952,842.952,842.952,842.952,
16,12,1168.55,3284.4,1711.32,944.608,872.427,843.707,841.072,829.992,840.094,846.294,839.703,842.952,
16,48,1168.55,2412.86,2212.96,1318.3,955.171,901.337,874.89,901.737,874.633,861.679,859.136,838.379,
-1
Method: ILS_SER, Block size: 32, Res: 841.40813, Run time: 0.497630s
32,3,1168.55,2794.45,2181.53,1332.7,1057.09,1066.2,932.996,904.108,1001.9,1004.28,858.259,868.937,
32,12,1168.55,2103.13,2174.26,1990.56,1901.91,1942.11,1713,1569.18,1514.94,1476.47,1130.73,1074.47,
32,48,1168.55,1620.17,1819.52,1948.14,2110.5,2045.33,1924.69,1901.91,1998.19,1831.64,1865.97,1644.4,
0
Method: ILS_SER, Block size: 8, Res: 830.20812, Run time: 0.062430s
8,3,16971.4,4512.08,973.787,830.208,830.208,830.208,830.208,830.208,830.208,830.208,830.208,830.208,
8,12,16971.4,6903.69,2157.18,903.365,847.585,843.932,830.854,830.891,827.116,832.342,830.208,830.208,
8,48,16971.4,8300.39,3566.98,1402.82,948.222,873.952,850.077,855.699,851.169,865.568,830.64,842.885,
0
Method: ILS_SER, Block size: 16, Res: 842.95159, Run time: 0.061082s
16,3,16971.4,5768.18,1109.16,842.952,842.952,842.952,842.952,842.952,842.952,842.952,842.952,842.952,
16,12,16971.4,8152.38,2904.35,1070.36,872.247,843.41,841.473,841.342,843.416,843.921,843.829,842.952,
16,48,16971.4,10061.3,4878.59,2077.65,2136.97,920.911,900.778,860.855,862.096,853.198,846.694,844.911,
0
Method: ILS_SER, Block size: 32, Res: 841.40813, Run time: 0.497499s
32,3,16971.4,10478.1,6588.4,1296.94,978.281,940.503,860.313,845.446,841.336,881.489,846.772,1009.57,
32,12,16971.4,11816,8311.68,6767.26,5776.05,5729.88,5575.09,6221.42,4313.48,2448.43,1761.08,1762.23,
32,48,16971.4,12219.3,9591.32,8908.33,6050.19,5411.15,5206.81,5235.05,3616.77,3486.53,4092.99,3187.29,
1
Method: ILS_SER, Block size: 8, Res: 830.20812, Run time: 0.091049s
8,3,9750.56,2954.22,892.059,830.208,830.208,830.208,830.208,830.208,830.208,830.208,830.208,830.208,
8,12,9750.56,4346.3,1568.67,892.44,845.754,834.696,828.358,832.054,827.896,830.301,830.208,830.208,
8,48,9750.56,5314.68,2203.3,1278.57,956.935,931.936,875.972,1058.87,1149.94,868.058,835.915,849.597,
1
Method: ILS_SER, Block size: 16, Res: 842.95159, Run time: 0.060848s
16,3,9750.56,4126.47,897.472,842.952,842.952,842.952,842.952,842.952,842.952,842.952,842.952,842.952,
16,12,9750.56,5713.75,2364.19,998.728,862.709,842.79,834.246,842.845,841.847,842.581,838.27,841.972,
16,48,9750.56,5773.47,4011.57,2048,1066.86,928.962,888.605,942.653,2174.94,1788.89,1503.49,1429.88,
1
Method: ILS_SER, Block size: 32, Res: 841.40813, Run time: 0.497513s
32,3,9750.56,7467.15,4829.7,1596.1,969.448,1021.29,975.613,921.147,913.007,942.968,847.807,937.96,
32,12,9750.56,6823.8,5545.42,4240.45,3925.95,4234.45,4328.93,3732.91,3015.17,1761.79,1415.46,1523.81,
32,48,9750.56,6761.51,5136.11,4320.87,3783.39,3748.29,3021.94,2712.23,2305.7,2236.96,2320.85,2394.91,
Init, size: 4096
Init, QAM: 64
Init, SNR: 15
init_res:127.388
Finish Init, time: 0.437561 seconds
-------------------------------------------
++++++++++++++++++++++++++++++++++++++
Block, size: 8
Init, value: -1
Babai Serial:
Thread: SR, Res: 828.52117, Run time: 0.049256s
Block Serial:
Method: ILS_SER, Block size: 8, Res: 830.20812, Run time: 0.062096s
Block OMP:
Block Size: 8, n_proc: 3, res :830.208124, num_iter: 9.000000, Average time: 0.292168s
Block Size: 8, n_proc: 12, res :829.553302, num_iter: 9.000000, Average time: 0.102049s
Block Size: 8, n_proc: 48, res :834.848308, num_iter: 9.000000, Average time: 0.043826s
Block Size: 8, n_proc: 64, res :836.070137, num_iter: 9.000000, Average time: 0.033958s
++++++++++++++++++++++++++++++++++++++
Block, size: 16
Init, value: -1
Babai Serial:
Thread: SR, Res: 828.52117, Run time: 0.040944s
Block Serial:
Method: ILS_SER, Block size: 16, Res: 842.95159, Run time: 0.060838s
Block OMP:
Block Size: 16, n_proc: 3, res :842.951595, num_iter: 9.000000, Average time: 0.312840s
Block Size: 16, n_proc: 12, res :827.713128, num_iter: 9.000000, Average time: 0.105723s
Block Size: 16, n_proc: 48, res :835.450951, num_iter: 9.000000, Average time: 0.043289s
Block Size: 16, n_proc: 64, res :859.506340, num_iter: 9.000000, Average time: 0.029518s
++++++++++++++++++++++++++++++++++++++
Block, size: 32
Init, value: -1
Babai Serial:
Thread: SR, Res: 828.52117, Run time: 0.041020s
Block Serial:
Method: ILS_SER, Block size: 32, Res: 841.40813, Run time: 0.497860s
Block OMP:
Block Size: 32, n_proc: 3, res :849.647865, num_iter: 9.000000, Average time: 2.817891s
Block Size: 32, n_proc: 12, res :1009.838741, num_iter: 9.000000, Average time: 1.976397s
Block Size: 32, n_proc: 48, res :1506.354868, num_iter: 9.000000, Average time: 1.885758s
Block Size: 32, n_proc: 64, res :1213.780167, num_iter: 9.000000, Average time: 1.866028s
++++++++++++++++++++++++++++++++++++++
Block, size: 8
Init, value: 0
Babai Serial:
Thread: SR, Res: 828.52117, Run time: 0.041507s
Block Serial:
Method: ILS_SER, Block size: 8, Res: 830.20812, Run time: 0.062528s
Block OMP:
Block Size: 8, n_proc: 3, res :830.208124, num_iter: 9.000000, Average time: 0.291535s
Block Size: 8, n_proc: 12, res :829.553302, num_iter: 9.000000, Average time: 0.102033s
Block Size: 8, n_proc: 48, res :840.998960, num_iter: 9.000000, Average time: 0.047378s
Block Size: 8, n_proc: 64, res :842.747593, num_iter: 9.000000, Average time: 0.033536s
++++++++++++++++++++++++++++++++++++++
Block, size: 16
Init, value: 0
Babai Serial:
Thread: SR, Res: 828.52117, Run time: 0.041064s
Block Serial:
Method: ILS_SER, Block size: 16, Res: 842.95159, Run time: 0.062257s
Block OMP:
Block Size: 16, n_proc: 3, res :842.951595, num_iter: 9.000000, Average time: 0.313739s
Block Size: 16, n_proc: 12, res :838.822198, num_iter: 9.000000, Average time: 0.105438s
Block Size: 16, n_proc: 48, res :838.627716, num_iter: 9.000000, Average time: 0.045138s
Block Size: 16, n_proc: 64, res :841.444267, num_iter: 9.000000, Average time: 0.029308s
++++++++++++++++++++++++++++++++++++++
Block, size: 32
Init, value: 0
Babai Serial:
Thread: SR, Res: 828.52117, Run time: 0.040952s
Block Serial:
Method: ILS_SER, Block size: 32, Res: 841.40813, Run time: 0.498519s
Block OMP:
Block Size: 32, n_proc: 3, res :842.794810, num_iter: 9.000000, Average time: 2.805958s
Block Size: 32, n_proc: 12, res :1109.175919, num_iter: 9.000000, Average time: 1.981371s
Block Size: 32, n_proc: 48, res :2905.792742, num_iter: 9.000000, Average time: 1.858810s
Block Size: 32, n_proc: 64, res :2322.286757, num_iter: 9.000000, Average time: 1.872074s
++++++++++++++++++++++++++++++++++++++
Block, size: 8
Init, value: 1
Babai Serial:
Thread: SR, Res: 828.52117, Run time: 0.041070s
Block Serial:
Method: ILS_SER, Block size: 8, Res: 830.20812, Run time: 0.062382s
Block OMP:
Block Size: 8, n_proc: 3, res :830.208124, num_iter: 9.000000, Average time: 0.293052s
Block Size: 8, n_proc: 12, res :828.415619, num_iter: 9.000000, Average time: 0.102175s
Block Size: 8, n_proc: 48, res :837.543420, num_iter: 9.000000, Average time: 0.045018s
Block Size: 8, n_proc: 64, res :841.247359, num_iter: 9.000000, Average time: 0.036732s
++++++++++++++++++++++++++++++++++++++
Block, size: 16
Init, value: 1
Babai Serial:
Thread: SR, Res: 828.52117, Run time: 0.040991s
Block Serial:
Method: ILS_SER, Block size: 16, Res: 842.95159, Run time: 0.060723s
Block OMP:
Block Size: 16, n_proc: 3, res :842.951595, num_iter: 9.000000, Average time: 0.313558s
Block Size: 16, n_proc: 12, res :841.576307, num_iter: 9.000000, Average time: 0.105723s
Block Size: 16, n_proc: 48, res :843.199805, num_iter: 9.000000, Average time: 0.042887s
Block Size: 16, n_proc: 64, res :854.959570, num_iter: 9.000000, Average time: 0.030248s
++++++++++++++++++++++++++++++++++++++
Block, size: 32
Init, value: 1
Babai Serial:
Thread: SR, Res: 828.52117, Run time: 0.041443s
Block Serial:
Method: ILS_SER, Block size: 32, Res: 841.40813, Run time: 0.497711s
Block OMP:
Block Size: 32, n_proc: 3, res :844.242281, num_iter: 9.000000, Average time: 2.808363s
Block Size: 32, n_proc: 12, res :1043.649531, num_iter: 9.000000, Average time: 1.971096s
Block Size: 32, n_proc: 48, res :2064.224260, num_iter: 9.000000, Average time: 1.901770s
Block Size: 32, n_proc: 64, res :1720.873504, num_iter: 9.000000, Average time: 1.859844s
-------------------------------------------
-------------------------------------------
Init, size: 4096
Init, QAM: 64
Init, SNR: 35
init_res:12.6826
Finish Init, time: 0.504964 seconds
-------------------------------------------
-1
Method: ILS_SER, Block size: 8, Res: 12.68264, Run time: 0.063238s
8,3,1173.06,1099.17,12.6826,12.6826,12.6826,12.6826,12.6826,12.6826,12.6826,12.6826,12.6826,12.6826,
8,12,1173.06,1447.14,329.17,12.6826,12.6826,12.6826,12.6826,12.6826,12.6826,12.6826,12.6826,12.6826,
8,48,1173.06,1528.93,934.401,12.6826,12.6826,12.6826,12.6826,12.6826,12.6826,12.6826,12.6826,12.6826,
-1
Method: ILS_SER, Block size: 16, Res: 12.68264, Run time: 0.056255s
16,3,1173.06,1092.26,12.6826,12.6826,12.6826,12.6826,12.6826,12.6826,12.6826,12.6826,12.6826,12.6826,
16,12,1173.06,1451.53,321.592,12.6826,12.6826,12.6826,12.6826,12.6826,12.6826,12.6826,12.6826,12.6826,
16,48,1173.06,1530.61,1144.66,166.929,12.6826,12.6826,12.6826,12.6826,12.6826,12.6826,12.6826,12.6826,
-1
Method: ILS_SER, Block size: 32, Res: 12.68264, Run time: 0.066160s
32,3,1173.06,1234.7,12.6826,12.6826,12.6826,12.6826,12.6826,12.6826,12.6826,12.6826,12.6826,12.6826,
32,12,1173.06,1650.51,1633,1166.65,12.6826,405.848,12.6826,12.6826,12.6826,12.6826,12.6826,12.6826,
32,48,1173.06,1587.39,1780.62,1861.28,1851.02,1844.03,1834.45,1831.76,1803.45,1805.58,1828.1,1863.52,
0
Method: ILS_SER, Block size: 8, Res: 12.68264, Run time: 0.061655s
8,3,17193.8,3867.42,534.622,12.6826,12.6826,12.6826,12.6826,12.6826,12.6826,12.6826,12.6826,12.6826,
8,12,17193.8,6689.32,1989.17,155.127,12.6826,12.6826,12.6826,12.6826,12.6826,12.6826,12.6826,12.6826,
8,48,17193.8,8667.91,2888.32,1003.5,12.6826,12.6826,12.6826,12.6826,12.6826,12.6826,12.6826,12.6826,
0
Method: ILS_SER, Block size: 16, Res: 12.68264, Run time: 0.055835s
16,3,17193.8,3905.9,144.878,12.6826,12.6826,12.6826,12.6826,12.6826,12.6826,12.6826,12.6826,12.6826,
16,12,17193.8,7050.45,2223.74,308.209,12.6826,12.6826,12.6826,12.6826,12.6826,12.6826,12.6826,12.6826,
16,48,17193.8,9281.17,3380.46,1329.3,757.031,12.6826,12.6826,12.6826,12.6826,12.6826,12.6826,12.6826,
0
Method: ILS_SER, Block size: 32, Res: 12.68264, Run time: 0.066040s
32,3,17193.8,5117.11,536.099,12.6826,12.6826,12.6826,12.6826,12.6826,12.6826,12.6826,12.6826,12.6826,
32,12,17193.8,10107.1,5635.38,3216.96,2563.25,788.101,90.2668,12.6826,12.6826,12.6826,12.6826,12.6826,
32,48,17193.8,12024.3,8979.66,7127.2,6203.31,4591.64,4812.73,3896.47,2491.31,3025.96,1959.84,1856.03,
1
Method: ILS_SER, Block size: 8, Res: 12.68264, Run time: 0.062028s
8,3,9661.86,2376.08,320.482,12.6826,12.6826,12.6826,12.6826,12.6826,12.6826,12.6826,12.6826,12.6826,
8,12,9661.86,3880.53,1324.82,12.6826,12.6826,12.6826,12.6826,12.6826,12.6826,12.6826,12.6826,12.6826,
8,48,9661.86,4726.63,1897.47,593.815,12.6826,12.6826,12.6826,12.6826,12.6826,12.6826,12.6826,12.6826,
1
Method: ILS_SER, Block size: 16, Res: 12.68264, Run time: 0.056580s
16,3,9661.86,2327.81,180.877,12.6826,12.6826,12.6826,12.6826,12.6826,12.6826,12.6826,12.6826,12.6826,
16,12,9661.86,3764.33,1401.58,12.6826,12.6826,12.6826,12.6826,12.6826,12.6826,12.6826,12.6826,12.6826,
16,48,9661.86,4867.55,2248.59,961.275,12.6826,12.6826,12.6826,12.6826,12.6826,12.6826,12.6826,12.6826,
1
Method: ILS_SER, Block size: 32, Res: 12.68264, Run time: 0.066225s
32,3,9661.86,2736.43,781.331,12.6826,12.6826,12.6826,12.6826,12.6826,12.6826,12.6826,12.6826,12.6826,
32,12,9661.86,6014.29,3870.81,1500.12,1356.68,12.6826,12.6826,12.6826,12.6826,12.6826,12.6826,12.6826,
32,48,9661.86,6819.87,5485.22,4242.33,3654.13,3294.93,3246.1,2313.5,2738.16,2464.28,2119.84,1911.17,
Init, size: 4096
Init, QAM: 64
Init, SNR: 35
init_res:12.6826
Finish Init, time: 0.436759 seconds
-------------------------------------------
++++++++++++++++++++++++++++++++++++++
Block, size: 8
Init, value: -1
Babai Serial:
Thread: SR, Res: 840.87034, Run time: 0.043737s
Block Serial:
Method: ILS_SER, Block size: 8, Res: 12.68264, Run time: 0.061462s
Block OMP:
Block Size: 8, n_proc: 3, res :12.682641, num_iter: 9.000000, Average time: 0.289951s
Block Size: 8, n_proc: 12, res :12.682641, num_iter: 9.000000, Average time: 0.101434s
Block Size: 8, n_proc: 48, res :12.682641, num_iter: 9.000000, Average time: 0.047981s
Block Size: 8, n_proc: 64, res :12.682641, num_iter: 9.000000, Average time: 0.033721s
++++++++++++++++++++++++++++++++++++++
Block, size: 16
Init, value: -1
Babai Serial:
Thread: SR, Res: 840.87034, Run time: 0.040915s
Block Serial:
Method: ILS_SER, Block size: 16, Res: 12.68264, Run time: 0.055737s
Block OMP:
Block Size: 16, n_proc: 3, res :12.682641, num_iter: 9.000000, Average time: 0.291080s
Block Size: 16, n_proc: 12, res :12.682641, num_iter: 9.000000, Average time: 0.100084s
Block Size: 16, n_proc: 48, res :12.682641, num_iter: 9.000000, Average time: 0.039872s
Block Size: 16, n_proc: 64, res :12.682641, num_iter: 9.000000, Average time: 0.032735s
++++++++++++++++++++++++++++++++++++++
Block, size: 32
Init, value: -1
Babai Serial:
Thread: SR, Res: 840.87034, Run time: 0.041032s
Block Serial:
Method: ILS_SER, Block size: 32, Res: 12.68264, Run time: 0.065756s
Block OMP:
Block Size: 32, n_proc: 3, res :12.682641, num_iter: 9.000000, Average time: 0.403946s
Block Size: 32, n_proc: 12, res :12.682641, num_iter: 9.000000, Average time: 0.246965s
Block Size: 32, n_proc: 48, res :1559.094370, num_iter: 9.000000, Average time: 0.199975s
Block Size: 32, n_proc: 64, res :1243.378490, num_iter: 9.000000, Average time: 0.197514s
++++++++++++++++++++++++++++++++++++++
Block, size: 8
Init, value: 0
Babai Serial:
Thread: SR, Res: 840.87034, Run time: 0.041653s
Block Serial:
Method: ILS_SER, Block size: 8, Res: 12.68264, Run time: 0.061472s
Block OMP:
Block Size: 8, n_proc: 3, res :12.682641, num_iter: 9.000000, Average time: 0.291473s
Block Size: 8, n_proc: 12, res :12.682641, num_iter: 9.000000, Average time: 0.101594s
Block Size: 8, n_proc: 48, res :12.682641, num_iter: 9.000000, Average time: 0.046592s
Block Size: 8, n_proc: 64, res :12.682641, num_iter: 9.000000, Average time: 0.035320s
++++++++++++++++++++++++++++++++++++++
Block, size: 16
Init, value: 0
Babai Serial:
Thread: SR, Res: 840.87034, Run time: 0.040945s
Block Serial:
Method: ILS_SER, Block size: 16, Res: 12.68264, Run time: 0.055630s
Block OMP:
Block Size: 16, n_proc: 3, res :12.682641, num_iter: 9.000000, Average time: 0.291259s
Block Size: 16, n_proc: 12, res :12.682641, num_iter: 9.000000, Average time: 0.101134s
Block Size: 16, n_proc: 48, res :12.682641, num_iter: 9.000000, Average time: 0.044785s
Block Size: 16, n_proc: 64, res :12.682641, num_iter: 9.000000, Average time: 0.032949s
++++++++++++++++++++++++++++++++++++++
Block, size: 32
Init, value: 0
Babai Serial:
Thread: SR, Res: 840.87034, Run time: 0.041368s
Block Serial:
Method: ILS_SER, Block size: 32, Res: 12.68264, Run time: 0.065777s
Block OMP:
Block Size: 32, n_proc: 3, res :12.682641, num_iter: 9.000000, Average time: 0.474143s
Block Size: 32, n_proc: 12, res :12.682641, num_iter: 9.000000, Average time: 0.242538s
Block Size: 32, n_proc: 48, res :2159.430073, num_iter: 9.000000, Average time: 0.198128s
Block Size: 32, n_proc: 64, res :1325.041314, num_iter: 9.000000, Average time: 0.203220s
++++++++++++++++++++++++++++++++++++++
Block, size: 8
Init, value: 1
Babai Serial:
Thread: SR, Res: 840.87034, Run time: 0.043252s
Block Serial:
Method: ILS_SER, Block size: 8, Res: 12.68264, Run time: 0.064979s
Block OMP:
Block Size: 8, n_proc: 3, res :12.682641, num_iter: 9.000000, Average time: 0.289271s
Block Size: 8, n_proc: 12, res :12.682641, num_iter: 9.000000, Average time: 0.101568s
Block Size: 8, n_proc: 48, res :12.682641, num_iter: 9.000000, Average time: 0.043195s
Block Size: 8, n_proc: 64, res :12.682641, num_iter: 9.000000, Average time: 0.031995s
++++++++++++++++++++++++++++++++++++++
Block, size: 16
Init, value: 1
Babai Serial:
Thread: SR, Res: 840.87034, Run time: 0.041090s
Block Serial:
Method: ILS_SER, Block size: 16, Res: 12.68264, Run time: 0.056091s
Block OMP:
Block Size: 16, n_proc: 3, res :12.682641, num_iter: 9.000000, Average time: 0.290350s
Block Size: 16, n_proc: 12, res :12.682641, num_iter: 9.000000, Average time: 0.100989s
Block Size: 16, n_proc: 48, res :12.682641, num_iter: 9.000000, Average time: 0.045259s
Block Size: 16, n_proc: 64, res :12.682641, num_iter: 9.000000, Average time: 0.031878s
++++++++++++++++++++++++++++++++++++++
Block, size: 32
Init, value: 1
Babai Serial:
Thread: SR, Res: 840.87034, Run time: 0.040934s
Block Serial:
Method: ILS_SER, Block size: 32, Res: 12.68264, Run time: 0.065772s
Block OMP:
Block Size: 32, n_proc: 3, res :12.682641, num_iter: 9.000000, Average time: 0.467588s
Block Size: 32, n_proc: 12, res :12.682641, num_iter: 9.000000, Average time: 0.238775s
Block Size: 32, n_proc: 48, res :1854.652277, num_iter: 9.000000, Average time: 0.201418s
Block Size: 32, n_proc: 64, res :1520.857387, num_iter: 9.000000, Average time: 0.214484s
-------------------------------------------