
libgomp: Invalid value for environment variable OMP_NUM_THREADS
The settings are: k=3, SNR=15, max_iter=50, search_iter=5, stop=900, block_size=16, nswp=10, max_search=800
plot_res-------------------------------------------
Init, size: 1024
Init, QAM: 64
Init, SNR: 35
Finish Init, time: 0.12438 seconds
-
--------------------------------------------------
--------------------------------------------------
--------------------------------------------------
-------------------------------------------------++++++++++++++++++++++++++++++++++++++
Block, size: 16
Init, value: -1
Method: BAB_SER, Res: 277.96383, BER: 0.29252, Avg Solve Time: 0.01152s, qr_time: 7.18848, Total Time: 7.20000s
Method: ILS_SER, Block size: 16, Res: 229.19295, BER: 0.26877, Avg Solve Time: 0.50741s, qr_time: 7.18848, Total Time: 7.69589s
Method: ILS_OMP, n_proc: 10, Res :272.89569, BER: 0.28937, info: 99.00000, Time: 0.77305s, Avg Time: 0.01578s, Speed up: 32.163, QR Error: 0.000, QR Time: 0.86859s, QR SpeedUp: 8.276, Total Time: 0.88437s, Total SpeedUp: 8.702
Method: ILS_OMP, n_proc: 20, Res :274.85305, BER: 0.28902, info: 99.00000, Time: 1.38912s, Avg Time: 0.02835s, Speed up: 17.899, QR Error: 0.000, QR Time: 0.44313s, QR SpeedUp: 16.222, Total Time: 0.47148s, Total SpeedUp: 16.323
Method: ILS_OMP, n_proc: 30, Res :284.11938, BER: 0.28953, info: 99.00000, Time: 0.44274s, Avg Time: 0.00904s, Speed up: 56.157, QR Error: 0.000, QR Time: 0.40608s, QR SpeedUp: 17.702, Total Time: 0.41511s, Total SpeedUp: 18.539
Method: ILS_OMP, n_proc: 40, Res :305.72325, BER: 0.29191, info: 99.00000, Time: 0.34657s, Avg Time: 0.00707s, Speed up: 71.741, QR Error: 0.000, QR Time: 0.24249s, QR SpeedUp: 29.645, Total Time: 0.24956s, Total SpeedUp: 30.838
++++++++++++++++++++++++++++++++++++++
++++++++++++++++++++++++++++++++++++++
Block, size: 16
Init, value: 0
Method: BAB_SER, Res: 277.96383, BER: 0.29252, Avg Solve Time: 0.01859s, qr_time: 7.18848, Total Time: 7.20707s
Method: ILS_SER, Block size: 16, Res: 229.19295, BER: 0.26877, Avg Solve Time: 0.63178s, qr_time: 7.18848, Total Time: 7.82026s
Method: ILS_OMP, n_proc: 10, Res :272.12767, BER: 0.29102, info: 99.00000, Time: 0.78353s, Avg Time: 0.01599s, Speed up: 39.510, QR Error: 0.000, QR Time: 0.86859s, QR SpeedUp: 8.276, Total Time: 0.88458s, Total SpeedUp: 8.841
Method: ILS_OMP, n_proc: 20, Res :274.60418, BER: 0.28989, info: 99.00000, Time: 0.45135s, Avg Time: 0.00921s, Speed up: 68.588, QR Error: 0.000, QR Time: 0.44313s, QR SpeedUp: 16.222, Total Time: 0.45235s, Total SpeedUp: 17.288
Method: ILS_OMP, n_proc: 30, Res :274.01730, BER: 0.28964, info: 99.00000, Time: 0.33247s, Avg Time: 0.00679s, Speed up: 93.114, QR Error: 0.000, QR Time: 0.40608s, QR SpeedUp: 17.702, Total Time: 0.41286s, Total SpeedUp: 18.942
Method: ILS_OMP, n_proc: 40, Res :275.53259, BER: 0.29019, info: 99.00000, Time: 0.27291s, Avg Time: 0.00557s, Speed up: 113.434, QR Error: 0.000, QR Time: 0.24249s, QR SpeedUp: 29.645, Total Time: 0.24806s, Total SpeedUp: 31.526
++++++++++++++++++++++++++++++++++++++
++++++++++++++++++++++++++++++++++++++
Block, size: 16
Init, value: 1
Method: BAB_SER, Res: 277.96383, BER: 0.29252, Avg Solve Time: 0.01203s, qr_time: 7.18848, Total Time: 7.20051s
Method: ILS_SER, Block size: 16, Res: 229.19295, BER: 0.26877, Avg Solve Time: 0.50737s, qr_time: 7.18848, Total Time: 7.69585s
Method: ILS_OMP, n_proc: 10, Res :273.26921, BER: 0.29031, info: 99.00000, Time: 0.75051s, Avg Time: 0.01532s, Speed up: 33.125, QR Error: 0.000, QR Time: 0.86859s, QR SpeedUp: 8.276, Total Time: 0.88391s, Total SpeedUp: 8.707
Method: ILS_OMP, n_proc: 20, Res :274.55661, BER: 0.28870, info: 99.00000, Time: 0.41943s, Avg Time: 0.00856s, Speed up: 59.274, QR Error: 0.000, QR Time: 0.44313s, QR SpeedUp: 16.222, Total Time: 0.45169s, Total SpeedUp: 17.038
Method: ILS_OMP, n_proc: 30, Res :276.15689, BER: 0.29026, info: 99.00000, Time: 0.31723s, Avg Time: 0.00647s, Speed up: 78.369, QR Error: 0.000, QR Time: 0.40608s, QR SpeedUp: 17.702, Total Time: 0.41255s, Total SpeedUp: 18.654
Method: ILS_OMP, n_proc: 40, Res :279.31124, BER: 0.29037, info: 99.00000, Time: 0.25550s, Avg Time: 0.00521s, Speed up: 97.305, QR Error: 0.000, QR Time: 0.24249s, QR SpeedUp: 29.645, Total Time: 0.24770s, Total SpeedUp: 31.069
++++++++++++++++++++++++++++++++++++++
End of current TASK.
-------------------------------------------

real    57m52.484s
user    119m55.927s
sys     0m17.211s
