
libgomp: Invalid value for environment variable OMP_NUM_THREADS
The settings are: k=1, SNR=35, max_iter=50, search_iter=100, stop=900, block_size=16, nswp=100, max_search=800
plot_res-------------------------------------------
Init, size: 1024
Init, QAM: 4
Finish Init, time: 0.12192 seconds
-
--------------------------------------------------
--------------------------------------------------
--------------------------------------------------
-------------------------------------------------++++++++++++++++++++++++++++++++++++++
Block, size: 16
Init, value: -1
Method: BAB_SER, Res: 1.27949, BER: 0.00000, Avg Solve Time: 0.01147s, qr_time: 7.18185, Total Time: 7.19333s
Method: ILS_SER, Block size: 16, Res: 1.27949, BER: 0.00000, Avg Solve Time: 0.01160s, qr_time: 7.18185, Total Time: 7.19346s
Method: ILS_OMP, n_proc: 10, Res :1.27949, BER: 0.00000, num_iter: 1.00000, Time: 0.10695s, Avg Time: 0.00218s, Speed up: 5.315, QR Error: 0.000, QR Time: 0.86530s, QR SpeedUp: 8.300, Total Time: 0.86748s, Total SpeedUp: 8.292
Method: ILS_OMP, n_proc: 20, Res :2.16598, BER: 0.00004, num_iter: 5.00000, Time: 0.10593s, Avg Time: 0.00216s, Speed up: 5.366, QR Error: 0.000, QR Time: 0.44205s, QR SpeedUp: 16.247, Total Time: 0.44421s, Total SpeedUp: 16.194
Method: ILS_OMP, n_proc: 30, Res :4.09898, BER: 0.00014, num_iter: 15.00000, Time: 0.08759s, Avg Time: 0.00179s, Speed up: 6.490, QR Error: 0.000, QR Time: 0.31179s, QR SpeedUp: 23.034, Total Time: 0.31358s, Total SpeedUp: 22.940
Method: ILS_OMP, n_proc: 40, Res :3.86169, BER: 0.00016, num_iter: 11.00000, Time: 0.08926s, Avg Time: 0.00182s, Speed up: 6.368, QR Error: 0.000, QR Time: 0.23896s, QR SpeedUp: 30.054, Total Time: 0.24079s, Total SpeedUp: 29.875
++++++++++++++++++++++++++++++++++++++
++++++++++++++++++++++++++++++++++++++
Block, size: 16
Init, value: 0
Method: BAB_SER, Res: 1.27949, BER: 0.00000, Avg Solve Time: 0.01435s, qr_time: 7.18185, Total Time: 7.19621s
Method: ILS_SER, Block size: 16, Res: 1.27949, BER: 0.00000, Avg Solve Time: 0.02321s, qr_time: 7.18185, Total Time: 7.20506s
Method: ILS_OMP, n_proc: 10, Res :3.46531, BER: 0.00010, num_iter: 25.04082, Time: 0.12515s, Avg Time: 0.00255s, Speed up: 9.087, QR Error: 0.000, QR Time: 0.86530s, QR SpeedUp: 8.300, Total Time: 0.86785s, Total SpeedUp: 8.302
Method: ILS_OMP, n_proc: 20, Res :7.68296, BER: 0.00038, num_iter: 39.61224, Time: 0.09258s, Avg Time: 0.00189s, Speed up: 12.283, QR Error: 0.000, QR Time: 0.44205s, QR SpeedUp: 16.247, Total Time: 0.44394s, Total SpeedUp: 16.230
Method: ILS_OMP, n_proc: 30, Res :11.09595, BER: 0.00056, num_iter: 41.59184, Time: 0.07772s, Avg Time: 0.00159s, Speed up: 14.632, QR Error: 0.000, QR Time: 0.31179s, QR SpeedUp: 23.034, Total Time: 0.31338s, Total SpeedUp: 22.991
Method: ILS_OMP, n_proc: 40, Res :9.86620, BER: 0.00054, num_iter: 53.46939, Time: 0.08633s, Avg Time: 0.00176s, Speed up: 13.173, QR Error: 0.000, QR Time: 0.23896s, QR SpeedUp: 30.054, Total Time: 0.24073s, Total SpeedUp: 29.931
++++++++++++++++++++++++++++++++++++++
++++++++++++++++++++++++++++++++++++++
Block, size: 16
Init, value: 1
Method: BAB_SER, Res: 1.27949, BER: 0.00000, Avg Solve Time: 0.01177s, qr_time: 7.18185, Total Time: 7.19362s
Method: ILS_SER, Block size: 16, Res: 1.27949, BER: 0.00000, Avg Solve Time: 0.01168s, qr_time: 7.18185, Total Time: 7.19353s
Method: ILS_OMP, n_proc: 10, Res :4.44374, BER: 0.00018, num_iter: 27.08163, Time: 0.11611s, Avg Time: 0.00237s, Speed up: 4.929, QR Error: 0.000, QR Time: 0.86530s, QR SpeedUp: 8.300, Total Time: 0.86767s, Total SpeedUp: 8.291
Method: ILS_OMP, n_proc: 20, Res :7.99525, BER: 0.00036, num_iter: 61.38776, Time: 0.10232s, Avg Time: 0.00209s, Speed up: 5.593, QR Error: 0.000, QR Time: 0.44205s, QR SpeedUp: 16.247, Total Time: 0.44414s, Total SpeedUp: 16.197
Method: ILS_OMP, n_proc: 30, Res :11.52018, BER: 0.00054, num_iter: 51.48980, Time: 0.08355s, Avg Time: 0.00171s, Speed up: 6.849, QR Error: 0.000, QR Time: 0.31179s, QR SpeedUp: 23.034, Total Time: 0.31350s, Total SpeedUp: 22.946
Method: ILS_OMP, n_proc: 40, Res :10.33190, BER: 0.00054, num_iter: 57.42857, Time: 0.08715s, Avg Time: 0.00178s, Speed up: 6.567, QR Error: 0.000, QR Time: 0.23896s, QR SpeedUp: 30.054, Total Time: 0.24074s, Total SpeedUp: 29.881
++++++++++++++++++++++++++++++++++++++
End of current TASK.
-------------------------------------------

real	53m55.335s
user	114m45.036s
sys	0m7.878s
