libgomp: Invalid value for environment variable OMP_NUM_THREADS
Maximum Threads: 48
-------------------------------------------
Init, size: 16384
Init, QAM: 4
Init, SNR: 15
init_res:60.1586
Finish Init, time: 2.96153 seconds
-------------------------------------------
-1
Method: ILS_SER, Block size: 8, Res: 3326.92880, Run time: 0.79792s
8,6,4791.09304,5523.93851,3631.40486,3375.92915,3327.68764,3326.92880,3326.92880,3326.92880,3326.92880,3326.92880,3326.92880,3326.92880,
8,12,4791.09304,5863.97317,3926.16018,3454.51255,3396.51379,3365.61578,3347.96685,3341.28885,3325.87214,3327.67602,3326.86895,3326.92880,
8,24,4791.09304,5846.74238,4069.20134,3521.14764,3423.24123,3387.23059,3357.33917,3358.33297,3350.08454,3348.58329,3341.48399,3330.27354,
8,48,4791.09304,5755.52821,4245.53691,3606.89164,3470.10053,3425.43092,3381.57282,3375.77196,3362.48069,3343.98600,3356.81545,3340.51993,
-1
Method: ILS_SER, Block size: 16, Res: 60.15863, Run time: 0.73253s
16,6,4791.09304,8036.70468,1723.49413,60.15863,60.15863,60.15863,60.15863,60.15863,60.15863,60.15863,60.15863,60.15863,
16,12,4791.09304,8339.65712,3489.96277,60.15863,60.15863,60.15863,60.15863,60.15863,60.15863,60.15863,60.15863,60.15863,
16,24,4791.09304,7867.89222,4284.00696,60.15863,60.15863,60.15863,60.15863,60.15863,60.15863,60.15863,60.15863,60.15863,
16,48,4791.09304,7764.10094,4889.84833,60.15863,60.15863,60.15863,60.15863,60.15863,60.15863,60.15863,60.15863,60.15863,
-1
Method: ILS_SER, Block size: 32, Res: 60.15863, Run time: 0.79548s
32,6,4791.09304,9137.23093,2817.06781,60.15863,60.15863,60.15863,60.15863,60.15863,60.15863,60.15863,60.15863,60.15863,
32,12,4791.09304,9087.10598,6946.65546,1630.26602,60.15863,60.15863,60.15863,60.15863,60.15863,60.15863,60.15863,60.15863,
32,24,4791.09304,7660.70321,8852.18597,3310.50413,227.21548,60.15863,60.15863,60.15863,60.15863,60.15863,60.15863,60.15863,
32,48,4791.09304,6536.07193,7268.88371,7774.18741,6194.95037,2381.80166,60.15863,60.15863,60.15863,60.15863,60.15863,60.15863,
0
Method: ILS_SER, Block size: 8, Res: 3326.92880, Run time: 0.80507s
8,6,11676.37584,10012.72175,3990.86015,3394.21814,3347.36095,3326.34493,3326.92880,3326.92880,3326.92880,3326.92880,3326.92880,3326.92880,
8,12,11676.37584,10800.29728,4671.67932,3521.55519,3385.38584,3374.62454,3352.01951,3338.44782,3327.78254,3325.02890,3327.34551,3326.92880,
8,24,11676.37584,10428.48377,5083.82670,3623.32472,3437.71720,3378.03253,3363.42649,3363.13287,3348.16927,3349.34608,3345.83034,3337.56439,
8,48,11676.37584,9932.87231,5374.20450,3700.29758,3479.04648,3406.04636,3376.23972,3367.32222,3340.11514,3349.91901,3341.20222,3355.54234,
0
Method: ILS_SER, Block size: 16, Res: 60.15863, Run time: 0.73561s
16,6,11676.37584,4738.19216,262.82602,60.15863,60.15863,60.15863,60.15863,60.15863,60.15863,60.15863,60.15863,60.15863,
16,12,11676.37584,5678.21862,823.09223,60.15863,60.15863,60.15863,60.15863,60.15863,60.15863,60.15863,60.15863,60.15863,
16,24,11676.37584,6275.80953,1402.63879,60.15863,60.15863,60.15863,60.15863,60.15863,60.15863,60.15863,60.15863,60.15863,
16,48,11676.37584,6550.88721,2301.61842,60.15863,60.15863,60.15863,60.15863,60.15863,60.15863,60.15863,60.15863,60.15863,
0
Method: ILS_SER, Block size: 32, Res: 60.15863, Run time: 0.75708s
32,6,11676.37584,5202.87241,60.15863,60.15863,60.15863,60.15863,60.15863,60.15863,60.15863,60.15863,60.15863,60.15863,
32,12,11676.37584,7404.94748,2202.43597,60.15863,60.15863,60.15863,60.15863,60.15863,60.15863,60.15863,60.15863,60.15863,
32,24,11676.37584,8361.15078,4877.46959,345.97762,60.15863,60.15863,60.15863,60.15863,60.15863,60.15863,60.15863,60.15863,
32,48,11676.37584,9207.99558,7460.43373,6105.23039,1829.32568,60.15863,60.15863,60.15863,60.15863,60.15863,60.15863,60.15863,
1
Method: ILS_SER, Block size: 8, Res: 3326.92880, Run time: 0.81577s
8,6,11595.74257,10128.98741,3919.14842,3407.08920,3353.78879,3327.07476,3326.92880,3326.92880,3326.92880,3326.92880,3326.92880,3326.92880,
8,12,11595.74257,11081.25634,4675.58457,3535.07868,3407.77622,3362.51030,3351.38951,3335.39143,3329.93193,3328.45997,3326.73408,3326.92880,
8,24,11595.74257,10507.55633,5088.83814,3617.92216,3436.05225,3375.55411,3363.99868,3370.47897,3352.63761,3348.57845,3324.17153,3344.72133,
8,48,11595.74257,10075.32378,5349.27131,3645.08246,3453.02983,3421.36311,3381.54540,3352.70152,3361.35536,3328.96954,3346.21298,3360.00756,
1
Method: ILS_SER, Block size: 16, Res: 60.15863, Run time: 0.74399s
16,6,11595.74257,4763.54455,188.78461,60.15863,60.15863,60.15863,60.15863,60.15863,60.15863,60.15863,60.15863,60.15863,
16,12,11595.74257,5712.72640,850.49067,60.15863,60.15863,60.15863,60.15863,60.15863,60.15863,60.15863,60.15863,60.15863,
16,24,11595.74257,6243.23817,1301.55204,60.15863,60.15863,60.15863,60.15863,60.15863,60.15863,60.15863,60.15863,60.15863,
16,48,11595.74257,6536.11247,1843.02076,60.15863,60.15863,60.15863,60.15863,60.15863,60.15863,60.15863,60.15863,60.15863,
1
Method: ILS_SER, Block size: 32, Res: 60.15863, Run time: 1.10948s
32,6,11595.74257,5542.97878,60.15863,60.15863,60.15863,60.15863,60.15863,60.15863,60.15863,60.15863,60.15863,60.15863,
32,12,11595.74257,7416.70569,3012.75885,60.15863,60.15863,60.15863,60.15863,60.15863,60.15863,60.15863,60.15863,60.15863,
32,24,11595.74257,8515.31779,5689.64411,813.18780,60.15863,60.15863,60.15863,60.15863,60.15863,60.15863,60.15863,60.15863,
32,48,11595.74257,9114.38386,7250.67095,5295.81280,1261.40170,190.90294,60.15863,60.15863,60.15863,60.15863,60.15863,60.15863,
Init, size: 16384
Init, QAM: 4
Init, SNR: 15
init_res:60.1586
Finish Init, time: 2.23043 seconds
-------------------------------------------
++++++++++++++++++++++++++++++++++++++
Block, size: 8
Init, value: -1
Babai Serial:
Thread: SR, Res: 3347.31957, Run time: 0.64053s
Block Serial:
Method: ILS_SER, Block size: 8, Res: 3326.92880, Run time: 0.80119s
Block OMP:
Block Size: 8, n_proc: 6, res :3326.92880, info: 4.00000, Average time: 1.06783s
Block Size: 8, n_proc: 12, res :3358.66085, info: 4.00000, Average time: 0.51269s
Block Size: 8, n_proc: 24, res :3377.46129, info: 4.00000, Average time: 0.28361s
Block Size: 8, n_proc: 48, res :3410.03963, info: 4.00000, Average time: 0.17150s
++++++++++++++++++++++++++++++++++++++
Block, size: 16
Init, value: -1
Babai Serial:
Thread: SR, Res: 3347.31957, Run time: 0.59406s
Block Serial:
Method: ILS_SER, Block size: 16, Res: 60.15863, Run time: 0.73472s
Block OMP:
Block Size: 16, n_proc: 6, res :60.15863, info: 4.00000, Average time: 1.09699s
Block Size: 16, n_proc: 12, res :60.15863, info: 4.00000, Average time: 0.52885s
Block Size: 16, n_proc: 24, res :60.15863, info: 4.00000, Average time: 0.28415s
Block Size: 16, n_proc: 48, res :60.15863, info: 4.00000, Average time: 0.16989s
++++++++++++++++++++++++++++++++++++++
Block, size: 32
Init, value: -1
Babai Serial:
Thread: SR, Res: 3347.31957, Run time: 0.57494s
Block Serial:
Method: ILS_SER, Block size: 32, Res: 60.15863, Run time: 0.75208s
Block OMP:
Block Size: 32, n_proc: 6, res :60.15863, info: 4.00000, Average time: 1.46676s
Block Size: 32, n_proc: 12, res :60.15863, info: 4.00000, Average time: 0.75721s
Block Size: 32, n_proc: 24, res :60.15863, info: 4.00000, Average time: 0.41628s
Block Size: 32, n_proc: 48, res :1213.28659, info: 4.00000, Average time: 0.37908s
++++++++++++++++++++++++++++++++++++++
Block, size: 8
Init, value: 0
Babai Serial:
Thread: SR, Res: 3347.31957, Run time: 0.59338s
Block Serial:
Method: ILS_SER, Block size: 8, Res: 3326.92880, Run time: 0.80857s
Block OMP:
Block Size: 8, n_proc: 6, res :3326.92880, info: 4.00000, Average time: 1.08420s
Block Size: 8, n_proc: 12, res :3371.65678, info: 4.00000, Average time: 0.51525s
Block Size: 8, n_proc: 24, res :3373.09315, info: 4.00000, Average time: 0.28633s
Block Size: 8, n_proc: 48, res :3392.10564, info: 4.00000, Average time: 0.16724s
++++++++++++++++++++++++++++++++++++++
Block, size: 16
Init, value: 0
Babai Serial:
Thread: SR, Res: 3347.31957, Run time: 0.59214s
Block Serial:
Method: ILS_SER, Block size: 16, Res: 60.15863, Run time: 0.73635s
Block OMP:
Block Size: 16, n_proc: 6, res :60.15863, info: 4.00000, Average time: 1.06890s
Block Size: 16, n_proc: 12, res :60.15863, info: 4.00000, Average time: 0.51380s
Block Size: 16, n_proc: 24, res :60.15863, info: 4.00000, Average time: 0.29067s
Block Size: 16, n_proc: 48, res :60.15863, info: 4.00000, Average time: 0.16783s
++++++++++++++++++++++++++++++++++++++
Block, size: 32
Init, value: 0
Babai Serial:
Thread: SR, Res: 3347.31957, Run time: 0.57707s
Block Serial:
Method: ILS_SER, Block size: 32, Res: 60.15863, Run time: 0.75101s
Block OMP:
Block Size: 32, n_proc: 6, res :60.15863, info: 4.00000, Average time: 1.24203s
Block Size: 32, n_proc: 12, res :60.15863, info: 4.00000, Average time: 0.64846s
Block Size: 32, n_proc: 24, res :60.15863, info: 4.00000, Average time: 0.37235s
Block Size: 32, n_proc: 48, res :60.15863, info: 4.00000, Average time: 0.34599s
++++++++++++++++++++++++++++++++++++++
Block, size: 8
Init, value: 1
Babai Serial:
Thread: SR, Res: 3347.31957, Run time: 0.58761s
Block Serial:
Method: ILS_SER, Block size: 8, Res: 3326.92880, Run time: 0.82131s
Block OMP:
Block Size: 8, n_proc: 6, res :3325.60916, info: 4.00000, Average time: 1.04951s
Block Size: 8, n_proc: 12, res :3360.28434, info: 4.00000, Average time: 0.53784s
Block Size: 8, n_proc: 24, res :3378.75723, info: 4.00000, Average time: 0.28850s
Block Size: 8, n_proc: 48, res :3401.54956, info: 4.00000, Average time: 0.17058s
++++++++++++++++++++++++++++++++++++++
Block, size: 16
Init, value: 1
Babai Serial:
Thread: SR, Res: 3347.31957, Run time: 0.59150s
Block Serial:
Method: ILS_SER, Block size: 16, Res: 60.15863, Run time: 0.74298s
Block OMP:
Block Size: 16, n_proc: 6, res :60.15863, info: 4.00000, Average time: 1.04588s
Block Size: 16, n_proc: 12, res :60.15863, info: 4.00000, Average time: 0.52486s
Block Size: 16, n_proc: 24, res :60.15863, info: 4.00000, Average time: 0.28569s
Block Size: 16, n_proc: 48, res :60.15863, info: 4.00000, Average time: 0.16730s
++++++++++++++++++++++++++++++++++++++
Block, size: 32
Init, value: 1
Babai Serial:
Thread: SR, Res: 3347.31957, Run time: 0.57332s
Block Serial:
Method: ILS_SER, Block size: 32, Res: 60.15863, Run time: 0.74976s
Block OMP:
Block Size: 32, n_proc: 6, res :60.15863, info: 4.00000, Average time: 1.25770s
Block Size: 32, n_proc: 12, res :60.15863, info: 4.00000, Average time: 0.66788s
Block Size: 32, n_proc: 24, res :60.15863, info: 4.00000, Average time: 0.37695s
Block Size: 32, n_proc: 48, res :60.15863, info: 4.00000, Average time: 0.35670s
-------------------------------------------
Init, size: 16384
Init, QAM: 4
Init, SNR: 15
init_res:60.1586
Finish Init, time: 3.63376 seconds
-------------------------------------------
++++++++++++++++++++++++++++++++++++++
Block, size: 8
Init, value: -1
Babai Serial:
Thread: SR, Res: 3347.31957, Run time: 0.58635s
Block Serial:
Method: ILS_SER, Block size: 8, Res: 3326.92880, Run time: 0.82198s
Block OMP:
Block Size: 8, n_proc: 6, res :3326.92880, info: 4.00000, Average time: 1.06776s
Block Size: 8, n_proc: 12, res :3367.18413, info: 4.00000, Average time: 0.51669s
Block Size: 8, n_proc: 24, res :3375.82149, info: 4.00000, Average time: 0.28585s
Block Size: 8, n_proc: 48, res :3436.83739, info: 4.00000, Average time: 0.17148s
++++++++++++++++++++++++++++++++++++++
Block, size: 16
Init, value: -1
Babai Serial:
Thread: SR, Res: 3347.31957, Run time: 0.57441s
Block Serial:
Method: ILS_SER, Block size: 16, Res: 60.15863, Run time: 0.73745s
Block OMP:
Block Size: 16, n_proc: 6, res :60.15863, info: 4.00000, Average time: 1.08407s
Block Size: 16, n_proc: 12, res :60.15863, info: 4.00000, Average time: 0.51453s
Block Size: 16, n_proc: 24, res :60.15863, info: 4.00000, Average time: 0.28516s
Block Size: 16, n_proc: 48, res :60.15863, info: 4.00000, Average time: 0.17128s
++++++++++++++++++++++++++++++++++++++
Block, size: 32
Init, value: -1
Babai Serial:
Thread: SR, Res: 3347.31957, Run time: 0.57689s
Block Serial:
Method: ILS_SER, Block size: 32, Res: 60.15863, Run time: 0.76320s
Block OMP:
Block Size: 32, n_proc: 6, res :60.15863, info: 4.00000, Average time: 1.40354s
Block Size: 32, n_proc: 12, res :60.15863, info: 4.00000, Average time: 0.82618s
Block Size: 32, n_proc: 24, res :60.15863, info: 4.00000, Average time: 0.42252s
Block Size: 32, n_proc: 48, res :810.64271, info: 4.00000, Average time: 0.34795s
++++++++++++++++++++++++++++++++++++++
Block, size: 8
Init, value: 0
Babai Serial:
Thread: SR, Res: 3347.31957, Run time: 0.58838s
Block Serial:
Method: ILS_SER, Block size: 8, Res: 3326.92880, Run time: 0.83131s
Block OMP:
Block Size: 8, n_proc: 6, res :3326.92880, info: 4.00000, Average time: 1.04787s
Block Size: 8, n_proc: 12, res :3370.80056, info: 4.00000, Average time: 0.52683s
Block Size: 8, n_proc: 24, res :3390.42182, info: 4.00000, Average time: 0.28723s
Block Size: 8, n_proc: 48, res :3406.01145, info: 4.00000, Average time: 0.17136s
++++++++++++++++++++++++++++++++++++++
Block, size: 16
Init, value: 0
Babai Serial:
Thread: SR, Res: 3347.31957, Run time: 0.57753s
Block Serial:
Method: ILS_SER, Block size: 16, Res: 60.15863, Run time: 0.73701s
Block OMP:
Block Size: 16, n_proc: 6, res :60.15863, info: 4.00000, Average time: 1.05590s
Block Size: 16, n_proc: 12, res :60.15863, info: 4.00000, Average time: 0.51691s
Block Size: 16, n_proc: 24, res :60.15863, info: 4.00000, Average time: 0.28433s
Block Size: 16, n_proc: 48, res :60.15863, info: 4.00000, Average time: 0.17002s
++++++++++++++++++++++++++++++++++++++
Block, size: 32
Init, value: 0
Babai Serial:
Thread: SR, Res: 3347.31957, Run time: 0.58362s
Block Serial:
Method: ILS_SER, Block size: 32, Res: 60.15863, Run time: 0.76320s
Block OMP:
Block Size: 32, n_proc: 6, res :60.15863, info: 4.00000, Average time: 1.26828s
Block Size: 32, n_proc: 12, res :60.15863, info: 4.00000, Average time: 0.65032s
Block Size: 32, n_proc: 24, res :60.15863, info: 4.00000, Average time: 0.36753s
Block Size: 32, n_proc: 48, res :60.15863, info: 3.40000, Average time: 0.31445s
++++++++++++++++++++++++++++++++++++++
Block, size: 8
Init, value: 1
Babai Serial:
Thread: SR, Res: 3347.31957, Run time: 0.57924s
Block Serial:
Method: ILS_SER, Block size: 8, Res: 3326.92880, Run time: 0.81918s
Block OMP:
Block Size: 8, n_proc: 6, res :3326.92880, info: 4.00000, Average time: 1.09519s
Block Size: 8, n_proc: 12, res :3376.94808, info: 4.00000, Average time: 0.52207s
Block Size: 8, n_proc: 24, res :3378.11509, info: 4.00000, Average time: 0.28629s
Block Size: 8, n_proc: 48, res :3409.70919, info: 4.00000, Average time: 0.16790s
++++++++++++++++++++++++++++++++++++++
Block, size: 16
Init, value: 1
Babai Serial:
Thread: SR, Res: 3347.31957, Run time: 0.58020s
Block Serial:
Method: ILS_SER, Block size: 16, Res: 60.15863, Run time: 0.75479s
Block OMP:
Block Size: 16, n_proc: 6, res :60.15863, info: 4.00000, Average time: 1.04668s
Block Size: 16, n_proc: 12, res :60.15863, info: 4.00000, Average time: 0.51524s
Block Size: 16, n_proc: 24, res :60.15863, info: 4.00000, Average time: 0.28482s
Block Size: 16, n_proc: 48, res :60.15863, info: 4.00000, Average time: 0.17033s
++++++++++++++++++++++++++++++++++++++
Block, size: 32
Init, value: 1
Babai Serial:
Thread: SR, Res: 3347.31957, Run time: 0.58583s
Block Serial:
Method: ILS_SER, Block size: 32, Res: 60.15863, Run time: 0.76180s
Block OMP:
Block Size: 32, n_proc: 6, res :60.15863, info: 4.00000, Average time: 1.30294s
Block Size: 32, n_proc: 12, res :60.15863, info: 4.00000, Average time: 0.61326s
Block Size: 32, n_proc: 24, res :60.15863, info: 4.00000, Average time: 0.37536s
Block Size: 32, n_proc: 48, res :60.15863, info: 3.00000, Average time: 0.27576s
-------------------------------------------
-------------------------------------------
Init, size: 16384
Init, QAM: 4
Init, SNR: 35
init_res:6.08827
Finish Init, time: 4.22246 seconds
-------------------------------------------
-1
Method: ILS_SER, Block size: 8, Res: 6.08827, Run time: 0.79289s
8,6,2493.36504,6.08827,6.08827,6.08827,6.08827,6.08827,6.08827,6.08827,6.08827,6.08827,6.08827,6.08827,
8,12,2493.36504,6.08827,6.08827,6.08827,6.08827,6.08827,6.08827,6.08827,6.08827,6.08827,6.08827,6.08827,
8,24,2493.36504,182.41627,6.08827,6.08827,6.08827,6.08827,6.08827,6.08827,6.08827,6.08827,6.08827,6.08827,
8,48,2493.36504,254.79631,6.08827,6.08827,6.08827,6.08827,6.08827,6.08827,6.08827,6.08827,6.08827,6.08827,
-1
Method: ILS_SER, Block size: 16, Res: 6.08827, Run time: 0.75159s
16,6,2493.36504,6.08827,6.08827,6.08827,6.08827,6.08827,6.08827,6.08827,6.08827,6.08827,6.08827,6.08827,
16,12,2493.36504,6.08827,6.08827,6.08827,6.08827,6.08827,6.08827,6.08827,6.08827,6.08827,6.08827,6.08827,
16,24,2493.36504,129.10996,6.08827,6.08827,6.08827,6.08827,6.08827,6.08827,6.08827,6.08827,6.08827,6.08827,
16,48,2493.36504,127.48586,6.08827,6.08827,6.08827,6.08827,6.08827,6.08827,6.08827,6.08827,6.08827,6.08827,
-1
Method: ILS_SER, Block size: 32, Res: 6.08827, Run time: 0.69910s
32,6,2493.36504,129.17944,6.08827,6.08827,6.08827,6.08827,6.08827,6.08827,6.08827,6.08827,6.08827,6.08827,
32,12,2493.36504,6.08827,6.08827,6.08827,6.08827,6.08827,6.08827,6.08827,6.08827,6.08827,6.08827,6.08827,
32,24,2493.36504,6.08827,6.08827,6.08827,6.08827,6.08827,6.08827,6.08827,6.08827,6.08827,6.08827,6.08827,
32,48,2493.36504,128.23246,6.08827,6.08827,6.08827,6.08827,6.08827,6.08827,6.08827,6.08827,6.08827,6.08827,
0
Method: ILS_SER, Block size: 8, Res: 6.08827, Run time: 0.82342s
8,6,11534.72108,4721.95761,6.08827,6.08827,6.08827,6.08827,6.08827,6.08827,6.08827,6.08827,6.08827,6.08827,
8,12,11534.72108,5641.72397,813.57599,6.08827,6.08827,6.08827,6.08827,6.08827,6.08827,6.08827,6.08827,6.08827,
8,24,11534.72108,6250.00598,1246.47297,6.08827,6.08827,6.08827,6.08827,6.08827,6.08827,6.08827,6.08827,6.08827,
8,48,11534.72108,6510.32627,1702.16661,6.08827,6.08827,6.08827,6.08827,6.08827,6.08827,6.08827,6.08827,6.08827,
0
Method: ILS_SER, Block size: 16, Res: 6.08827, Run time: 0.79007s
16,6,11534.72108,4703.80647,127.29071,6.08827,6.08827,6.08827,6.08827,6.08827,6.08827,6.08827,6.08827,6.08827,
16,12,11534.72108,5623.74425,747.30034,6.08827,6.08827,6.08827,6.08827,6.08827,6.08827,6.08827,6.08827,6.08827,
16,24,11534.72108,6224.68790,1387.03808,6.08827,6.08827,6.08827,6.08827,6.08827,6.08827,6.08827,6.08827,6.08827,
16,48,11534.72108,6522.82632,2033.30637,6.08827,6.08827,6.08827,6.08827,6.08827,6.08827,6.08827,6.08827,6.08827,
0
Method: ILS_SER, Block size: 32, Res: 6.08827, Run time: 0.70843s
32,6,11534.72108,3578.99160,6.08827,6.08827,6.08827,6.08827,6.08827,6.08827,6.08827,6.08827,6.08827,6.08827,
32,12,11534.72108,5197.05746,6.08827,6.08827,6.08827,6.08827,6.08827,6.08827,6.08827,6.08827,6.08827,6.08827,
32,24,11534.72108,6080.32025,525.52526,6.08827,6.08827,6.08827,6.08827,6.08827,6.08827,6.08827,6.08827,6.08827,
32,48,11534.72108,7574.81570,1738.84421,6.08827,6.08827,6.08827,6.08827,6.08827,6.08827,6.08827,6.08827,6.08827,
1
Method: ILS_SER, Block size: 8, Res: 6.08827, Run time: 0.85477s
8,6,11620.51589,4639.20872,6.08827,6.08827,6.08827,6.08827,6.08827,6.08827,6.08827,6.08827,6.08827,6.08827,
8,12,11620.51589,5556.26343,857.53165,6.08827,6.08827,6.08827,6.08827,6.08827,6.08827,6.08827,6.08827,6.08827,
8,24,11620.51589,5969.87220,1209.32330,6.08827,6.08827,6.08827,6.08827,6.08827,6.08827,6.08827,6.08827,6.08827,
8,48,11620.51589,6365.27268,1672.09909,6.08827,6.08827,6.08827,6.08827,6.08827,6.08827,6.08827,6.08827,6.08827,
1
Method: ILS_SER, Block size: 16, Res: 6.08827, Run time: 0.73377s
16,6,11620.51589,4576.28978,181.14446,6.08827,6.08827,6.08827,6.08827,6.08827,6.08827,6.08827,6.08827,6.08827,
16,12,11620.51589,5534.19036,857.97325,6.08827,6.08827,6.08827,6.08827,6.08827,6.08827,6.08827,6.08827,6.08827,
16,24,11620.51589,6029.61553,1203.95209,6.08827,6.08827,6.08827,6.08827,6.08827,6.08827,6.08827,6.08827,6.08827,
16,48,11620.51589,6521.39245,1843.91257,6.08827,6.08827,6.08827,6.08827,6.08827,6.08827,6.08827,6.08827,6.08827,
1
Method: ILS_SER, Block size: 32, Res: 6.08827, Run time: 0.70555s
32,6,11620.51589,3573.74842,6.08827,6.08827,6.08827,6.08827,6.08827,6.08827,6.08827,6.08827,6.08827,6.08827,
32,12,11620.51589,5140.37569,6.08827,6.08827,6.08827,6.08827,6.08827,6.08827,6.08827,6.08827,6.08827,6.08827,
32,24,11620.51589,6049.26035,628.94131,6.08827,6.08827,6.08827,6.08827,6.08827,6.08827,6.08827,6.08827,6.08827,
32,48,11620.51589,7592.62524,2692.69343,182.23636,6.08827,6.08827,6.08827,6.08827,6.08827,6.08827,6.08827,6.08827,
Init, size: 16384
Init, QAM: 4
Init, SNR: 35
init_res:6.08827
Finish Init, time: 4.16446 seconds
-------------------------------------------
++++++++++++++++++++++++++++++++++++++
Block, size: 8
Init, value: -1
Babai Serial:
Thread: SR, Res: 6.08827, Run time: 0.58248s
Block Serial:
Method: ILS_SER, Block size: 8, Res: 6.08827, Run time: 0.80687s
Block OMP:
Block Size: 8, n_proc: 6, res :6.08827, info: 4.00000, Average time: 1.04406s
Block Size: 8, n_proc: 12, res :6.08827, info: 4.00000, Average time: 0.51524s
Block Size: 8, n_proc: 24, res :6.08827, info: 4.00000, Average time: 0.28360s
Block Size: 8, n_proc: 48, res :6.08827, info: 4.00000, Average time: 0.16786s
++++++++++++++++++++++++++++++++++++++
Block, size: 16
Init, value: -1
Babai Serial:
Thread: SR, Res: 6.08827, Run time: 0.57284s
Block Serial:
Method: ILS_SER, Block size: 16, Res: 6.08827, Run time: 0.73114s
Block OMP:
Block Size: 16, n_proc: 6, res :6.08827, info: 4.00000, Average time: 1.04289s
Block Size: 16, n_proc: 12, res :6.08827, info: 4.00000, Average time: 0.51220s
Block Size: 16, n_proc: 24, res :6.08827, info: 4.00000, Average time: 0.29189s
Block Size: 16, n_proc: 48, res :6.08827, info: 4.00000, Average time: 0.17614s
++++++++++++++++++++++++++++++++++++++
Block, size: 32
Init, value: -1
Babai Serial:
Thread: SR, Res: 6.08827, Run time: 0.57433s
Block Serial:
Method: ILS_SER, Block size: 32, Res: 6.08827, Run time: 0.69911s
Block OMP:
Block Size: 32, n_proc: 6, res :6.08827, info: 4.00000, Average time: 1.06876s
Block Size: 32, n_proc: 12, res :6.08827, info: 4.00000, Average time: 0.51611s
Block Size: 32, n_proc: 24, res :6.08827, info: 4.00000, Average time: 0.28598s
Block Size: 32, n_proc: 48, res :6.08827, info: 4.00000, Average time: 0.16935s
++++++++++++++++++++++++++++++++++++++
Block, size: 8
Init, value: 0
Babai Serial:
Thread: SR, Res: 6.08827, Run time: 0.59546s
Block Serial:
Method: ILS_SER, Block size: 8, Res: 6.08827, Run time: 0.83286s
Block OMP:
Block Size: 8, n_proc: 6, res :6.08827, info: 4.00000, Average time: 1.07222s
Block Size: 8, n_proc: 12, res :6.08827, info: 4.00000, Average time: 0.51682s
Block Size: 8, n_proc: 24, res :6.08827, info: 4.00000, Average time: 0.28951s
Block Size: 8, n_proc: 48, res :6.08827, info: 4.00000, Average time: 0.16806s
++++++++++++++++++++++++++++++++++++++
Block, size: 16
Init, value: 0
Babai Serial:
Thread: SR, Res: 6.08827, Run time: 0.67702s
Block Serial:
Method: ILS_SER, Block size: 16, Res: 6.08827, Run time: 0.84939s
Block OMP:
Block Size: 16, n_proc: 6, res :6.08827, info: 4.00000, Average time: 1.11542s
Block Size: 16, n_proc: 12, res :6.08827, info: 4.00000, Average time: 0.51611s
Block Size: 16, n_proc: 24, res :6.08827, info: 4.00000, Average time: 0.28466s
Block Size: 16, n_proc: 48, res :6.08827, info: 4.00000, Average time: 0.16853s
++++++++++++++++++++++++++++++++++++++
Block, size: 32
Init, value: 0
Babai Serial:
Thread: SR, Res: 6.08827, Run time: 0.58228s
Block Serial:
Method: ILS_SER, Block size: 32, Res: 6.08827, Run time: 0.72594s
Block OMP:
Block Size: 32, n_proc: 6, res :6.08827, info: 4.00000, Average time: 1.11764s
Block Size: 32, n_proc: 12, res :6.08827, info: 4.00000, Average time: 0.61500s
Block Size: 32, n_proc: 24, res :6.08827, info: 4.00000, Average time: 0.33430s
Block Size: 32, n_proc: 48, res :6.08827, info: 4.00000, Average time: 0.20181s
++++++++++++++++++++++++++++++++++++++
Block, size: 8
Init, value: 1
Babai Serial:
Thread: SR, Res: 6.08827, Run time: 0.57765s
Block Serial:
Method: ILS_SER, Block size: 8, Res: 6.08827, Run time: 0.84595s
Block OMP:
Block Size: 8, n_proc: 6, res :6.08827, info: 4.00000, Average time: 1.04640s
Block Size: 8, n_proc: 12, res :6.08827, info: 4.00000, Average time: 0.55707s
Block Size: 8, n_proc: 24, res :6.08827, info: 4.00000, Average time: 0.29195s
Block Size: 8, n_proc: 48, res :6.08827, info: 4.00000, Average time: 0.18307s
++++++++++++++++++++++++++++++++++++++
Block, size: 16
Init, value: 1
Babai Serial:
Thread: SR, Res: 6.08827, Run time: 0.61559s
Block Serial:
Method: ILS_SER, Block size: 16, Res: 6.08827, Run time: 0.74488s
Block OMP:
Block Size: 16, n_proc: 6, res :6.08827, info: 4.00000, Average time: 1.05760s
Block Size: 16, n_proc: 12, res :6.08827, info: 4.00000, Average time: 0.54292s
Block Size: 16, n_proc: 24, res :6.08827, info: 4.00000, Average time: 0.29374s
Block Size: 16, n_proc: 48, res :6.08827, info: 4.00000, Average time: 0.17330s
++++++++++++++++++++++++++++++++++++++
Block, size: 32
Init, value: 1
Babai Serial:
Thread: SR, Res: 6.08827, Run time: 0.58418s
Block Serial:
Method: ILS_SER, Block size: 32, Res: 6.08827, Run time: 0.70135s
Block OMP:
Block Size: 32, n_proc: 6, res :6.08827, info: 4.00000, Average time: 1.16970s
Block Size: 32, n_proc: 12, res :6.08827, info: 4.00000, Average time: 0.61625s
Block Size: 32, n_proc: 24, res :6.08827, info: 4.00000, Average time: 0.34925s
Block Size: 32, n_proc: 48, res :6.08827, info: 4.00000, Average time: 0.20544s
-------------------------------------------
Init, size: 16384
Init, QAM: 4
Init, SNR: 35
init_res:6.08827
Finish Init, time: 16.34949 seconds
-------------------------------------------
++++++++++++++++++++++++++++++++++++++
Block, size: 8
Init, value: -1
Babai Serial:
Thread: SR, Res: 6.08827, Run time: 0.57092s
Block Serial:
Method: ILS_SER, Block size: 8, Res: 6.08827, Run time: 0.80229s
Block OMP:
Block Size: 8, n_proc: 6, res :6.08827, info: 3.80000, Average time: 0.90169s
Block Size: 8, n_proc: 12, res :6.08827, info: 2.40000, Average time: 0.21674s
Block Size: 8, n_proc: 24, res :6.08827, info: 4.00000, Average time: 0.24596s
Block Size: 8, n_proc: 48, res :6.08827, info: 3.80000, Average time: 0.14515s
++++++++++++++++++++++++++++++++++++++
Block, size: 16
Init, value: -1
Babai Serial:
Thread: SR, Res: 6.08827, Run time: 0.57182s
Block Serial:
Method: ILS_SER, Block size: 16, Res: 6.08827, Run time: 0.73036s
Block OMP:
Block Size: 16, n_proc: 6, res :6.08827, info: 4.00000, Average time: 1.06211s
Block Size: 16, n_proc: 12, res :6.08827, info: 4.00000, Average time: 0.51145s
Block Size: 16, n_proc: 24, res :6.08827, info: 3.60000, Average time: 0.20355s
Block Size: 16, n_proc: 48, res :6.08827, info: 3.80000, Average time: 0.12277s
++++++++++++++++++++++++++++++++++++++
Block, size: 32
Init, value: -1
Babai Serial:
Thread: SR, Res: 6.08827, Run time: 0.57491s
Block Serial:
Method: ILS_SER, Block size: 32, Res: 6.08827, Run time: 0.69570s
Block OMP:
Block Size: 32, n_proc: 6, res :6.08827, info: 3.60000, Average time: 0.73408s
Block Size: 32, n_proc: 12, res :6.08827, info: 4.00000, Average time: 0.51014s
Block Size: 32, n_proc: 24, res :6.08827, info: 4.00000, Average time: 0.28304s
Block Size: 32, n_proc: 48, res :6.08827, info: 4.00000, Average time: 0.16702s
++++++++++++++++++++++++++++++++++++++
Block, size: 8
Init, value: 0
Babai Serial:
Thread: SR, Res: 6.08827, Run time: 0.58341s
Block Serial:
Method: ILS_SER, Block size: 8, Res: 6.08827, Run time: 0.80649s
Block OMP:
Block Size: 8, n_proc: 6, res :6.08827, info: 4.00000, Average time: 1.07128s
Block Size: 8, n_proc: 12, res :6.08827, info: 4.00000, Average time: 0.51256s
Block Size: 8, n_proc: 24, res :6.08827, info: 4.00000, Average time: 0.28916s
Block Size: 8, n_proc: 48, res :6.08827, info: 4.00000, Average time: 0.17150s
++++++++++++++++++++++++++++++++++++++
Block, size: 16
Init, value: 0
Babai Serial:
Thread: SR, Res: 6.08827, Run time: 0.58386s
Block Serial:
Method: ILS_SER, Block size: 16, Res: 6.08827, Run time: 0.74088s
Block OMP:
Block Size: 16, n_proc: 6, res :6.08827, info: 4.00000, Average time: 1.07315s
Block Size: 16, n_proc: 12, res :6.08827, info: 4.00000, Average time: 0.51471s
Block Size: 16, n_proc: 24, res :6.08827, info: 4.00000, Average time: 0.28244s
Block Size: 16, n_proc: 48, res :6.08827, info: 4.00000, Average time: 0.17234s
++++++++++++++++++++++++++++++++++++++
Block, size: 32
Init, value: 0
Babai Serial:
Thread: SR, Res: 6.08827, Run time: 0.57870s
Block Serial:
Method: ILS_SER, Block size: 32, Res: 6.08827, Run time: 0.70454s
Block OMP:
Block Size: 32, n_proc: 6, res :6.08827, info: 4.00000, Average time: 1.13033s
Block Size: 32, n_proc: 12, res :6.08827, info: 4.00000, Average time: 0.62063s
Block Size: 32, n_proc: 24, res :6.08827, info: 4.00000, Average time: 0.34244s
Block Size: 32, n_proc: 48, res :6.08827, info: 3.20000, Average time: 0.16767s
++++++++++++++++++++++++++++++++++++++
Block, size: 8
Init, value: 1
Babai Serial:
Thread: SR, Res: 6.08827, Run time: 0.57616s
Block Serial:
Method: ILS_SER, Block size: 8, Res: 6.08827, Run time: 0.80887s
Block OMP:
Block Size: 8, n_proc: 6, res :6.08827, info: 4.00000, Average time: 1.03179s
Block Size: 8, n_proc: 12, res :6.08827, info: 4.00000, Average time: 0.51175s
Block Size: 8, n_proc: 24, res :6.08827, info: 4.00000, Average time: 0.28580s
Block Size: 8, n_proc: 48, res :6.08827, info: 4.00000, Average time: 0.16908s
++++++++++++++++++++++++++++++++++++++
Block, size: 16
Init, value: 1
Babai Serial:
Thread: SR, Res: 6.08827, Run time: 0.58140s
Block Serial:
Method: ILS_SER, Block size: 16, Res: 6.08827, Run time: 0.75129s
Block OMP:
Block Size: 16, n_proc: 6, res :6.08827, info: 4.00000, Average time: 1.04635s
Block Size: 16, n_proc: 12, res :6.08827, info: 4.00000, Average time: 0.53177s
Block Size: 16, n_proc: 24, res :6.08827, info: 4.00000, Average time: 0.28693s
Block Size: 16, n_proc: 48, res :6.08827, info: 4.00000, Average time: 0.16823s
++++++++++++++++++++++++++++++++++++++
Block, size: 32
Init, value: 1
Babai Serial:
Thread: SR, Res: 6.08827, Run time: 0.57599s
Block Serial:
Method: ILS_SER, Block size: 32, Res: 6.08827, Run time: 0.70432s
Block OMP:
Block Size: 32, n_proc: 6, res :6.08827, info: 4.00000, Average time: 1.17326s
Block Size: 32, n_proc: 12, res :6.08827, info: 4.00000, Average time: 0.59274s
Block Size: 32, n_proc: 24, res :6.08827, info: 4.00000, Average time: 0.34189s
Block Size: 32, n_proc: 48, res :6.08827, info: 3.40000, Average time: 0.18274s
-------------------------------------------