libgomp: Invalid value for environment variable OMP_NUM_THREADS
Maximum Threads: 48
-------------------------------------------
Init, size: 4096
Init, QAM: 64
Init, SNR: 15
init_res:127.388
Finish Init, time: 0.75399 seconds
-------------------------------------------
-1
Method: ILS_SER, Block size: 8, Res: 830.20812, Run time: 0.15956s
8,6,1168.54831,887.54510,880.30313,859.75592,857.45116,846.82458,849.98517,859.87459,852.82099,847.70843,848.86068,852.00675,
8,12,1168.54831,952.21838,912.88279,899.27349,897.65723,890.19156,870.67353,882.52613,864.55266,883.07769,874.20468,871.78082,
8,24,1168.54831,980.26109,1015.24468,988.37818,955.52945,956.21210,929.34055,938.13611,919.48059,940.13938,928.35105,929.30740,
8,48,1168.54831,1038.99106,1146.70759,1161.52034,1152.36185,1121.41305,1083.86521,1097.50140,1057.31147,1054.98563,1020.33214,1031.41159,
-1
Method: ILS_SER, Block size: 16, Res: 842.95159, Run time: 0.05113s
16,6,1168.54831,924.11225,1174.20190,1139.88854,911.80283,909.11099,903.78864,888.77785,878.75054,891.73508,899.41694,868.70322,
16,12,1168.54831,978.07704,1416.08864,1289.83980,1139.51485,1019.08253,959.16891,956.26780,957.06248,947.02058,925.96257,930.04613,
16,24,1168.54831,1056.27318,1574.50750,1595.29798,1482.27657,1365.92583,1204.76727,1124.33679,1051.98306,1043.93813,1043.85619,1035.98963,
16,48,1168.54831,1157.80644,1725.66404,1955.54899,1916.46225,1826.87529,1518.72688,1348.48388,1284.81820,1198.00797,1151.06078,1191.25435,
-1
Method: ILS_SER, Block size: 32, Res: 841.40813, Run time: 0.42434s
32,6,1168.54831,1021.63429,1018.95628,1045.47993,1042.89205,989.72024,950.76515,908.94192,886.59483,888.28868,894.61446,889.87365,
32,12,1168.54831,1130.04862,1170.55098,1191.48505,1104.96362,1185.16874,1231.90600,1095.98128,1042.29281,1034.44965,1017.50686,973.48418,
32,24,1168.54831,1270.99631,1361.18958,1431.69174,1369.53090,1333.55044,1277.86760,1244.72947,1349.67635,1403.70646,1332.62348,1339.90050,
32,48,1168.54831,1400.01089,1605.29549,1664.82350,1687.09481,1730.88256,1636.49068,1603.71368,1505.92743,1440.30181,1429.96791,1400.67393,
0
Method: ILS_SER, Block size: 8, Res: 830.20812, Run time: 0.07026s
8,6,16971.37455,1687.09191,984.20842,879.62975,868.33395,862.11210,854.36201,845.37372,850.29293,847.69055,842.96797,844.56680,
8,12,16971.37455,2320.24461,1370.53427,1008.47913,902.97746,897.72958,893.04145,893.91391,888.12061,872.79229,863.81893,881.10139,
8,24,16971.37455,3399.08717,2078.93245,1454.45084,1079.17352,976.81355,958.75137,953.05977,945.26971,945.83378,916.31917,930.97873,
8,48,16971.37455,4975.51582,2984.98598,2125.93956,1526.99448,1260.37317,1090.63201,1102.42003,1052.07523,1020.22711,1039.45443,1044.31899,
0
Method: ILS_SER, Block size: 16, Res: 842.95159, Run time: 0.05124s
16,6,16971.37455,2668.53690,2020.12741,1391.69210,1043.41672,939.91068,904.71579,875.52193,877.90431,879.51037,878.63619,870.22874,
16,12,16971.37455,3722.77922,2993.62186,2134.78226,1438.71045,1096.86158,1063.32507,980.00420,972.69359,958.62572,941.95965,946.18154,
16,24,16971.37455,5212.77831,4417.89925,3167.94279,2420.02732,1642.19823,1409.24172,1177.97531,1098.28079,1056.72378,1032.05050,1033.67221,
16,48,16971.37455,7163.41984,5974.89796,4889.08499,3289.51392,2558.08696,1966.89405,1562.61464,1343.59020,1275.68916,1141.85530,1194.91992,
0
Method: ILS_SER, Block size: 32, Res: 841.40813, Run time: 0.42276s
32,6,16971.37455,4329.59817,3027.49463,2515.08852,2000.21830,1330.79725,1044.44956,928.84276,914.42761,890.39281,882.94501,885.82755,
32,12,16971.37455,6480.34920,5046.51189,3894.80933,3009.70791,2448.69429,2426.83449,1920.20313,1207.97048,1192.15016,1011.08864,1068.35409,
32,24,16971.37455,9276.85590,7884.19636,6004.34656,4757.02313,3481.96254,2573.40138,1929.50874,2542.06796,2547.80442,2719.50676,1856.16456,
32,48,16971.37455,12786.45101,10472.23966,8841.59018,7447.03659,5792.44085,5063.43664,3442.35974,2982.82656,2393.90805,2281.81789,2057.84706,
1
Method: ILS_SER, Block size: 8, Res: 830.20812, Run time: 0.06754s
8,6,9750.55793,1277.73887,937.28346,868.89539,856.54294,852.32669,848.58714,852.64040,856.62926,849.03943,849.55393,846.77890,
8,12,9750.55793,1662.70788,1161.54253,967.59427,901.09365,899.92668,884.43477,880.73493,871.92614,877.03003,871.11719,865.86330,
8,24,9750.55793,2195.27577,1577.05294,1166.23696,1026.02220,979.49856,937.14870,950.37838,948.10510,920.79365,918.49628,935.27185,
8,48,9750.55793,2951.93263,2251.00239,1810.98692,1282.23935,1148.84166,1139.72405,1037.70775,1075.80655,1071.49773,1016.03515,1007.99752,
1
Method: ILS_SER, Block size: 16, Res: 842.95159, Run time: 0.05125s
16,6,9750.55793,1680.03646,1699.57588,1300.41300,1082.34740,932.18139,893.36390,875.68432,878.23848,886.36788,884.76600,882.56444,
16,12,9750.55793,2432.08531,2371.02791,1862.42294,1411.14378,1247.18916,1055.01941,979.30475,946.76207,948.86388,942.48135,939.26967,
16,24,9750.55793,3123.88652,2801.30001,2557.52073,2180.32772,1607.57474,1343.61292,1225.33215,1107.15335,1053.01915,1054.55841,1040.34350,
16,48,9750.55793,4333.12396,3801.73595,3410.68646,3137.30641,2541.61155,1975.06362,1720.89534,1404.54226,1240.69539,1202.31516,1209.47539,
1
Method: ILS_SER, Block size: 32, Res: 841.40813, Run time: 0.42275s
32,6,9750.55793,2654.10061,1885.56705,1731.76893,1357.46564,1099.25758,959.79744,905.43006,895.61132,904.57218,887.28364,874.99216,
32,12,9750.55793,3735.54556,3025.70841,2181.93467,1633.22196,1836.46109,1542.20057,1357.82236,1195.86701,1066.09043,1075.84590,986.77371,
32,24,9750.55793,5348.18165,4229.85415,3450.23717,2662.21586,2148.76895,1813.67364,1537.67809,1555.65739,1999.03263,1887.48421,1719.48761,
32,48,9750.55793,7045.02908,5938.89196,5019.35462,4138.70672,3391.66794,2804.70062,2431.73631,2020.79750,1917.92271,1775.18655,1711.69666,
Init, size: 4096
Init, QAM: 64
Init, SNR: 15
init_res:127.388
Finish Init, time: 0.48665 seconds
-------------------------------------------
++++++++++++++++++++++++++++++++++++++
Block, size: 8
Init, value: -1
Babai Serial:
Thread: SR, Res: 828.52117, Run time: 0.04702s
Block Serial:
Method: ILS_SER, Block size: 8, Res: 830.20812, Run time: 0.05129s
Block OMP:
Block Size: 8, n_proc: 6, res :847.35425, info: 7.00000, Average time: 0.08551s
Block Size: 8, n_proc: 12, res :881.58780, info: 7.00000, Average time: 0.04615s
Block Size: 8, n_proc: 24, res :934.12418, info: 7.00000, Average time: 0.03067s
Block Size: 8, n_proc: 48, res :1024.58790, info: 7.00000, Average time: 0.02120s
++++++++++++++++++++++++++++++++++++++
Block, size: 16
Init, value: -1
Babai Serial:
Thread: SR, Res: 828.52117, Run time: 0.03606s
Block Serial:
Method: ILS_SER, Block size: 16, Res: 842.95159, Run time: 0.05133s
Block OMP:
Block Size: 16, n_proc: 6, res :882.93531, info: 7.00000, Average time: 0.08503s
Block Size: 16, n_proc: 12, res :929.02284, info: 7.00000, Average time: 0.05474s
Block Size: 16, n_proc: 24, res :1059.56151, info: 7.00000, Average time: 0.02964s
Block Size: 16, n_proc: 48, res :1233.28133, info: 7.00000, Average time: 0.01759s
++++++++++++++++++++++++++++++++++++++
Block, size: 32
Init, value: -1
Babai Serial:
Thread: SR, Res: 828.52117, Run time: 0.03592s
Block Serial:
Method: ILS_SER, Block size: 32, Res: 841.40813, Run time: 0.42555s
Block OMP:
Block Size: 32, n_proc: 6, res :871.12180, info: 7.00000, Average time: 0.86600s
Block Size: 32, n_proc: 12, res :1064.81449, info: 7.00000, Average time: 0.51077s
Block Size: 32, n_proc: 24, res :1324.50180, info: 7.00000, Average time: 0.32500s
Block Size: 32, n_proc: 48, res :1523.51677, info: 7.00000, Average time: 0.25808s
++++++++++++++++++++++++++++++++++++++
Block, size: 8
Init, value: 0
Babai Serial:
Thread: SR, Res: 828.52117, Run time: 0.03905s
Block Serial:
Method: ILS_SER, Block size: 8, Res: 830.20812, Run time: 0.05879s
Block OMP:
Block Size: 8, n_proc: 6, res :851.45262, info: 7.00000, Average time: 0.08388s
Block Size: 8, n_proc: 12, res :874.49728, info: 7.00000, Average time: 0.04887s
Block Size: 8, n_proc: 24, res :954.80324, info: 7.00000, Average time: 0.03115s
Block Size: 8, n_proc: 48, res :1035.12812, info: 7.00000, Average time: 0.02003s
++++++++++++++++++++++++++++++++++++++
Block, size: 16
Init, value: 0
Babai Serial:
Thread: SR, Res: 828.52117, Run time: 0.03610s
Block Serial:
Method: ILS_SER, Block size: 16, Res: 842.95159, Run time: 0.05116s
Block OMP:
Block Size: 16, n_proc: 6, res :879.43017, info: 7.00000, Average time: 0.08945s
Block Size: 16, n_proc: 12, res :938.73832, info: 7.00000, Average time: 0.05263s
Block Size: 16, n_proc: 24, res :1094.69893, info: 7.00000, Average time: 0.02899s
Block Size: 16, n_proc: 48, res :1327.03004, info: 7.00000, Average time: 0.02247s
++++++++++++++++++++++++++++++++++++++
Block, size: 32
Init, value: 0
Babai Serial:
Thread: SR, Res: 828.52117, Run time: 0.03599s
Block Serial:
Method: ILS_SER, Block size: 32, Res: 841.40813, Run time: 0.42666s
Block OMP:
Block Size: 32, n_proc: 6, res :912.18711, info: 7.00000, Average time: 0.89784s
Block Size: 32, n_proc: 12, res :1241.52796, info: 7.00000, Average time: 0.50307s
Block Size: 32, n_proc: 24, res :2441.54151, info: 7.00000, Average time: 0.33062s
Block Size: 32, n_proc: 48, res :2817.64371, info: 7.00000, Average time: 0.25858s
++++++++++++++++++++++++++++++++++++++
Block, size: 8
Init, value: 1
Babai Serial:
Thread: SR, Res: 828.52117, Run time: 0.03862s
Block Serial:
Method: ILS_SER, Block size: 8, Res: 830.20812, Run time: 0.05150s
Block OMP:
Block Size: 8, n_proc: 6, res :857.13709, info: 7.00000, Average time: 0.08902s
Block Size: 8, n_proc: 12, res :890.26721, info: 7.00000, Average time: 0.04697s
Block Size: 8, n_proc: 24, res :925.58112, info: 7.00000, Average time: 0.03060s
Block Size: 8, n_proc: 48, res :1022.32749, info: 7.00000, Average time: 0.02248s
++++++++++++++++++++++++++++++++++++++
Block, size: 16
Init, value: 1
Babai Serial:
Thread: SR, Res: 828.52117, Run time: 0.03799s
Block Serial:
Method: ILS_SER, Block size: 16, Res: 842.95159, Run time: 0.05124s
Block OMP:
Block Size: 16, n_proc: 6, res :891.57985, info: 7.00000, Average time: 0.09025s
Block Size: 16, n_proc: 12, res :955.10023, info: 7.00000, Average time: 0.05387s
Block Size: 16, n_proc: 24, res :1083.75425, info: 7.00000, Average time: 0.03022s
Block Size: 16, n_proc: 48, res :1352.92107, info: 7.00000, Average time: 0.01777s
++++++++++++++++++++++++++++++++++++++
Block, size: 32
Init, value: 1
Babai Serial:
Thread: SR, Res: 828.52117, Run time: 0.03629s
Block Serial:
Method: ILS_SER, Block size: 32, Res: 841.40813, Run time: 0.42649s
Block OMP:
Block Size: 32, n_proc: 6, res :916.30212, info: 7.00000, Average time: 0.87870s
Block Size: 32, n_proc: 12, res :1186.10018, info: 7.00000, Average time: 0.49775s
Block Size: 32, n_proc: 24, res :1383.94907, info: 7.00000, Average time: 0.32650s
Block Size: 32, n_proc: 48, res :2031.15900, info: 7.00000, Average time: 0.25336s
-------------------------------------------
STOP--------------------Init, size: 4096
Init, QAM: 64
Init, SNR: 15
init_res:127.388
Finish Init, time: 1.37805 seconds
-------------------------------------------
++++++++++++++++++++++++++++++++++++++
Block, size: 8
Init, value: -1
Babai Serial:
Thread: SR, Res: 828.52117, Run time: 0.03855s
Block Serial:
Method: ILS_SER, Block size: 8, Res: 830.20812, Run time: 0.05107s
Block OMP:
Block Size: 8, n_proc: 6, res :844.27944, info: 7.00000, Average time: 0.09838s
Block Size: 8, n_proc: 12, res :830.20812, info: 6.40000, Average time: 0.06131s
Block Size: 8, n_proc: 24, res :899.50610, info: 7.00000, Average time: 0.03306s
Block Size: 8, n_proc: 48, res :898.26414, info: 6.80000, Average time: 0.02314s
++++++++++++++++++++++++++++++++++++++
Block, size: 16
Init, value: -1
Babai Serial:
Thread: SR, Res: 828.52117, Run time: 0.03782s
Block Serial:
Method: ILS_SER, Block size: 16, Res: 842.95159, Run time: 0.05085s
Block OMP:
Block Size: 16, n_proc: 6, res :884.22641, info: 7.00000, Average time: 0.08591s
Block Size: 16, n_proc: 12, res :935.48840, info: 7.00000, Average time: 0.05655s
Block Size: 16, n_proc: 24, res :1026.39350, info: 7.00000, Average time: 0.03051s
Block Size: 16, n_proc: 48, res :1182.54171, info: 7.00000, Average time: 0.01870s
++++++++++++++++++++++++++++++++++++++
Block, size: 32
Init, value: -1
Babai Serial:
Thread: SR, Res: 828.52117, Run time: 0.03586s
Block Serial:
Method: ILS_SER, Block size: 32, Res: 841.40813, Run time: 0.42340s
Block OMP:
Block Size: 32, n_proc: 6, res :900.22653, info: 6.60000, Average time: 0.87276s
Block Size: 32, n_proc: 12, res :1058.90962, info: 5.40000, Average time: 0.46467s
Block Size: 32, n_proc: 24, res :1112.64796, info: 2.00000, Average time: 0.30586s
Block Size: 32, n_proc: 48, res :1489.92259, info: 2.00000, Average time: 0.25895s
++++++++++++++++++++++++++++++++++++++
Block, size: 8
Init, value: 0
Babai Serial:
Thread: SR, Res: 828.52117, Run time: 0.03863s
Block Serial:
Method: ILS_SER, Block size: 8, Res: 830.20812, Run time: 0.05148s
Block OMP:
Block Size: 8, n_proc: 6, res :835.21090, info: 7.00000, Average time: 0.08735s
Block Size: 8, n_proc: 12, res :849.57618, info: 6.40000, Average time: 0.05583s
Block Size: 8, n_proc: 24, res :892.20558, info: 7.00000, Average time: 0.03293s
Block Size: 8, n_proc: 48, res :979.51832, info: 7.00000, Average time: 0.02068s
++++++++++++++++++++++++++++++++++++++
Block, size: 16
Init, value: 0
Babai Serial:
Thread: SR, Res: 828.52117, Run time: 0.03588s
Block Serial:
Method: ILS_SER, Block size: 16, Res: 842.95159, Run time: 0.05090s
Block OMP:
Block Size: 16, n_proc: 6, res :833.36430, info: 7.00000, Average time: 0.09675s
Block Size: 16, n_proc: 12, res :874.25988, info: 6.60000, Average time: 0.05926s
Block Size: 16, n_proc: 24, res :1020.47823, info: 7.00000, Average time: 0.03229s
Block Size: 16, n_proc: 48, res :1280.19648, info: 7.00000, Average time: 0.01975s
++++++++++++++++++++++++++++++++++++++
Block, size: 32
Init, value: 0
Babai Serial:
Thread: SR, Res: 828.52117, Run time: 0.03586s
Block Serial:
Method: ILS_SER, Block size: 32, Res: 841.40813, Run time: 0.42322s
Block OMP:
Block Size: 32, n_proc: 6, res :907.75727, info: 7.00000, Average time: 0.88603s
Block Size: 32, n_proc: 12, res :1119.63085, info: 3.00000, Average time: 0.35125s
Block Size: 32, n_proc: 24, res :1806.21470, info: 2.20000, Average time: 0.30915s
Block Size: 32, n_proc: 48, res :2903.76240, info: 2.00000, Average time: 0.25876s
++++++++++++++++++++++++++++++++++++++
Block, size: 8
Init, value: 1
Babai Serial:
Thread: SR, Res: 828.52117, Run time: 0.03594s
Block Serial:
Method: ILS_SER, Block size: 8, Res: 830.20812, Run time: 0.05183s
Block OMP:
Block Size: 8, n_proc: 6, res :832.71586, info: 7.00000, Average time: 0.09326s
Block Size: 8, n_proc: 12, res :860.58871, info: 7.00000, Average time: 0.05823s
Block Size: 8, n_proc: 24, res :864.21383, info: 5.60000, Average time: 0.03067s
Block Size: 8, n_proc: 48, res :958.84084, info: 7.00000, Average time: 0.02090s
++++++++++++++++++++++++++++++++++++++
Block, size: 16
Init, value: 1
Babai Serial:
Thread: SR, Res: 828.52117, Run time: 0.03602s
Block Serial:
Method: ILS_SER, Block size: 16, Res: 842.95159, Run time: 0.05129s
Block OMP:
Block Size: 16, n_proc: 6, res :869.72746, info: 7.00000, Average time: 0.09410s
Block Size: 16, n_proc: 12, res :895.45527, info: 7.00000, Average time: 0.06065s
Block Size: 16, n_proc: 24, res :1055.12025, info: 7.00000, Average time: 0.03226s
Block Size: 16, n_proc: 48, res :1249.69959, info: 7.00000, Average time: 0.02132s
++++++++++++++++++++++++++++++++++++++
Block, size: 32
Init, value: 1
Babai Serial:
Thread: SR, Res: 828.52117, Run time: 0.03617s
Block Serial:
Method: ILS_SER, Block size: 32, Res: 841.40813, Run time: 0.42301s
Block OMP:
Block Size: 32, n_proc: 6, res :910.73611, info: 7.00000, Average time: 0.86037s
Block Size: 32, n_proc: 12, res :1119.70113, info: 4.00000, Average time: 0.38889s
Block Size: 32, n_proc: 24, res :1467.36460, info: 2.00000, Average time: 0.30595s
Block Size: 32, n_proc: 48, res :2167.77962, info: 2.00000, Average time: 0.25696s
-------------------------------------------
-------------------------------------------
Init, size: 4096
Init, QAM: 64
Init, SNR: 35
init_res:12.6826
Finish Init, time: 1.65743 seconds
-------------------------------------------
-1
Method: ILS_SER, Block size: 8, Res: 12.68264, Run time: 0.06071s
8,6,1173.05833,839.55698,12.68264,12.68264,12.68264,12.68264,12.68264,12.68264,12.68264,12.68264,12.68264,12.68264,
8,12,1173.05833,933.38226,128.12986,12.68264,12.68264,12.68264,12.68264,12.68264,12.68264,12.68264,12.68264,12.68264,
8,24,1173.05833,989.45531,496.56272,12.68264,12.68264,12.68264,12.68264,12.68264,12.68264,12.68264,12.68264,12.68264,
8,48,1173.05833,1017.89474,1133.75187,729.99085,12.68264,12.68264,12.68264,12.68264,12.68264,12.68264,12.68264,12.68264,
-1
Method: ILS_SER, Block size: 16, Res: 12.68264, Run time: 0.04678s
16,6,1173.05833,908.11520,112.25337,12.68264,12.68264,12.68264,12.68264,12.68264,12.68264,12.68264,12.68264,12.68264,
16,12,1173.05833,979.57033,779.40065,12.68264,12.68264,12.68264,12.68264,12.68264,12.68264,12.68264,12.68264,12.68264,
16,24,1173.05833,1041.50215,1157.99922,1063.03904,12.68264,12.68264,12.68264,12.68264,12.68264,12.68264,12.68264,12.68264,
16,48,1173.05833,1141.56824,1381.52519,1063.44710,1138.65171,683.89612,12.68264,12.68264,12.68264,12.68264,12.68264,12.68264,
-1
Method: ILS_SER, Block size: 32, Res: 12.68264, Run time: 0.05526s
32,6,1173.05833,952.34163,281.21197,12.68264,12.68264,12.68264,12.68264,12.68264,12.68264,12.68264,12.68264,12.68264,
32,12,1173.05833,1071.60824,1222.69575,465.40259,12.68264,12.68264,12.68264,12.68264,12.68264,12.68264,12.68264,12.68264,
32,24,1173.05833,1211.48146,1473.69592,1409.91786,560.56286,570.47036,325.09747,12.68264,308.74990,273.28648,12.68264,12.68264,
32,48,1173.05833,1418.16144,1550.41037,1669.53296,1822.86789,1492.78468,1151.90172,879.80858,779.96979,652.47955,397.38577,455.15902,
0
Method: ILS_SER, Block size: 8, Res: 12.68264, Run time: 0.05104s
8,6,17193.80135,1621.18920,970.06258,12.68264,12.68264,12.68264,12.68264,12.68264,12.68264,12.68264,12.68264,12.68264,
8,12,17193.80135,2208.80794,1258.21317,796.62144,12.68264,12.68264,12.68264,12.68264,12.68264,12.68264,12.68264,12.68264,
8,24,17193.80135,3184.60398,1850.27866,1394.95712,614.27061,12.68264,12.68264,12.68264,12.68264,12.68264,12.68264,12.68264,
8,48,17193.80135,4544.44390,3105.19632,1698.37518,1365.19038,1197.00748,959.17491,12.68264,12.68264,12.68264,12.68264,12.68264,
0
Method: ILS_SER, Block size: 16, Res: 12.68264, Run time: 0.04649s
16,6,17193.80135,2286.88368,1263.99162,357.33177,12.68264,12.68264,12.68264,12.68264,12.68264,12.68264,12.68264,12.68264,
16,12,17193.80135,3377.99505,2049.20213,1327.91197,1000.75793,12.68264,12.68264,12.68264,12.68264,12.68264,12.68264,12.68264,
16,24,17193.80135,4966.50242,3716.03960,2763.19847,1563.01351,1086.47529,1075.86262,12.68264,12.68264,12.68264,12.68264,12.68264,
16,48,17193.80135,7391.25027,5621.69611,4306.31071,2441.80954,2269.49313,1373.44541,1416.85375,12.68264,12.68264,12.68264,12.68264,
0
Method: ILS_SER, Block size: 32, Res: 12.68264, Run time: 0.05527s
32,6,17193.80135,4538.46825,2925.52553,1311.47813,12.68264,12.68264,12.68264,12.68264,12.68264,12.68264,12.68264,12.68264,
32,12,17193.80135,6453.44196,4380.64274,2457.93455,1307.00634,194.30716,191.47380,12.68264,12.68264,12.68264,12.68264,12.68264,
32,24,17193.80135,9426.76641,6783.88817,4410.07836,2596.75148,2088.04068,1775.80145,739.07633,169.03355,401.86600,521.37584,320.36895,
32,48,17193.80135,12657.89272,10201.68738,9238.18211,8165.21520,7545.64169,5303.28684,4080.68614,2301.36026,2457.38477,1502.98466,1025.09549,
1
Method: ILS_SER, Block size: 8, Res: 12.68264, Run time: 0.06480s
8,6,9661.85610,1163.22441,625.13630,12.68264,12.68264,12.68264,12.68264,12.68264,12.68264,12.68264,12.68264,12.68264,
8,12,9661.85610,1418.89963,1004.61708,199.71402,12.68264,12.68264,12.68264,12.68264,12.68264,12.68264,12.68264,12.68264,
8,24,9661.85610,1978.07332,1335.31563,1061.52682,12.68264,12.68264,12.68264,12.68264,12.68264,12.68264,12.68264,12.68264,
8,48,9661.85610,2777.21056,2070.38489,1541.07335,1156.73255,667.42998,1078.70540,12.68264,12.68264,12.68264,12.68264,12.68264,
1
Method: ILS_SER, Block size: 16, Res: 12.68264, Run time: 0.04669s
16,6,9661.85610,1463.10747,1028.70900,177.42203,12.68264,12.68264,12.68264,12.68264,12.68264,12.68264,12.68264,12.68264,
16,12,9661.85610,2061.71908,1383.69156,1087.24490,309.83474,12.68264,12.68264,12.68264,12.68264,12.68264,12.68264,12.68264,
16,24,9661.85610,2966.21553,2122.42468,1550.65380,1152.63855,607.18687,12.68264,12.68264,12.68264,12.68264,12.68264,12.68264,
16,48,9661.85610,4242.44967,3460.96621,2578.78601,1862.27437,1454.20817,447.86250,492.70984,12.68264,12.68264,12.68264,12.68264,
1
Method: ILS_SER, Block size: 32, Res: 12.68264, Run time: 0.05542s
32,6,9661.85610,2623.32480,1944.95363,913.55124,12.68264,12.68264,12.68264,12.68264,12.68264,12.68264,12.68264,12.68264,
32,12,9661.85610,3761.42764,2755.14451,1600.31755,1384.11985,12.68264,12.68264,12.68264,12.68264,12.68264,12.68264,12.68264,
32,24,9661.85610,5399.57612,3711.78015,3448.54776,1600.86547,668.43847,813.49818,273.93969,207.22782,278.05041,227.59005,12.68264,
32,48,9661.85610,7300.12574,6223.09307,5333.07872,4629.75728,3807.76644,3152.40624,2133.63537,1716.22976,1201.43155,842.85848,779.90467,
Init, size: 4096
Init, QAM: 64
Init, SNR: 35
init_res:12.6826
Finish Init, time: 0.38815 seconds
-------------------------------------------
++++++++++++++++++++++++++++++++++++++
Block, size: 8
Init, value: -1
Babai Serial:
Thread: SR, Res: 840.87034, Run time: 0.04326s
Block Serial:
Method: ILS_SER, Block size: 8, Res: 12.68264, Run time: 0.05070s
Block OMP:
Block Size: 8, n_proc: 6, res :12.68264, info: 7.00000, Average time: 0.08427s
Block Size: 8, n_proc: 12, res :12.68264, info: 7.00000, Average time: 0.04785s
Block Size: 8, n_proc: 24, res :12.68264, info: 7.00000, Average time: 0.03100s
Block Size: 8, n_proc: 48, res :12.68264, info: 7.00000, Average time: 0.02191s
++++++++++++++++++++++++++++++++++++++
Block, size: 16
Init, value: -1
Babai Serial:
Thread: SR, Res: 840.87034, Run time: 0.03587s
Block Serial:
Method: ILS_SER, Block size: 16, Res: 12.68264, Run time: 0.04647s
Block OMP:
Block Size: 16, n_proc: 6, res :12.68264, info: 7.00000, Average time: 0.07803s
Block Size: 16, n_proc: 12, res :12.68264, info: 7.00000, Average time: 0.05047s
Block Size: 16, n_proc: 24, res :12.68264, info: 7.00000, Average time: 0.02938s
Block Size: 16, n_proc: 48, res :12.68264, info: 7.00000, Average time: 0.01688s
++++++++++++++++++++++++++++++++++++++
Block, size: 32
Init, value: -1
Babai Serial:
Thread: SR, Res: 840.87034, Run time: 0.03590s
Block Serial:
Method: ILS_SER, Block size: 32, Res: 12.68264, Run time: 0.05515s
Block OMP:
Block Size: 32, n_proc: 6, res :12.68264, info: 7.00000, Average time: 0.20560s
Block Size: 32, n_proc: 12, res :12.68264, info: 7.00000, Average time: 0.15011s
Block Size: 32, n_proc: 24, res :12.68264, info: 7.00000, Average time: 0.10559s
Block Size: 32, n_proc: 48, res :590.05862, info: 7.00000, Average time: 0.11692s
++++++++++++++++++++++++++++++++++++++
Block, size: 8
Init, value: 0
Babai Serial:
Thread: SR, Res: 840.87034, Run time: 0.03588s
Block Serial:
Method: ILS_SER, Block size: 8, Res: 12.68264, Run time: 0.05102s
Block OMP:
Block Size: 8, n_proc: 6, res :12.68264, info: 7.00000, Average time: 0.08671s
Block Size: 8, n_proc: 12, res :12.68264, info: 7.00000, Average time: 0.04869s
Block Size: 8, n_proc: 24, res :12.68264, info: 7.00000, Average time: 0.03181s
Block Size: 8, n_proc: 48, res :12.68264, info: 7.00000, Average time: 0.02307s
++++++++++++++++++++++++++++++++++++++
Block, size: 16
Init, value: 0
Babai Serial:
Thread: SR, Res: 840.87034, Run time: 0.03588s
Block Serial:
Method: ILS_SER, Block size: 16, Res: 12.68264, Run time: 0.04649s
Block OMP:
Block Size: 16, n_proc: 6, res :12.68264, info: 7.00000, Average time: 0.08765s
Block Size: 16, n_proc: 12, res :12.68264, info: 7.00000, Average time: 0.05119s
Block Size: 16, n_proc: 24, res :12.68264, info: 7.00000, Average time: 0.03096s
Block Size: 16, n_proc: 48, res :143.65057, info: 7.00000, Average time: 0.01851s
++++++++++++++++++++++++++++++++++++++
Block, size: 32
Init, value: 0
Babai Serial:
Thread: SR, Res: 840.87034, Run time: 0.03589s
Block Serial:
Method: ILS_SER, Block size: 32, Res: 12.68264, Run time: 0.05507s
Block OMP:
Block Size: 32, n_proc: 6, res :12.68264, info: 7.00000, Average time: 0.27940s
Block Size: 32, n_proc: 12, res :12.68264, info: 7.00000, Average time: 0.21080s
Block Size: 32, n_proc: 24, res :314.80927, info: 7.00000, Average time: 0.14578s
Block Size: 32, n_proc: 48, res :2039.15748, info: 7.00000, Average time: 0.14111s
++++++++++++++++++++++++++++++++++++++
Block, size: 8
Init, value: 1
Babai Serial:
Thread: SR, Res: 840.87034, Run time: 0.03847s
Block Serial:
Method: ILS_SER, Block size: 8, Res: 12.68264, Run time: 0.05118s
Block OMP:
Block Size: 8, n_proc: 6, res :12.68264, info: 7.00000, Average time: 0.07174s
Block Size: 8, n_proc: 12, res :12.68264, info: 7.00000, Average time: 0.04886s
Block Size: 8, n_proc: 24, res :12.68264, info: 7.00000, Average time: 0.02794s
Block Size: 8, n_proc: 48, res :12.68264, info: 7.00000, Average time: 0.01820s
++++++++++++++++++++++++++++++++++++++
Block, size: 16
Init, value: 1
Babai Serial:
Thread: SR, Res: 840.87034, Run time: 0.03612s
Block Serial:
Method: ILS_SER, Block size: 16, Res: 12.68264, Run time: 0.04655s
Block OMP:
Block Size: 16, n_proc: 6, res :12.68264, info: 7.00000, Average time: 0.08528s
Block Size: 16, n_proc: 12, res :12.68264, info: 7.00000, Average time: 0.04619s
Block Size: 16, n_proc: 24, res :12.68264, info: 7.00000, Average time: 0.03000s
Block Size: 16, n_proc: 48, res :12.68264, info: 7.00000, Average time: 0.01840s
++++++++++++++++++++++++++++++++++++++
Block, size: 32
Init, value: 1
Babai Serial:
Thread: SR, Res: 840.87034, Run time: 0.03599s
Block Serial:
Method: ILS_SER, Block size: 32, Res: 12.68264, Run time: 0.05529s
Block OMP:
Block Size: 32, n_proc: 6, res :12.68264, info: 7.00000, Average time: 0.25088s
Block Size: 32, n_proc: 12, res :12.68264, info: 7.00000, Average time: 0.17409s
Block Size: 32, n_proc: 24, res :261.26852, info: 7.00000, Average time: 0.13945s
Block Size: 32, n_proc: 48, res :1656.71782, info: 7.00000, Average time: 0.12806s
-------------------------------------------
STOP--------------------Init, size: 4096
Init, QAM: 64
Init, SNR: 35
init_res:12.6826
Finish Init, time: 0.07240 seconds
-------------------------------------------
++++++++++++++++++++++++++++++++++++++
Block, size: 8
Init, value: -1
Babai Serial:
Thread: SR, Res: 840.87034, Run time: 0.03599s
Block Serial:
Method: ILS_SER, Block size: 8, Res: 12.68264, Run time: 0.05855s
Block OMP:
Block Size: 8, n_proc: 6, res :12.68264, info: 3.40000, Average time: 0.07231s
Block Size: 8, n_proc: 12, res :12.68264, info: 4.60000, Average time: 0.06074s
Block Size: 8, n_proc: 24, res :12.68264, info: 4.60000, Average time: 0.04205s
Block Size: 8, n_proc: 48, res :12.68264, info: 6.00000, Average time: 0.02414s
++++++++++++++++++++++++++++++++++++++
Block, size: 16
Init, value: -1
Babai Serial:
Thread: SR, Res: 840.87034, Run time: 0.03804s
Block Serial:
Method: ILS_SER, Block size: 16, Res: 12.68264, Run time: 0.04664s
Block OMP:
Block Size: 16, n_proc: 6, res :12.68264, info: 3.40000, Average time: 0.07028s
Block Size: 16, n_proc: 12, res :12.68264, info: 4.80000, Average time: 0.06496s
Block Size: 16, n_proc: 24, res :12.68264, info: 5.80000, Average time: 0.03897s
Block Size: 16, n_proc: 48, res :12.68264, info: 6.60000, Average time: 0.02160s
++++++++++++++++++++++++++++++++++++++
Block, size: 32
Init, value: -1
Babai Serial:
Thread: SR, Res: 840.87034, Run time: 0.03600s
Block Serial:
Method: ILS_SER, Block size: 32, Res: 12.68264, Run time: 0.05531s
Block OMP:
Block Size: 32, n_proc: 6, res :12.68264, info: 3.20000, Average time: 0.19402s
Block Size: 32, n_proc: 12, res :12.68264, info: 4.60000, Average time: 0.13255s
Block Size: 32, n_proc: 24, res :12.68264, info: 5.60000, Average time: 0.09328s
Block Size: 32, n_proc: 48, res :737.77129, info: 5.60000, Average time: 0.09126s
++++++++++++++++++++++++++++++++++++++
Block, size: 8
Init, value: 0
Babai Serial:
Thread: SR, Res: 840.87034, Run time: 0.03599s
Block Serial:
Method: ILS_SER, Block size: 8, Res: 12.68264, Run time: 0.05102s
Block OMP:
Block Size: 8, n_proc: 6, res :12.68264, info: 4.20000, Average time: 0.07903s
Block Size: 8, n_proc: 12, res :12.68264, info: 5.80000, Average time: 0.05339s
Block Size: 8, n_proc: 24, res :12.68264, info: 6.80000, Average time: 0.03367s
Block Size: 8, n_proc: 48, res :12.68264, info: 7.00000, Average time: 0.02081s
++++++++++++++++++++++++++++++++++++++
Block, size: 16
Init, value: 0
Babai Serial:
Thread: SR, Res: 840.87034, Run time: 0.03604s
Block Serial:
Method: ILS_SER, Block size: 16, Res: 12.68264, Run time: 0.04665s
Block OMP:
Block Size: 16, n_proc: 6, res :12.68264, info: 5.40000, Average time: 0.07899s
Block Size: 16, n_proc: 12, res :12.68264, info: 7.00000, Average time: 0.05520s
Block Size: 16, n_proc: 24, res :12.68264, info: 7.00000, Average time: 0.03231s
Block Size: 16, n_proc: 48, res :64.29865, info: 7.00000, Average time: 0.01904s
++++++++++++++++++++++++++++++++++++++
Block, size: 32
Init, value: 0
Babai Serial:
Thread: SR, Res: 840.87034, Run time: 0.03796s
Block Serial:
Method: ILS_SER, Block size: 32, Res: 12.68264, Run time: 0.05517s
Block OMP:
Block Size: 32, n_proc: 6, res :12.68264, info: 5.40000, Average time: 0.28213s
Block Size: 32, n_proc: 12, res :12.68264, info: 6.40000, Average time: 0.18919s
Block Size: 32, n_proc: 24, res :362.12929, info: 6.20000, Average time: 0.14609s
Block Size: 32, n_proc: 48, res :2196.17181, info: 5.80000, Average time: 0.14977s
++++++++++++++++++++++++++++++++++++++
Block, size: 8
Init, value: 1
Babai Serial:
Thread: SR, Res: 840.87034, Run time: 0.03601s
Block Serial:
Method: ILS_SER, Block size: 8, Res: 12.68264, Run time: 0.05106s
Block OMP:
Block Size: 8, n_proc: 6, res :12.68264, info: 3.60000, Average time: 0.07830s
Block Size: 8, n_proc: 12, res :12.68264, info: 5.20000, Average time: 0.06000s
Block Size: 8, n_proc: 24, res :12.68264, info: 5.80000, Average time: 0.04830s
Block Size: 8, n_proc: 48, res :12.68264, info: 6.40000, Average time: 0.02126s
++++++++++++++++++++++++++++++++++++++
Block, size: 16
Init, value: 1
Babai Serial:
Thread: SR, Res: 840.87034, Run time: 0.03588s
Block Serial:
Method: ILS_SER, Block size: 16, Res: 12.68264, Run time: 0.04651s
Block OMP:
Block Size: 16, n_proc: 6, res :12.68264, info: 4.60000, Average time: 0.10633s
Block Size: 16, n_proc: 12, res :12.68264, info: 6.00000, Average time: 0.06610s
Block Size: 16, n_proc: 24, res :12.68264, info: 6.80000, Average time: 0.04343s
Block Size: 16, n_proc: 48, res :12.68264, info: 7.00000, Average time: 0.02017s
++++++++++++++++++++++++++++++++++++++
Block, size: 32
Init, value: 1
Babai Serial:
Thread: SR, Res: 840.87034, Run time: 0.03597s
Block Serial:
Method: ILS_SER, Block size: 32, Res: 12.68264, Run time: 0.05520s
Block OMP:
Block Size: 32, n_proc: 6, res :12.68264, info: 4.20000, Average time: 0.24401s
Block Size: 32, n_proc: 12, res :12.68264, info: 4.80000, Average time: 0.17807s
Block Size: 32, n_proc: 24, res :453.89722, info: 4.40000, Average time: 0.13883s
Block Size: 32, n_proc: 48, res :1340.60484, info: 7.00000, Average time: 0.12844s
-------------------------------------------