libgomp: Invalid value for environment variable OMP_NUM_THREADS
Maximum Threads: 48
-------------------------------------------
Init, size: 4096
Init, QAM: 4
Init, SNR: 15
init_res:27.8359
Finish Init, time: 1.01806 seconds
-------------------------------------------
-1
Method: ILS_SER, Block size: 8, Res: 793.57805, Run time: 0.06246s
8,6,1144.49997,847.00351,517.48745,490.34815,501.75182,717.71860,723.85114,757.46918,672.76729,658.26451,679.22663,799.11095,
8,12,1144.49997,858.95631,665.75946,660.92410,480.98416,679.62534,610.45388,678.14314,736.01017,719.15506,669.66775,748.12320,
8,24,1144.49997,917.99139,791.19807,848.04312,781.14977,421.22298,626.28180,608.05647,614.35377,672.08647,721.84141,673.18952,
8,48,1144.49997,915.36264,781.92471,473.30503,215.48330,963.51015,321.74464,538.79397,475.02385,405.41255,701.16098,705.61583,
-1
Method: ILS_SER, Block size: 16, Res: 27.83595, Run time: 0.04665s
16,6,1144.49997,201.07156,27.83595,27.83595,27.83595,27.83595,27.83595,27.83595,27.83595,27.83595,27.83595,27.83595,
16,12,1144.49997,328.65309,27.83595,27.83595,27.83595,27.83595,27.83595,27.83595,27.83595,27.83595,27.83595,27.83595,
16,24,1144.49997,933.52753,68.41456,27.83595,27.83595,27.83595,27.83595,27.83595,27.83595,27.83595,27.83595,27.83595,
16,48,1144.49997,1039.27808,1008.99852,27.83595,27.83595,27.83595,27.83595,27.83595,27.83595,27.83595,27.83595,27.83595,
-1
Method: ILS_SER, Block size: 32, Res: 27.83595, Run time: 0.04562s
32,6,1144.49997,944.15447,130.48324,27.83595,27.83595,27.83595,27.83595,27.83595,27.83595,27.83595,27.83595,27.83595,
32,12,1144.49997,1038.59470,409.83865,27.83595,240.92016,27.83595,27.83595,27.83595,27.83595,27.83595,27.83595,27.83595,
32,24,1144.49997,1186.88144,729.70318,397.13906,27.83595,27.83595,168.29151,27.83595,27.83595,27.83595,27.83595,27.83595,
32,48,1144.49997,1302.11954,1296.59769,753.37891,546.13755,466.87760,423.50934,353.67754,375.77128,173.31141,27.83595,27.83595,
0
Method: ILS_SER, Block size: 8, Res: 793.57805, Run time: 0.05180s
8,6,2908.94917,871.24422,767.51640,647.56076,528.94834,552.05380,708.46716,702.56747,688.87361,643.31947,758.71918,766.77479,
8,12,2908.94917,928.41637,894.18161,827.69194,584.69456,674.27552,728.76840,650.65535,746.62869,598.93312,724.86470,784.47956,
8,24,2908.94917,1025.89207,990.50244,912.30494,467.57251,820.09610,739.24494,416.38642,680.47917,697.07921,588.69464,648.23583,
8,48,2908.94917,1243.49177,1216.32727,1137.38977,1086.36145,965.50384,966.14891,616.22804,847.58893,823.59451,736.06733,685.87067,
0
Method: ILS_SER, Block size: 16, Res: 27.83595, Run time: 0.04682s
16,6,2908.94917,916.17065,27.83595,27.83595,27.83595,27.83595,27.83595,27.83595,27.83595,27.83595,27.83595,27.83595,
16,12,2908.94917,1026.81071,182.16367,27.83595,27.83595,27.83595,27.83595,27.83595,27.83595,27.83595,27.83595,27.83595,
16,24,2908.94917,1208.66221,1040.68338,97.13190,27.83595,27.83595,27.83595,27.83595,27.83595,27.83595,27.83595,27.83595,
16,48,2908.94917,1513.60240,1377.65564,1026.27381,992.35749,188.17437,27.83595,27.83595,27.83595,27.83595,27.83595,27.83595,
0
Method: ILS_SER, Block size: 32, Res: 27.83595, Run time: 0.04576s
32,6,2908.94917,1145.52227,114.82226,27.83595,27.83595,27.83595,27.83595,27.83595,27.83595,27.83595,27.83595,27.83595,
32,12,2908.94917,1450.19756,735.27982,361.93230,27.83595,27.83595,27.83595,27.83595,27.83595,27.83595,27.83595,27.83595,
32,24,2908.94917,1860.47932,1527.08560,989.35117,526.74685,349.86874,335.86661,286.12920,27.83595,27.83595,182.83215,27.83595,
32,48,2908.94917,2310.90627,1794.38442,1628.24088,1332.94753,779.86773,667.01040,613.84136,562.41205,453.24455,425.09303,391.93210,
1
Method: ILS_SER, Block size: 8, Res: 793.57805, Run time: 0.05171s
8,6,2877.38380,865.97684,804.55859,562.52891,666.26753,525.50502,736.16399,749.83247,661.64734,755.15689,668.96035,790.27217,
8,12,2877.38380,943.59658,860.31214,816.96658,430.70838,750.48723,656.12061,613.29438,549.08795,707.47913,677.69645,702.32708,
8,24,2877.38380,1035.22302,985.67473,935.80467,790.29815,801.23738,720.49223,601.09007,542.60265,734.17676,638.32106,731.95260,
8,48,2877.38380,1222.03258,1189.04308,1102.15431,1049.33482,1005.23108,1029.26070,658.55839,870.62776,687.69624,710.05182,690.28390,
1
Method: ILS_SER, Block size: 16, Res: 27.83595, Run time: 0.04666s
16,6,2877.38380,863.82744,27.83595,27.83595,27.83595,27.83595,27.83595,27.83595,27.83595,27.83595,27.83595,27.83595,
16,12,2877.38380,1026.20255,260.19479,27.83595,27.83595,27.83595,27.83595,27.83595,27.83595,27.83595,27.83595,27.83595,
16,24,2877.38380,1197.43940,1103.67148,330.97376,27.83595,27.83595,27.83595,27.83595,27.83595,27.83595,27.83595,27.83595,
16,48,2877.38380,1520.57334,1526.77554,1342.76022,1375.79290,1191.50501,27.83595,27.83595,27.83595,27.83595,27.83595,27.83595,
1
Method: ILS_SER, Block size: 32, Res: 27.83595, Run time: 0.04579s
32,6,2877.38380,1209.34676,462.77028,27.83595,27.83595,27.83595,27.83595,27.83595,27.83595,27.83595,27.83595,27.83595,
32,12,2877.38380,1486.40694,1110.79452,360.87139,27.83595,27.83595,27.83595,27.83595,27.83595,27.83595,27.83595,27.83595,
32,24,2877.38380,1929.99361,1616.38276,858.25889,363.02847,366.14318,240.33839,415.44955,241.62503,276.65371,212.53217,27.83595,
32,48,2877.38380,2475.48273,2209.75271,2003.86908,1493.91457,848.81577,870.71319,558.47595,631.17148,489.78592,344.04277,432.05041,
Init, size: 4096
Init, QAM: 4
Init, SNR: 15
init_res:27.8359
Finish Init, time: 0.07480 seconds
-------------------------------------------
++++++++++++++++++++++++++++++++++++++
Block, size: 8
Init, value: -1
Babai Serial:
Thread: SR, Res: 69.28187, Run time: 0.04879s
Block Serial:
Method: ILS_SER, Block size: 8, Res: 793.57805, Run time: 0.05130s
Block OMP:
Block Size: 8, n_proc: 6, res :600.84400, num_iter: 4.00000, Average time: 0.05820s
Block Size: 8, n_proc: 12, res :813.12557, num_iter: 4.00000, Average time: 0.03074s
Block Size: 8, n_proc: 24, res :691.22520, num_iter: 4.00000, Average time: 0.01745s
Block Size: 8, n_proc: 48, res :467.74822, num_iter: 4.00000, Average time: 0.01181s
++++++++++++++++++++++++++++++++++++++
Block, size: 16
Init, value: -1
Babai Serial:
Thread: SR, Res: 69.28187, Run time: 0.03581s
Block Serial:
Method: ILS_SER, Block size: 16, Res: 27.83595, Run time: 0.04662s
Block OMP:
Block Size: 16, n_proc: 6, res :27.83595, num_iter: 4.00000, Average time: 0.05560s
Block Size: 16, n_proc: 12, res :27.83595, num_iter: 4.00000, Average time: 0.03081s
Block Size: 16, n_proc: 24, res :27.83595, num_iter: 4.00000, Average time: 0.01914s
Block Size: 16, n_proc: 48, res :27.83595, num_iter: 4.00000, Average time: 0.01498s
++++++++++++++++++++++++++++++++++++++
Block, size: 32
Init, value: -1
Babai Serial:
Thread: SR, Res: 69.28187, Run time: 0.03849s
Block Serial:
Method: ILS_SER, Block size: 32, Res: 27.83595, Run time: 0.04559s
Block OMP:
Block Size: 32, n_proc: 6, res :27.83595, num_iter: 4.00000, Average time: 0.14062s
Block Size: 32, n_proc: 12, res :27.83595, num_iter: 4.00000, Average time: 0.08847s
Block Size: 32, n_proc: 24, res :27.83595, num_iter: 4.00000, Average time: 0.04864s
Block Size: 32, n_proc: 48, res :511.91142, num_iter: 4.00000, Average time: 0.06480s
++++++++++++++++++++++++++++++++++++++
Block, size: 8
Init, value: 0
Babai Serial:
Thread: SR, Res: 69.28187, Run time: 0.03851s
Block Serial:
Method: ILS_SER, Block size: 8, Res: 793.57805, Run time: 0.05162s
Block OMP:
Block Size: 8, n_proc: 6, res :394.69869, num_iter: 4.00000, Average time: 0.05111s
Block Size: 8, n_proc: 12, res :453.73067, num_iter: 4.00000, Average time: 0.03015s
Block Size: 8, n_proc: 24, res :632.24644, num_iter: 4.00000, Average time: 0.01775s
Block Size: 8, n_proc: 48, res :760.45962, num_iter: 4.00000, Average time: 0.01475s
++++++++++++++++++++++++++++++++++++++
Block, size: 16
Init, value: 0
Babai Serial:
Thread: SR, Res: 69.28187, Run time: 0.03581s
Block Serial:
Method: ILS_SER, Block size: 16, Res: 27.83595, Run time: 0.04661s
Block OMP:
Block Size: 16, n_proc: 6, res :27.83595, num_iter: 4.00000, Average time: 0.05870s
Block Size: 16, n_proc: 12, res :27.83595, num_iter: 4.00000, Average time: 0.03180s
Block Size: 16, n_proc: 24, res :27.83595, num_iter: 4.00000, Average time: 0.01893s
Block Size: 16, n_proc: 48, res :27.83595, num_iter: 4.00000, Average time: 0.01452s
++++++++++++++++++++++++++++++++++++++
Block, size: 32
Init, value: 0
Babai Serial:
Thread: SR, Res: 69.28187, Run time: 0.03582s
Block Serial:
Method: ILS_SER, Block size: 32, Res: 27.83595, Run time: 0.04559s
Block OMP:
Block Size: 32, n_proc: 6, res :27.83595, num_iter: 4.00000, Average time: 0.13310s
Block Size: 32, n_proc: 12, res :27.83595, num_iter: 4.00000, Average time: 0.10621s
Block Size: 32, n_proc: 24, res :415.86871, num_iter: 4.00000, Average time: 0.09262s
Block Size: 32, n_proc: 48, res :841.59200, num_iter: 4.00000, Average time: 0.09433s
++++++++++++++++++++++++++++++++++++++
Block, size: 8
Init, value: 1
Babai Serial:
Thread: SR, Res: 69.28187, Run time: 0.03858s
Block Serial:
Method: ILS_SER, Block size: 8, Res: 793.57805, Run time: 0.05163s
Block OMP:
Block Size: 8, n_proc: 6, res :470.66414, num_iter: 4.00000, Average time: 0.05532s
Block Size: 8, n_proc: 12, res :291.11663, num_iter: 4.00000, Average time: 0.03380s
Block Size: 8, n_proc: 24, res :627.36411, num_iter: 4.00000, Average time: 0.01847s
Block Size: 8, n_proc: 48, res :976.32085, num_iter: 4.00000, Average time: 0.01314s
++++++++++++++++++++++++++++++++++++++
Block, size: 16
Init, value: 1
Babai Serial:
Thread: SR, Res: 69.28187, Run time: 0.03585s
Block Serial:
Method: ILS_SER, Block size: 16, Res: 27.83595, Run time: 0.04661s
Block OMP:
Block Size: 16, n_proc: 6, res :27.83595, num_iter: 4.00000, Average time: 0.05764s
Block Size: 16, n_proc: 12, res :27.83595, num_iter: 4.00000, Average time: 0.03401s
Block Size: 16, n_proc: 24, res :27.83595, num_iter: 4.00000, Average time: 0.01997s
Block Size: 16, n_proc: 48, res :27.83595, num_iter: 4.00000, Average time: 0.01336s
++++++++++++++++++++++++++++++++++++++
Block, size: 32
Init, value: 1
Babai Serial:
Thread: SR, Res: 69.28187, Run time: 0.03580s
Block Serial:
Method: ILS_SER, Block size: 32, Res: 27.83595, Run time: 0.04553s
Block OMP:
Block Size: 32, n_proc: 6, res :27.83595, num_iter: 4.00000, Average time: 0.15417s
Block Size: 32, n_proc: 12, res :27.83595, num_iter: 4.00000, Average time: 0.13578s
Block Size: 32, n_proc: 24, res :427.94644, num_iter: 4.00000, Average time: 0.10306s
Block Size: 32, n_proc: 48, res :864.03383, num_iter: 4.00000, Average time: 0.09079s
-------------------------------------------
STOP--------------------Init, size: 4096
Init, QAM: 4
Init, SNR: 15
init_res:27.8359
Finish Init, time: 0.08370 seconds
-------------------------------------------
++++++++++++++++++++++++++++++++++++++
Block, size: 8
Init, value: -1
Babai Serial:
Thread: SR, Res: 69.28187, Run time: 0.03614s
Block Serial:
Method: ILS_SER, Block size: 8, Res: 793.57805, Run time: 0.05122s
Block OMP:
Block Size: 8, n_proc: 6, res :668.04112, num_iter: 4.00000, Average time: 0.05990s
Block Size: 8, n_proc: 12, res :389.47063, num_iter: 3.60000, Average time: 0.03457s
Block Size: 8, n_proc: 24, res :292.82907, num_iter: 4.00000, Average time: 0.01885s
Block Size: 8, n_proc: 48, res :563.32256, num_iter: 4.00000, Average time: 0.01224s
++++++++++++++++++++++++++++++++++++++
Block, size: 16
Init, value: -1
Babai Serial:
Thread: SR, Res: 69.28187, Run time: 0.03583s
Block Serial:
Method: ILS_SER, Block size: 16, Res: 27.83595, Run time: 0.04657s
Block OMP:
Block Size: 16, n_proc: 6, res :27.83595, num_iter: 2.60000, Average time: 0.09105s
Block Size: 16, n_proc: 12, res :27.83595, num_iter: 3.80000, Average time: 0.03792s
Block Size: 16, n_proc: 24, res :27.83595, num_iter: 3.60000, Average time: 0.02203s
Block Size: 16, n_proc: 48, res :27.83595, num_iter: 4.00000, Average time: 0.01222s
++++++++++++++++++++++++++++++++++++++
Block, size: 32
Init, value: -1
Babai Serial:
Thread: SR, Res: 69.28187, Run time: 0.03582s
Block Serial:
Method: ILS_SER, Block size: 32, Res: 27.83595, Run time: 0.04563s
Block OMP:
Block Size: 32, n_proc: 6, res :27.83595, num_iter: 3.00000, Average time: 0.16229s
Block Size: 32, n_proc: 12, res :27.83595, num_iter: 3.40000, Average time: 0.09945s
Block Size: 32, n_proc: 24, res :316.82267, num_iter: 3.20000, Average time: 0.06447s
Block Size: 32, n_proc: 48, res :476.90630, num_iter: 4.00000, Average time: 0.05713s
++++++++++++++++++++++++++++++++++++++
Block, size: 8
Init, value: 0
Babai Serial:
Thread: SR, Res: 69.28187, Run time: 0.03588s
Block Serial:
Method: ILS_SER, Block size: 8, Res: 793.57805, Run time: 0.05172s
Block OMP:
Block Size: 8, n_proc: 6, res :645.87658, num_iter: 4.00000, Average time: 0.05798s
Block Size: 8, n_proc: 12, res :420.55383, num_iter: 3.80000, Average time: 0.03384s
Block Size: 8, n_proc: 24, res :399.61284, num_iter: 4.00000, Average time: 0.01869s
Block Size: 8, n_proc: 48, res :863.79240, num_iter: 3.60000, Average time: 0.01318s
++++++++++++++++++++++++++++++++++++++
Block, size: 16
Init, value: 0
Babai Serial:
Thread: SR, Res: 69.28187, Run time: 0.03809s
Block Serial:
Method: ILS_SER, Block size: 16, Res: 27.83595, Run time: 0.04674s
Block OMP:
Block Size: 16, n_proc: 6, res :27.83595, num_iter: 2.80000, Average time: 0.07018s
Block Size: 16, n_proc: 12, res :27.83595, num_iter: 4.00000, Average time: 0.03492s
Block Size: 16, n_proc: 24, res :27.83595, num_iter: 4.00000, Average time: 0.01906s
Block Size: 16, n_proc: 48, res :27.83595, num_iter: 4.00000, Average time: 0.01502s
++++++++++++++++++++++++++++++++++++++
Block, size: 32
Init, value: 0
Babai Serial:
Thread: SR, Res: 69.28187, Run time: 0.03586s
Block Serial:
Method: ILS_SER, Block size: 32, Res: 27.83595, Run time: 0.04562s
Block OMP:
Block Size: 32, n_proc: 6, res :27.83595, num_iter: 3.20000, Average time: 0.16375s
Block Size: 32, n_proc: 12, res :27.83595, num_iter: 3.20000, Average time: 0.10323s
Block Size: 32, n_proc: 24, res :373.22276, num_iter: 3.40000, Average time: 0.09033s
Block Size: 32, n_proc: 48, res :844.41215, num_iter: 3.80000, Average time: 0.10767s
++++++++++++++++++++++++++++++++++++++
Block, size: 8
Init, value: 1
Babai Serial:
Thread: SR, Res: 69.28187, Run time: 0.03820s
Block Serial:
Method: ILS_SER, Block size: 8, Res: 793.57805, Run time: 0.05170s
Block OMP:
Block Size: 8, n_proc: 6, res :647.23620, num_iter: 4.00000, Average time: 0.05959s
Block Size: 8, n_proc: 12, res :683.06931, num_iter: 3.60000, Average time: 0.03061s
Block Size: 8, n_proc: 24, res :524.07130, num_iter: 4.00000, Average time: 0.02100s
Block Size: 8, n_proc: 48, res :735.74479, num_iter: 4.00000, Average time: 0.01366s
++++++++++++++++++++++++++++++++++++++
Block, size: 16
Init, value: 1
Babai Serial:
Thread: SR, Res: 69.28187, Run time: 0.03590s
Block Serial:
Method: ILS_SER, Block size: 16, Res: 27.83595, Run time: 0.04664s
Block OMP:
Block Size: 16, n_proc: 6, res :27.83595, num_iter: 3.40000, Average time: 0.07020s
Block Size: 16, n_proc: 12, res :27.83595, num_iter: 4.00000, Average time: 0.03378s
Block Size: 16, n_proc: 24, res :27.83595, num_iter: 4.00000, Average time: 0.02028s
Block Size: 16, n_proc: 48, res :27.83595, num_iter: 4.00000, Average time: 0.01185s
++++++++++++++++++++++++++++++++++++++
Block, size: 32
Init, value: 1
Babai Serial:
Thread: SR, Res: 69.28187, Run time: 0.03587s
Block Serial:
Method: ILS_SER, Block size: 32, Res: 27.83595, Run time: 0.04561s
Block OMP:
Block Size: 32, n_proc: 6, res :27.83595, num_iter: 3.80000, Average time: 0.17226s
Block Size: 32, n_proc: 12, res :27.83595, num_iter: 4.00000, Average time: 0.11711s
Block Size: 32, n_proc: 24, res :326.65282, num_iter: 3.40000, Average time: 0.08200s
Block Size: 32, n_proc: 48, res :1011.21426, num_iter: 4.00000, Average time: 0.11238s
-------------------------------------------
-------------------------------------------
Init, size: 4096
Init, QAM: 4
Init, SNR: 35
init_res:2.80665
Finish Init, time: 4.54756 seconds
-------------------------------------------
-1
Method: ILS_SER, Block size: 8, Res: 2.80665, Run time: 0.06127s
8,6,2.80665,2.80665,2.80665,2.80665,2.80665,2.80665,2.80665,2.80665,2.80665,2.80665,2.80665,2.80665,
8,12,2.80665,2.80665,2.80665,2.80665,2.80665,2.80665,2.80665,2.80665,2.80665,2.80665,2.80665,2.80665,
8,24,2.80665,2.80665,2.80665,2.80665,2.80665,2.80665,2.80665,2.80665,2.80665,2.80665,2.80665,2.80665,
8,48,2.80665,2.80665,2.80665,2.80665,2.80665,2.80665,2.80665,2.80665,2.80665,2.80665,2.80665,2.80665,
-1
Method: ILS_SER, Block size: 16, Res: 2.80665, Run time: 0.04663s
16,6,2.80665,2.80665,2.80665,2.80665,2.80665,2.80665,2.80665,2.80665,2.80665,2.80665,2.80665,2.80665,
16,12,2.80665,2.80665,2.80665,2.80665,2.80665,2.80665,2.80665,2.80665,2.80665,2.80665,2.80665,2.80665,
16,24,2.80665,2.80665,2.80665,2.80665,2.80665,2.80665,2.80665,2.80665,2.80665,2.80665,2.80665,2.80665,
16,48,2.80665,2.80665,2.80665,2.80665,2.80665,2.80665,2.80665,2.80665,2.80665,2.80665,2.80665,2.80665,
-1
Method: ILS_SER, Block size: 32, Res: 2.80665, Run time: 0.04445s
32,6,2.80665,2.80665,2.80665,2.80665,2.80665,2.80665,2.80665,2.80665,2.80665,2.80665,2.80665,2.80665,
32,12,2.80665,2.80665,2.80665,2.80665,2.80665,2.80665,2.80665,2.80665,2.80665,2.80665,2.80665,2.80665,
32,24,2.80665,2.80665,2.80665,2.80665,2.80665,2.80665,2.80665,2.80665,2.80665,2.80665,2.80665,2.80665,
32,48,2.80665,2.80665,2.80665,2.80665,2.80665,2.80665,2.80665,2.80665,2.80665,2.80665,2.80665,2.80665,
0
Method: ILS_SER, Block size: 8, Res: 2.80665, Run time: 0.05148s
8,6,2858.67936,665.89495,2.80665,2.80665,2.80665,2.80665,2.80665,2.80665,2.80665,2.80665,2.80665,2.80665,
8,12,2858.67936,883.66825,2.80665,2.80665,2.80665,2.80665,2.80665,2.80665,2.80665,2.80665,2.80665,2.80665,
8,24,2858.67936,1003.91059,154.19159,2.80665,2.80665,2.80665,2.80665,2.80665,2.80665,2.80665,2.80665,2.80665,
8,48,2858.67936,1205.47040,968.26172,62.82871,2.80665,2.80665,2.80665,2.80665,2.80665,2.80665,2.80665,2.80665,
0
Method: ILS_SER, Block size: 16, Res: 2.80665, Run time: 0.04656s
16,6,2858.67936,924.76827,2.80665,2.80665,2.80665,2.80665,2.80665,2.80665,2.80665,2.80665,2.80665,2.80665,
16,12,2858.67936,1003.58941,292.55965,2.80665,2.80665,2.80665,2.80665,2.80665,2.80665,2.80665,2.80665,2.80665,
16,24,2858.67936,1193.65318,674.90111,266.05097,2.80665,2.80665,2.80665,2.80665,2.80665,2.80665,2.80665,2.80665,
16,48,2858.67936,1620.80756,1371.55484,1236.44961,481.79948,65.15327,2.80665,2.80665,2.80665,2.80665,2.80665,2.80665,
0
Method: ILS_SER, Block size: 32, Res: 2.80665, Run time: 0.04435s
32,6,2858.67936,1071.35440,212.62041,2.80665,2.80665,2.80665,2.80665,2.80665,2.80665,2.80665,2.80665,2.80665,
32,12,2858.67936,1399.99297,554.45972,392.65397,293.66311,2.80665,2.80665,2.80665,198.40360,2.80665,2.80665,2.80665,
32,24,2858.67936,1802.92771,1369.69011,761.40486,486.29094,309.60005,2.80665,142.52896,2.80665,2.80665,2.80665,2.80665,
32,48,2858.67936,2305.18536,2021.68966,1668.59255,1105.38138,795.45455,671.82068,635.79756,482.79977,436.40113,443.38325,516.55553,
1
Method: ILS_SER, Block size: 8, Res: 2.80665, Run time: 0.06674s
8,6,2888.59563,291.87432,2.80665,2.80665,2.80665,2.80665,2.80665,2.80665,2.80665,2.80665,2.80665,2.80665,
8,12,2888.59563,767.04931,2.80665,2.80665,2.80665,2.80665,2.80665,2.80665,2.80665,2.80665,2.80665,2.80665,
8,24,2888.59563,1002.14105,354.96456,2.80665,2.80665,2.80665,2.80665,2.80665,2.80665,2.80665,2.80665,2.80665,
8,48,2888.59563,1192.84226,976.58668,425.33097,2.80665,2.80665,2.80665,2.80665,2.80665,2.80665,2.80665,2.80665,
1
Method: ILS_SER, Block size: 16, Res: 2.80665, Run time: 0.04671s
16,6,2888.59563,913.39552,2.80665,2.80665,2.80665,2.80665,2.80665,2.80665,2.80665,2.80665,2.80665,2.80665,
16,12,2888.59563,1013.15290,190.84176,2.80665,2.80665,2.80665,2.80665,2.80665,2.80665,2.80665,2.80665,2.80665,
16,24,2888.59563,1222.39728,1044.27615,130.32504,2.80665,2.80665,2.80665,2.80665,2.80665,2.80665,2.80665,2.80665,
16,48,2888.59563,1511.08055,1457.60419,835.06977,828.94159,2.80665,2.80665,2.80665,2.80665,2.80665,2.80665,2.80665,
1
Method: ILS_SER, Block size: 32, Res: 2.80665, Run time: 0.04452s
32,6,2888.59563,1101.32380,2.80665,2.80665,2.80665,2.80665,2.80665,2.80665,2.80665,2.80665,2.80665,2.80665,
32,12,2888.59563,1394.37202,454.31856,2.80665,2.80665,2.80665,2.80665,2.80665,2.80665,2.80665,2.80665,2.80665,
32,24,2888.59563,1798.82459,1162.56878,631.50493,565.83969,216.18567,225.22522,270.58886,2.80665,2.80665,2.80665,2.80665,
32,48,2888.59563,2387.87895,2055.25838,1720.89513,1317.80488,814.98974,616.56069,557.17667,503.40732,548.23876,455.98093,305.78176,
Init, size: 4096
Init, QAM: 4
Init, SNR: 35
init_res:2.80665
Finish Init, time: 0.07125 seconds
-------------------------------------------
++++++++++++++++++++++++++++++++++++++
Block, size: 8
Init, value: -1
Babai Serial:
Thread: SR, Res: 2.80665, Run time: 0.04316s
Block Serial:
Method: ILS_SER, Block size: 8, Res: 2.80665, Run time: 0.05071s
Block OMP:
Block Size: 8, n_proc: 6, res :2.80665, num_iter: 4.00000, Average time: 0.05448s
Block Size: 8, n_proc: 12, res :2.80665, num_iter: 4.00000, Average time: 0.03052s
Block Size: 8, n_proc: 24, res :2.80665, num_iter: 4.00000, Average time: 0.01762s
Block Size: 8, n_proc: 48, res :2.80665, num_iter: 4.00000, Average time: 0.01632s
++++++++++++++++++++++++++++++++++++++
Block, size: 16
Init, value: -1
Babai Serial:
Thread: SR, Res: 2.80665, Run time: 0.03579s
Block Serial:
Method: ILS_SER, Block size: 16, Res: 2.80665, Run time: 0.04646s
Block OMP:
Block Size: 16, n_proc: 6, res :2.80665, num_iter: 4.00000, Average time: 0.05910s
Block Size: 16, n_proc: 12, res :2.80665, num_iter: 4.00000, Average time: 0.03301s
Block Size: 16, n_proc: 24, res :2.80665, num_iter: 4.00000, Average time: 0.01824s
Block Size: 16, n_proc: 48, res :2.80665, num_iter: 4.00000, Average time: 0.01672s
++++++++++++++++++++++++++++++++++++++
Block, size: 32
Init, value: -1
Babai Serial:
Thread: SR, Res: 2.80665, Run time: 0.03759s
Block Serial:
Method: ILS_SER, Block size: 32, Res: 2.80665, Run time: 0.04452s
Block OMP:
Block Size: 32, n_proc: 6, res :2.80665, num_iter: 4.00000, Average time: 0.05292s
Block Size: 32, n_proc: 12, res :2.80665, num_iter: 4.00000, Average time: 0.03011s
Block Size: 32, n_proc: 24, res :2.80665, num_iter: 4.00000, Average time: 0.01705s
Block Size: 32, n_proc: 48, res :2.80665, num_iter: 4.00000, Average time: 0.01395s
++++++++++++++++++++++++++++++++++++++
Block, size: 8
Init, value: 0
Babai Serial:
Thread: SR, Res: 2.80665, Run time: 0.03857s
Block Serial:
Method: ILS_SER, Block size: 8, Res: 2.80665, Run time: 0.05126s
Block OMP:
Block Size: 8, n_proc: 6, res :2.80665, num_iter: 4.00000, Average time: 0.05449s
Block Size: 8, n_proc: 12, res :2.80665, num_iter: 4.00000, Average time: 0.03161s
Block Size: 8, n_proc: 24, res :2.80665, num_iter: 4.00000, Average time: 0.01844s
Block Size: 8, n_proc: 48, res :2.80665, num_iter: 4.00000, Average time: 0.01639s
++++++++++++++++++++++++++++++++++++++
Block, size: 16
Init, value: 0
Babai Serial:
Thread: SR, Res: 2.80665, Run time: 0.03855s
Block Serial:
Method: ILS_SER, Block size: 16, Res: 2.80665, Run time: 0.04648s
Block OMP:
Block Size: 16, n_proc: 6, res :2.80665, num_iter: 4.00000, Average time: 0.05628s
Block Size: 16, n_proc: 12, res :2.80665, num_iter: 4.00000, Average time: 0.03125s
Block Size: 16, n_proc: 24, res :2.80665, num_iter: 4.00000, Average time: 0.01760s
Block Size: 16, n_proc: 48, res :2.80665, num_iter: 4.00000, Average time: 0.01587s
++++++++++++++++++++++++++++++++++++++
Block, size: 32
Init, value: 0
Babai Serial:
Thread: SR, Res: 2.80665, Run time: 0.03806s
Block Serial:
Method: ILS_SER, Block size: 32, Res: 2.80665, Run time: 0.04434s
Block OMP:
Block Size: 32, n_proc: 6, res :2.80665, num_iter: 4.00000, Average time: 0.13402s
Block Size: 32, n_proc: 12, res :2.80665, num_iter: 4.00000, Average time: 0.08877s
Block Size: 32, n_proc: 24, res :392.05796, num_iter: 4.00000, Average time: 0.07236s
Block Size: 32, n_proc: 48, res :902.57584, num_iter: 4.00000, Average time: 0.09778s
++++++++++++++++++++++++++++++++++++++
Block, size: 8
Init, value: 1
Babai Serial:
Thread: SR, Res: 2.80665, Run time: 0.03859s
Block Serial:
Method: ILS_SER, Block size: 8, Res: 2.80665, Run time: 0.05114s
Block OMP:
Block Size: 8, n_proc: 6, res :2.80665, num_iter: 4.00000, Average time: 0.05545s
Block Size: 8, n_proc: 12, res :2.80665, num_iter: 4.00000, Average time: 0.03085s
Block Size: 8, n_proc: 24, res :2.80665, num_iter: 4.00000, Average time: 0.01881s
Block Size: 8, n_proc: 48, res :2.80665, num_iter: 4.00000, Average time: 0.01847s
++++++++++++++++++++++++++++++++++++++
Block, size: 16
Init, value: 1
Babai Serial:
Thread: SR, Res: 2.80665, Run time: 0.03586s
Block Serial:
Method: ILS_SER, Block size: 16, Res: 2.80665, Run time: 0.04650s
Block OMP:
Block Size: 16, n_proc: 6, res :2.80665, num_iter: 4.00000, Average time: 0.05782s
Block Size: 16, n_proc: 12, res :2.80665, num_iter: 4.00000, Average time: 0.03075s
Block Size: 16, n_proc: 24, res :2.80665, num_iter: 4.00000, Average time: 0.01719s
Block Size: 16, n_proc: 48, res :2.80665, num_iter: 4.00000, Average time: 0.01630s
++++++++++++++++++++++++++++++++++++++
Block, size: 32
Init, value: 1
Babai Serial:
Thread: SR, Res: 2.80665, Run time: 0.03585s
Block Serial:
Method: ILS_SER, Block size: 32, Res: 2.80665, Run time: 0.04436s
Block OMP:
Block Size: 32, n_proc: 6, res :2.80665, num_iter: 4.00000, Average time: 0.13882s
Block Size: 32, n_proc: 12, res :2.80665, num_iter: 4.00000, Average time: 0.11253s
Block Size: 32, n_proc: 24, res :355.09645, num_iter: 4.00000, Average time: 0.09869s
Block Size: 32, n_proc: 48, res :819.54537, num_iter: 4.00000, Average time: 0.07619s
-------------------------------------------
STOP--------------------Init, size: 4096
Init, QAM: 4
Init, SNR: 35
init_res:2.80665
Finish Init, time: 0.09597 seconds
-------------------------------------------
++++++++++++++++++++++++++++++++++++++
Block, size: 8
Init, value: -1
Babai Serial:
Thread: SR, Res: 2.80665, Run time: 0.03705s
Block Serial:
Method: ILS_SER, Block size: 8, Res: 2.80665, Run time: 0.05085s
Block OMP:
Block Size: 8, n_proc: 6, res :2.80665, num_iter: 2.00000, Average time: 0.06667s
Block Size: 8, n_proc: 12, res :2.80665, num_iter: 2.00000, Average time: 0.04904s
Block Size: 8, n_proc: 24, res :2.80665, num_iter: 2.00000, Average time: 0.01953s
Block Size: 8, n_proc: 48, res :2.80665, num_iter: 2.00000, Average time: 0.02415s
++++++++++++++++++++++++++++++++++++++
Block, size: 16
Init, value: -1
Babai Serial:
Thread: SR, Res: 2.80665, Run time: 0.03973s
Block Serial:
Method: ILS_SER, Block size: 16, Res: 2.80665, Run time: 0.04760s
Block OMP:
Block Size: 16, n_proc: 6, res :2.80665, num_iter: 2.00000, Average time: 0.05264s
Block Size: 16, n_proc: 12, res :2.80665, num_iter: 2.00000, Average time: 0.07284s
Block Size: 16, n_proc: 24, res :2.80665, num_iter: 2.00000, Average time: 0.02901s
Block Size: 16, n_proc: 48, res :2.80665, num_iter: 2.00000, Average time: 0.02168s
++++++++++++++++++++++++++++++++++++++
Block, size: 32
Init, value: -1
Babai Serial:
Thread: SR, Res: 2.80665, Run time: 0.03587s
Block Serial:
Method: ILS_SER, Block size: 32, Res: 2.80665, Run time: 0.04500s
Block OMP:
Block Size: 32, n_proc: 6, res :2.80665, num_iter: 2.00000, Average time: 0.07190s
Block Size: 32, n_proc: 12, res :2.80665, num_iter: 2.00000, Average time: 0.05736s
Block Size: 32, n_proc: 24, res :2.80665, num_iter: 2.00000, Average time: 0.03005s
Block Size: 32, n_proc: 48, res :2.80665, num_iter: 2.00000, Average time: 0.01476s
++++++++++++++++++++++++++++++++++++++
Block, size: 8
Init, value: 0
Babai Serial:
Thread: SR, Res: 2.80665, Run time: 0.03594s
Block Serial:
Method: ILS_SER, Block size: 8, Res: 2.80665, Run time: 0.05177s
Block OMP:
Block Size: 8, n_proc: 6, res :2.80665, num_iter: 2.60000, Average time: 0.07074s
Block Size: 8, n_proc: 12, res :2.80665, num_iter: 3.80000, Average time: 0.04548s
Block Size: 8, n_proc: 24, res :2.80665, num_iter: 4.00000, Average time: 0.01937s
Block Size: 8, n_proc: 48, res :2.80665, num_iter: 4.00000, Average time: 0.02068s
++++++++++++++++++++++++++++++++++++++
Block, size: 16
Init, value: 0
Babai Serial:
Thread: SR, Res: 2.80665, Run time: 0.03613s
Block Serial:
Method: ILS_SER, Block size: 16, Res: 2.80665, Run time: 0.04654s
Block OMP:
Block Size: 16, n_proc: 6, res :2.80665, num_iter: 3.00000, Average time: 0.07891s
Block Size: 16, n_proc: 12, res :2.80665, num_iter: 4.00000, Average time: 0.03481s
Block Size: 16, n_proc: 24, res :2.80665, num_iter: 4.00000, Average time: 0.02021s
Block Size: 16, n_proc: 48, res :2.80665, num_iter: 4.00000, Average time: 0.01593s
++++++++++++++++++++++++++++++++++++++
Block, size: 32
Init, value: 0
Babai Serial:
Thread: SR, Res: 2.80665, Run time: 0.03593s
Block Serial:
Method: ILS_SER, Block size: 32, Res: 2.80665, Run time: 0.04448s
Block OMP:
Block Size: 32, n_proc: 6, res :2.80665, num_iter: 3.00000, Average time: 0.13819s
Block Size: 32, n_proc: 12, res :2.80665, num_iter: 3.40000, Average time: 0.10450s
Block Size: 32, n_proc: 24, res :291.81085, num_iter: 3.40000, Average time: 0.07466s
Block Size: 32, n_proc: 48, res :782.91616, num_iter: 4.00000, Average time: 0.07840s
++++++++++++++++++++++++++++++++++++++
Block, size: 8
Init, value: 1
Babai Serial:
Thread: SR, Res: 2.80665, Run time: 0.03777s
Block Serial:
Method: ILS_SER, Block size: 8, Res: 2.80665, Run time: 0.05164s
Block OMP:
Block Size: 8, n_proc: 6, res :2.80665, num_iter: 2.60000, Average time: 0.07566s
Block Size: 8, n_proc: 12, res :2.80665, num_iter: 3.40000, Average time: 0.06250s
Block Size: 8, n_proc: 24, res :2.80665, num_iter: 4.00000, Average time: 0.02187s
Block Size: 8, n_proc: 48, res :2.80665, num_iter: 4.00000, Average time: 0.01879s
++++++++++++++++++++++++++++++++++++++
Block, size: 16
Init, value: 1
Babai Serial:
Thread: SR, Res: 2.80665, Run time: 0.03621s
Block Serial:
Method: ILS_SER, Block size: 16, Res: 2.80665, Run time: 0.04762s
Block OMP:
Block Size: 16, n_proc: 6, res :2.80665, num_iter: 3.20000, Average time: 0.06351s
Block Size: 16, n_proc: 12, res :2.80665, num_iter: 4.00000, Average time: 0.03489s
Block Size: 16, n_proc: 24, res :2.80665, num_iter: 4.00000, Average time: 0.01923s
Block Size: 16, n_proc: 48, res :2.80665, num_iter: 4.00000, Average time: 0.01454s
++++++++++++++++++++++++++++++++++++++
Block, size: 32
Init, value: 1
Babai Serial:
Thread: SR, Res: 2.80665, Run time: 0.03848s
Block Serial:
Method: ILS_SER, Block size: 32, Res: 2.80665, Run time: 0.04431s
Block OMP:
Block Size: 32, n_proc: 6, res :2.80665, num_iter: 3.20000, Average time: 0.15465s
Block Size: 32, n_proc: 12, res :2.80665, num_iter: 3.80000, Average time: 0.08884s
Block Size: 32, n_proc: 24, res :253.16334, num_iter: 3.60000, Average time: 0.09747s
Block Size: 32, n_proc: 48, res :778.74466, num_iter: 4.00000, Average time: 0.10247s
-------------------------------------------