\BOOKMARK [0][-]{chapter.1}{\376\377\0001\000\040\000N\000a\000m\000e\000s\000p\000a\000c\000e\000\040\000I\000n\000d\000e\000x}{}% 1
\BOOKMARK [1][-]{section.1.1}{\376\377\0001\000.\0001\000\040\000N\000a\000m\000e\000s\000p\000a\000c\000e\000\040\000L\000i\000s\000t}{chapter.1}% 2
\BOOKMARK [0][-]{chapter.2}{\376\377\0002\000\040\000C\000l\000a\000s\000s\000\040\000I\000n\000d\000e\000x}{}% 3
\BOOKMARK [1][-]{section.2.1}{\376\377\0002\000.\0001\000\040\000C\000l\000a\000s\000s\000\040\000L\000i\000s\000t}{chapter.2}% 4
\BOOKMARK [0][-]{chapter.3}{\376\377\0003\000\040\000F\000i\000l\000e\000\040\000I\000n\000d\000e\000x}{}% 5
\BOOKMARK [1][-]{section.3.1}{\376\377\0003\000.\0001\000\040\000F\000i\000l\000e\000\040\000L\000i\000s\000t}{chapter.3}% 6
\BOOKMARK [0][-]{chapter.4}{\376\377\0004\000\040\000N\000a\000m\000e\000s\000p\000a\000c\000e\000\040\000D\000o\000c\000u\000m\000e\000n\000t\000a\000t\000i\000o\000n}{}% 7
\BOOKMARK [1][-]{section.4.1}{\376\377\0004\000.\0001\000\040\000c\000i\000l\000s\000\040\000N\000a\000m\000e\000s\000p\000a\000c\000e\000\040\000R\000e\000f\000e\000r\000e\000n\000c\000e}{chapter.4}% 8
\BOOKMARK [2][-]{subsection.4.1.1}{\376\377\0004\000.\0001\000.\0001\000\040\000D\000e\000t\000a\000i\000l\000e\000d\000\040\000D\000e\000s\000c\000r\000i\000p\000t\000i\000o\000n}{section.4.1}% 9
\BOOKMARK [2][-]{subsection.4.1.2}{\376\377\0004\000.\0001\000.\0002\000\040\000F\000u\000n\000c\000t\000i\000o\000n\000\040\000D\000o\000c\000u\000m\000e\000n\000t\000a\000t\000i\000o\000n}{section.4.1}% 10
\BOOKMARK [3][-]{subsubsection.4.1.2.1}{\376\377\0004\000.\0001\000.\0002\000.\0001\000\040\000m\000a\000t\000r\000i\000x\000\137\000v\000e\000c\000t\000o\000r\000\137\000m\000u\000l\000t\000\050\000\051\000\040\000[\0001\000/\0002\000]}{subsection.4.1.2}% 11
\BOOKMARK [3][-]{subsubsection.4.1.2.2}{\376\377\0004\000.\0001\000.\0002\000.\0002\000\040\000m\000a\000t\000r\000i\000x\000\137\000v\000e\000c\000t\000o\000r\000\137\000m\000u\000l\000t\000\050\000\051\000\040\000[\0002\000/\0002\000]}{subsection.4.1.2}% 12
\BOOKMARK [1][-]{section.4.2}{\376\377\0004\000.\0002\000\040\000c\000i\000l\000s\000:\000:\000p\000r\000o\000g\000r\000a\000m\000\137\000d\000e\000f\000\040\000N\000a\000m\000e\000s\000p\000a\000c\000e\000\040\000R\000e\000f\000e\000r\000e\000n\000c\000e}{chapter.4}% 13
\BOOKMARK [2][-]{subsection.4.2.1}{\376\377\0004\000.\0002\000.\0001\000\040\000T\000y\000p\000e\000d\000e\000f\000\040\000D\000o\000c\000u\000m\000e\000n\000t\000a\000t\000i\000o\000n}{section.4.2}% 14
\BOOKMARK [3][-]{subsubsection.4.2.1.1}{\376\377\0004\000.\0002\000.\0001\000.\0001\000\040\000i\000n\000d\000e\000x}{subsection.4.2.1}% 15
\BOOKMARK [3][-]{subsubsection.4.2.1.2}{\376\377\0004\000.\0002\000.\0001\000.\0002\000\040\000s\000c\000a\000l\000a\000r}{subsection.4.2.1}% 16
\BOOKMARK [2][-]{subsection.4.2.2}{\376\377\0004\000.\0002\000.\0002\000\040\000F\000u\000n\000c\000t\000i\000o\000n\000\040\000D\000o\000c\000u\000m\000e\000n\000t\000a\000t\000i\000o\000n}{section.4.2}% 17
\BOOKMARK [3][-]{subsubsection.4.2.2.1}{\376\377\0004\000.\0002\000.\0002\000.\0001\000\040\000d\000\137\000s\000\050\000\051}{subsection.4.2.2}% 18
\BOOKMARK [3][-]{subsubsection.4.2.2.2}{\376\377\0004\000.\0002\000.\0002\000.\0002\000\040\000i\000n\000d\000i\000c\000a\000t\000o\000r\000\050\000\051}{subsection.4.2.2}% 19
\BOOKMARK [3][-]{subsubsection.4.2.2.3}{\376\377\0004\000.\0002\000.\0002\000.\0003\000\040\000i\000n\000i\000t\000\137\000g\000u\000e\000s\000s\000\050\000\051}{subsection.4.2.2}% 20
\BOOKMARK [3][-]{subsubsection.4.2.2.4}{\376\377\0004\000.\0002\000.\0002\000.\0004\000\040\000i\000n\000i\000t\000\137\000p\000r\000o\000g\000r\000a\000m\000\137\000d\000e\000f\000\050\000\051}{subsection.4.2.2}% 21
\BOOKMARK [3][-]{subsubsection.4.2.2.5}{\376\377\0004\000.\0002\000.\0002\000.\0005\000\040\000p\000e\000r\000m\000u\000t\000a\000t\000i\000o\000n\000\050\000\051}{subsection.4.2.2}% 22
\BOOKMARK [2][-]{subsection.4.2.3}{\376\377\0004\000.\0002\000.\0003\000\040\000V\000a\000r\000i\000a\000b\000l\000e\000\040\000D\000o\000c\000u\000m\000e\000n\000t\000a\000t\000i\000o\000n}{section.4.2}% 23
\BOOKMARK [3][-]{subsubsection.4.2.3.1}{\376\377\0004\000.\0002\000.\0003\000.\0001\000\040\000b\000l\000o\000c\000k\000\137\000s\000i\000z\000e}{subsection.4.2.3}% 24
\BOOKMARK [3][-]{subsubsection.4.2.3.2}{\376\377\0004\000.\0002\000.\0003\000.\0002\000\040\000c\000h\000u\000n\000k}{subsection.4.2.3}% 25
\BOOKMARK [3][-]{subsubsection.4.2.3.3}{\376\377\0004\000.\0002\000.\0003\000.\0003\000\040\000c\000h\000u\000n\000k\000\137\000s\000i\000z\000e}{subsection.4.2.3}% 26
\BOOKMARK [3][-]{subsubsection.4.2.3.4}{\376\377\0004\000.\0002\000.\0003\000.\0004\000\040\000c\000o\000e\000f\000f}{subsection.4.2.3}% 27
\BOOKMARK [3][-]{subsubsection.4.2.3.5}{\376\377\0004\000.\0002\000.\0003\000.\0005\000\040\000i\000s\000\137\000c\000o\000n\000s\000t\000r\000a\000i\000n\000e\000d}{subsection.4.2.3}% 28
\BOOKMARK [3][-]{subsubsection.4.2.3.6}{\376\377\0004\000.\0002\000.\0003\000.\0006\000\040\000i\000s\000\137\000l\000o\000c\000a\000l}{subsection.4.2.3}% 29
\BOOKMARK [3][-]{subsubsection.4.2.3.7}{\376\377\0004\000.\0002\000.\0003\000.\0007\000\040\000i\000s\000\137\000m\000a\000t\000l\000a\000b}{subsection.4.2.3}% 30
\BOOKMARK [3][-]{subsubsection.4.2.3.8}{\376\377\0004\000.\0002\000.\0003\000.\0008\000\040\000i\000s\000\137\000n\000c}{subsection.4.2.3}% 31
\BOOKMARK [3][-]{subsubsection.4.2.3.9}{\376\377\0004\000.\0002\000.\0003\000.\0009\000\040\000i\000s\000\137\000q\000r}{subsection.4.2.3}% 32
\BOOKMARK [3][-]{subsubsection.4.2.3.10}{\376\377\0004\000.\0002\000.\0003\000.\0001\0000\000\040\000m\000a\000x\000\137\000i\000t\000e\000r}{subsection.4.2.3}% 33
\BOOKMARK [3][-]{subsubsection.4.2.3.11}{\376\377\0004\000.\0002\000.\0003\000.\0001\0001\000\040\000m\000a\000x\000\137\000p\000r\000o\000c}{subsection.4.2.3}% 34
\BOOKMARK [3][-]{subsubsection.4.2.3.12}{\376\377\0004\000.\0002\000.\0003\000.\0001\0002\000\040\000m\000a\000x\000\137\000s\000e\000a\000r\000c\000h}{subsection.4.2.3}% 35
\BOOKMARK [3][-]{subsubsection.4.2.3.13}{\376\377\0004\000.\0002\000.\0003\000.\0001\0003\000\040\000m\000a\000x\000\137\000t\000h\000r\000e}{subsection.4.2.3}% 36
\BOOKMARK [3][-]{subsubsection.4.2.3.14}{\376\377\0004\000.\0002\000.\0003\000.\0001\0004\000\040\000m\000i\000n\000\137\000p\000r\000o\000c}{subsection.4.2.3}% 37
\BOOKMARK [3][-]{subsubsection.4.2.3.15}{\376\377\0004\000.\0002\000.\0003\000.\0001\0005\000\040\000m\000o\000d\000e}{subsection.4.2.3}% 38
\BOOKMARK [3][-]{subsubsection.4.2.3.16}{\376\377\0004\000.\0002\000.\0003\000.\0001\0006\000\040\000n\000u\000m\000\137\000t\000r\000i\000a\000l\000s}{subsection.4.2.3}% 39
\BOOKMARK [3][-]{subsubsection.4.2.3.17}{\376\377\0004\000.\0002\000.\0003\000.\0001\0007\000\040\000o\000f\000f\000s\000e\000t}{subsection.4.2.3}% 40
\BOOKMARK [3][-]{subsubsection.4.2.3.18}{\376\377\0004\000.\0002\000.\0003\000.\0001\0008\000\040\000p\000l\000o\000t\000\137\000i\000t\000r}{subsection.4.2.3}% 41
\BOOKMARK [3][-]{subsubsection.4.2.3.19}{\376\377\0004\000.\0002\000.\0003\000.\0001\0009\000\040\000q}{subsection.4.2.3}% 42
\BOOKMARK [3][-]{subsubsection.4.2.3.20}{\376\377\0004\000.\0002\000.\0003\000.\0002\0000\000\040\000q\000a\000m}{subsection.4.2.3}% 43
\BOOKMARK [3][-]{subsubsection.4.2.3.21}{\376\377\0004\000.\0002\000.\0003\000.\0002\0001\000\040\000s\000c\000h\000e\000d\000u\000l\000e}{subsection.4.2.3}% 44
\BOOKMARK [3][-]{subsubsection.4.2.3.22}{\376\377\0004\000.\0002\000.\0003\000.\0002\0002\000\040\000s\000e\000a\000r\000c\000h\000\137\000i\000t\000e\000r}{subsection.4.2.3}% 45
\BOOKMARK [3][-]{subsubsection.4.2.3.23}{\376\377\0004\000.\0002\000.\0003\000.\0002\0003\000\040\000S\000N\000R}{subsection.4.2.3}% 46
\BOOKMARK [3][-]{subsubsection.4.2.3.24}{\376\377\0004\000.\0002\000.\0003\000.\0002\0004\000\040\000s\000p\000i\000l\000t\000\137\000s\000i\000z\000e}{subsection.4.2.3}% 47
\BOOKMARK [3][-]{subsubsection.4.2.3.25}{\376\377\0004\000.\0002\000.\0003\000.\0002\0005\000\040\000s\000t\000o\000p}{subsection.4.2.3}% 48
\BOOKMARK [3][-]{subsubsection.4.2.3.26}{\376\377\0004\000.\0002\000.\0003\000.\0002\0006\000\040\000v\000e\000r\000b\000o\000s\000e}{subsection.4.2.3}% 49
\BOOKMARK [1][-]{section.4.3}{\376\377\0004\000.\0003\000\040\000h\000e\000l\000p\000e\000r\000\040\000N\000a\000m\000e\000s\000p\000a\000c\000e\000\040\000R\000e\000f\000e\000r\000e\000n\000c\000e}{chapter.4}% 50
\BOOKMARK [2][-]{subsection.4.3.1}{\376\377\0004\000.\0003\000.\0001\000\040\000F\000u\000n\000c\000t\000i\000o\000n\000\040\000D\000o\000c\000u\000m\000e\000n\000t\000a\000t\000i\000o\000n}{section.4.3}% 51
\BOOKMARK [3][-]{subsubsection.4.3.1.1}{\376\377\0004\000.\0003\000.\0001\000.\0001\000\040\000b\000\137\000m\000t\000i\000m\000e\000s\000\050\000\051}{subsection.4.3.1}% 52
\BOOKMARK [3][-]{subsubsection.4.3.1.2}{\376\377\0004\000.\0003\000.\0001\000.\0002\000\040\000b\000\137\000r\000a\000n\000d\000\050\000\051}{subsection.4.3.1}% 53
\BOOKMARK [3][-]{subsubsection.4.3.1.3}{\376\377\0004\000.\0003\000.\0001\000.\0003\000\040\000d\000i\000s\000p\000l\000a\000y\000\137\000m\000a\000t\000r\000i\000x\000\050\000\051}{subsection.4.3.1}% 54
\BOOKMARK [3][-]{subsubsection.4.3.1.4}{\376\377\0004\000.\0003\000.\0001\000.\0004\000\040\000d\000i\000s\000p\000l\000a\000y\000\137\000v\000e\000c\000t\000o\000r\000\050\000\051}{subsection.4.3.1}% 55
\BOOKMARK [3][-]{subsubsection.4.3.1.5}{\376\377\0004\000.\0003\000.\0001\000.\0005\000\040\000e\000y\000e\000\050\000\051}{subsection.4.3.1}% 56
\BOOKMARK [3][-]{subsubsection.4.3.1.6}{\376\377\0004\000.\0003\000.\0001\000.\0006\000\040\000f\000i\000n\000d\000\137\000b\000i\000t\000\137\000e\000r\000r\000o\000r\000\137\000r\000a\000t\000e\000\050\000\051}{subsection.4.3.1}% 57
\BOOKMARK [3][-]{subsubsection.4.3.1.7}{\376\377\0004\000.\0003\000.\0001\000.\0007\000\040\000f\000i\000n\000d\000\137\000r\000e\000s\000i\000d\000u\000a\000l\000\050\000\051}{subsection.4.3.1}% 58
\BOOKMARK [3][-]{subsubsection.4.3.1.8}{\376\377\0004\000.\0003\000.\0001\000.\0008\000\040\000i\000f\000\137\000a\000l\000l\000\137\000x\000\137\000t\000r\000u\000e\000\050\000\051}{subsection.4.3.1}% 59
\BOOKMARK [3][-]{subsubsection.4.3.1.9}{\376\377\0004\000.\0003\000.\0001\000.\0009\000\040\000i\000n\000v\000\050\000\051}{subsection.4.3.1}% 60
\BOOKMARK [3][-]{subsubsection.4.3.1.10}{\376\377\0004\000.\0003\000.\0001\000.\0001\0000\000\040\000l\000e\000n\000g\000t\000h\000\137\000n\000o\000n\000z\000e\000r\000o\000s\000\050\000\051}{subsection.4.3.1}% 61
\BOOKMARK [3][-]{subsubsection.4.3.1.11}{\376\377\0004\000.\0003\000.\0001\000.\0001\0001\000\040\000m\000t\000i\000m\000e\000s\000\050\000\051\000\040\000[\0001\000/\0002\000]}{subsection.4.3.1}% 62
\BOOKMARK [3][-]{subsubsection.4.3.1.12}{\376\377\0004\000.\0003\000.\0001\000.\0001\0002\000\040\000m\000t\000i\000m\000e\000s\000\050\000\051\000\040\000[\0002\000/\0002\000]}{subsection.4.3.1}% 63
\BOOKMARK [3][-]{subsubsection.4.3.1.13}{\376\377\0004\000.\0003\000.\0001\000.\0001\0003\000\040\000m\000t\000i\000m\000e\000s\000\137\000A\000P\000\050\000\051}{subsection.4.3.1}% 64
\BOOKMARK [3][-]{subsubsection.4.3.1.14}{\376\377\0004\000.\0003\000.\0001\000.\0001\0004\000\040\000m\000t\000i\000m\000e\000s\000\137\000A\000x\000y\000\050\000\051}{subsection.4.3.1}% 65
\BOOKMARK [3][-]{subsubsection.4.3.1.15}{\376\377\0004\000.\0003\000.\0001\000.\0001\0005\000\040\000m\000t\000i\000m\000e\000s\000\137\000c\000o\000l\000\050\000\051}{subsection.4.3.1}% 66
\BOOKMARK [3][-]{subsubsection.4.3.1.16}{\376\377\0004\000.\0003\000.\0001\000.\0001\0006\000\040\000m\000t\000i\000m\000e\000s\000\137\000v\000\050\000\051}{subsection.4.3.1}% 67
\BOOKMARK [3][-]{subsubsection.4.3.1.17}{\376\377\0004\000.\0003\000.\0001\000.\0001\0007\000\040\000n\000o\000r\000m\000\050\000\051}{subsection.4.3.1}% 68
\BOOKMARK [3][-]{subsubsection.4.3.1.18}{\376\377\0004\000.\0003\000.\0001\000.\0001\0008\000\040\000p\000l\000a\000n\000e\000r\000o\000t\000\050\000\051}{subsection.4.3.1}% 69
\BOOKMARK [3][-]{subsubsection.4.3.1.19}{\376\377\0004\000.\0003\000.\0001\000.\0001\0009\000\040\000r\000a\000n\000d\000p\000e\000r\000m\000\050\000\051}{subsection.4.3.1}% 70
\BOOKMARK [3][-]{subsubsection.4.3.1.20}{\376\377\0004\000.\0003\000.\0001\000.\0002\0000\000\040\000u\000n\000i\000q\000u\000e\000\137\000v\000e\000c\000t\000o\000r\000\050\000\051}{subsection.4.3.1}% 71
\BOOKMARK [1][-]{section.4.4}{\376\377\0004\000.\0004\000\040\000p\000l\000o\000t\000\137\000h\000e\000l\000p\000e\000r\000\040\000N\000a\000m\000e\000s\000p\000a\000c\000e\000\040\000R\000e\000f\000e\000r\000e\000n\000c\000e}{chapter.4}% 72
\BOOKMARK [2][-]{subsection.4.4.1}{\376\377\0004\000.\0004\000.\0001\000\040\000F\000u\000n\000c\000t\000i\000o\000n\000\040\000D\000o\000c\000u\000m\000e\000n\000t\000a\000t\000i\000o\000n}{section.4.4}% 73
\BOOKMARK [3][-]{subsubsection.4.4.1.1}{\376\377\0004\000.\0004\000.\0001\000.\0001\000\040\000p\000l\000o\000t\000\137\000f\000i\000r\000s\000t\000\137\000b\000l\000o\000c\000k\000\050\000\051}{subsection.4.4.1}% 74
\BOOKMARK [3][-]{subsubsection.4.4.1.2}{\376\377\0004\000.\0004\000.\0001\000.\0002\000\040\000p\000l\000o\000t\000\137\000r\000u\000n\000t\000i\000m\000e\000\050\000\051}{subsection.4.4.1}% 75
\BOOKMARK [3][-]{subsubsection.4.4.1.3}{\376\377\0004\000.\0004\000.\0001\000.\0003\000\040\000p\000l\000o\000t\000\137\000r\000u\000n\000t\000i\000m\000e\000\137\000l\000l\000l\000\050\000\051}{subsection.4.4.1}% 76
\BOOKMARK [3][-]{subsubsection.4.4.1.4}{\376\377\0004\000.\0004\000.\0001\000.\0004\000\040\000p\000l\000o\000t\000\137\000r\000u\000n\000t\000i\000m\000e\000\137\000u\000d\000\050\000\051}{subsection.4.4.1}% 77
\BOOKMARK [2][-]{subsection.4.4.2}{\376\377\0004\000.\0004\000.\0002\000\040\000V\000a\000r\000i\000a\000b\000l\000e\000\040\000D\000o\000c\000u\000m\000e\000n\000t\000a\000t\000i\000o\000n}{section.4.4}% 78
\BOOKMARK [3][-]{subsubsection.4.4.2.1}{\376\377\0004\000.\0004\000.\0002\000.\0001\000\040\000a}{subsection.4.4.2}% 79
\BOOKMARK [3][-]{subsubsection.4.4.2.2}{\376\377\0004\000.\0004\000.\0002\000.\0002\000\040\000b\000e\000r}{subsection.4.4.2}% 80
\BOOKMARK [3][-]{subsubsection.4.4.2.3}{\376\377\0004\000.\0004\000.\0002\000.\0003\000\040\000i\000s\000\137\000c\000o\000n\000s\000t\000r\000a\000i\000n\000e\000d}{subsection.4.4.2}% 81
\BOOKMARK [3][-]{subsubsection.4.4.2.4}{\376\377\0004\000.\0004\000.\0002\000.\0004\000\040\000k}{subsection.4.4.2}% 82
\BOOKMARK [3][-]{subsubsection.4.4.2.5}{\376\377\0004\000.\0004\000.\0002\000.\0005\000\040\000l\000\137\000m\000a\000x}{subsection.4.4.2}% 83
\BOOKMARK [3][-]{subsubsection.4.4.2.6}{\376\377\0004\000.\0004\000.\0002\000.\0006\000\040\000m}{subsection.4.4.2}% 84
\BOOKMARK [3][-]{subsubsection.4.4.2.7}{\376\377\0004\000.\0004\000.\0002\000.\0007\000\040\000m\000a\000x\000\137\000i\000t\000e\000r}{subsection.4.4.2}% 85
\BOOKMARK [3][-]{subsubsection.4.4.2.8}{\376\377\0004\000.\0004\000.\0002\000.\0008\000\040\000m\000a\000x\000\137\000p\000r\000o\000c}{subsection.4.4.2}% 86
\BOOKMARK [3][-]{subsubsection.4.4.2.9}{\376\377\0004\000.\0004\000.\0002\000.\0009\000\040\000m\000i\000n\000\137\000p\000r\000o\000c}{subsection.4.4.2}% 87
\BOOKMARK [3][-]{subsubsection.4.4.2.10}{\376\377\0004\000.\0004\000.\0002\000.\0001\0000\000\040\000n}{subsection.4.4.2}% 88
\BOOKMARK [3][-]{subsubsection.4.4.2.11}{\376\377\0004\000.\0004\000.\0002\000.\0001\0001\000\040\000p\000r\000o\000c\000\137\000n\000u\000m}{subsection.4.4.2}% 89
\BOOKMARK [3][-]{subsubsection.4.4.2.12}{\376\377\0004\000.\0004\000.\0002\000.\0001\0002\000\040\000r\000e\000s}{subsection.4.4.2}% 90
\BOOKMARK [3][-]{subsubsection.4.4.2.13}{\376\377\0004\000.\0004\000.\0002\000.\0001\0003\000\040\000S\000N\000R}{subsection.4.4.2}% 91
\BOOKMARK [3][-]{subsubsection.4.4.2.14}{\376\377\0004\000.\0004\000.\0002\000.\0001\0004\000\040\000s\000p\000u}{subsection.4.4.2}% 92
\BOOKMARK [3][-]{subsubsection.4.4.2.15}{\376\377\0004\000.\0004\000.\0002\000.\0001\0005\000\040\000t\000i\000m}{subsection.4.4.2}% 93
\BOOKMARK [3][-]{subsubsection.4.4.2.16}{\376\377\0004\000.\0004\000.\0002\000.\0001\0006\000\040\000t\000i\000t\000l\000e\0001}{subsection.4.4.2}% 94
\BOOKMARK [3][-]{subsubsection.4.4.2.17}{\376\377\0004\000.\0004\000.\0002\000.\0001\0007\000\040\000t\000i\000t\000l\000e\0003}{subsection.4.4.2}% 95
\BOOKMARK [1][-]{section.4.5}{\376\377\0004\000.\0005\000\040\000p\000y\000\137\000q\000r\000\040\000N\000a\000m\000e\000s\000p\000a\000c\000e\000\040\000R\000e\000f\000e\000r\000e\000n\000c\000e}{chapter.4}% 96
\BOOKMARK [2][-]{subsection.4.5.1}{\376\377\0004\000.\0005\000.\0001\000\040\000F\000u\000n\000c\000t\000i\000o\000n\000\040\000D\000o\000c\000u\000m\000e\000n\000t\000a\000t\000i\000o\000n}{section.4.5}% 97
\BOOKMARK [3][-]{subsubsection.4.5.1.1}{\376\377\0004\000.\0005\000.\0001\000.\0001\000\040\000c\000h\000e\000c\000k\000\137\000m\000e\000m\000\050\000\051}{subsection.4.5.1}% 98
\BOOKMARK [2][-]{subsection.4.5.2}{\376\377\0004\000.\0005\000.\0002\000\040\000V\000a\000r\000i\000a\000b\000l\000e\000\040\000D\000o\000c\000u\000m\000e\000n\000t\000a\000t\000i\000o\000n}{section.4.5}% 99
\BOOKMARK [3][-]{subsubsection.4.5.2.1}{\376\377\0004\000.\0005\000.\0002\000.\0001\000\040\000b\000l\000o\000c\000k\000\137\000m\000e\000m}{subsection.4.5.2}% 100
\BOOKMARK [3][-]{subsubsection.4.5.2.2}{\376\377\0004\000.\0005\000.\0002\000.\0002\000\040\000m\000a\000x\000\137\000m\000e\000m}{subsection.4.5.2}% 101
\BOOKMARK [3][-]{subsubsection.4.5.2.3}{\376\377\0004\000.\0005\000.\0002\000.\0003\000\040\000t\000o\000t\000a\000l}{subsection.4.5.2}% 102
\BOOKMARK [3][-]{subsubsection.4.5.2.4}{\376\377\0004\000.\0005\000.\0002\000.\0004\000\040\000u\000s\000e\000d}{subsection.4.5.2}% 103
\BOOKMARK [3][-]{subsubsection.4.5.2.5}{\376\377\0004\000.\0005\000.\0002\000.\0005\000\040\000x}{subsection.4.5.2}% 104
\BOOKMARK [0][-]{chapter.5}{\376\377\0005\000\040\000C\000l\000a\000s\000s\000\040\000D\000o\000c\000u\000m\000e\000n\000t\000a\000t\000i\000o\000n}{}% 105
\BOOKMARK [1][-]{section.5.1}{\376\377\0005\000.\0001\000\040\000c\000i\000l\000s\000:\000:\000c\000i\000l\000s\000<\000\040\000s\000c\000a\000l\000a\000r\000,\000\040\000i\000n\000d\000e\000x\000,\000\040\000m\000,\000\040\000n\000\040\000>\000\040\000C\000l\000a\000s\000s\000\040\000T\000e\000m\000p\000l\000a\000t\000e\000\040\000R\000e\000f\000e\000r\000e\000n\000c\000e}{chapter.5}% 106
\BOOKMARK [2][-]{subsection.5.1.1}{\376\377\0005\000.\0001\000.\0001\000\040\000D\000e\000t\000a\000i\000l\000e\000d\000\040\000D\000e\000s\000c\000r\000i\000p\000t\000i\000o\000n}{section.5.1}% 107
\BOOKMARK [2][-]{subsection.5.1.2}{\376\377\0005\000.\0001\000.\0002\000\040\000C\000o\000n\000s\000t\000r\000u\000c\000t\000o\000r\000\040\000\046\000\040\000D\000e\000s\000t\000r\000u\000c\000t\000o\000r\000\040\000D\000o\000c\000u\000m\000e\000n\000t\000a\000t\000i\000o\000n}{section.5.1}% 108
\BOOKMARK [3][-]{subsubsection.5.1.2.1}{\376\377\0005\000.\0001\000.\0002\000.\0001\000\040\000c\000i\000l\000s\000\050\000\051}{subsection.5.1.2}% 109
\BOOKMARK [3][-]{subsubsection.5.1.2.2}{\376\377\0005\000.\0001\000.\0002\000.\0002\000\040\000\040\000c\000i\000l\000s\000\050\000\051}{subsection.5.1.2}% 110
\BOOKMARK [2][-]{subsection.5.1.3}{\376\377\0005\000.\0001\000.\0003\000\040\000M\000e\000m\000b\000e\000r\000\040\000F\000u\000n\000c\000t\000i\000o\000n\000\040\000D\000o\000c\000u\000m\000e\000n\000t\000a\000t\000i\000o\000n}{section.5.1}% 111
\BOOKMARK [3][-]{subsubsection.5.1.3.1}{\376\377\0005\000.\0001\000.\0003\000.\0001\000\040\000c\000i\000l\000s\000\137\000b\000a\000b\000a\000i\000\137\000s\000e\000a\000r\000c\000h\000\137\000o\000m\000p\000\050\000\051}{subsection.5.1.3}% 112
\BOOKMARK [3][-]{subsubsection.5.1.3.2}{\376\377\0005\000.\0001\000.\0003\000.\0002\000\040\000c\000i\000l\000s\000\137\000b\000a\000b\000a\000i\000\137\000s\000e\000a\000r\000c\000h\000\137\000s\000e\000r\000i\000a\000l\000\050\000\051}{subsection.5.1.3}% 113
\BOOKMARK [3][-]{subsubsection.5.1.3.3}{\376\377\0005\000.\0001\000.\0003\000.\0003\000\040\000c\000i\000l\000s\000\137\000b\000a\000c\000k\000\137\000s\000o\000l\000v\000e\000\050\000\051}{subsection.5.1.3}% 114
\BOOKMARK [3][-]{subsubsection.5.1.3.4}{\376\377\0005\000.\0001\000.\0003\000.\0004\000\040\000c\000i\000l\000s\000\137\000b\000a\000c\000k\000\137\000s\000o\000l\000v\000e\000\137\000o\000m\000p\000\050\000\051}{subsection.5.1.3}% 115
\BOOKMARK [3][-]{subsubsection.5.1.3.5}{\376\377\0005\000.\0001\000.\0003\000.\0005\000\040\000c\000i\000l\000s\000\137\000b\000l\000o\000c\000k\000\137\000s\000e\000a\000r\000c\000h\000\137\000o\000m\000p\000\050\000\051}{subsection.5.1.3}% 116
\BOOKMARK [3][-]{subsubsection.5.1.3.6}{\376\377\0005\000.\0001\000.\0003\000.\0006\000\040\000c\000i\000l\000s\000\137\000b\000l\000o\000c\000k\000\137\000s\000e\000a\000r\000c\000h\000\137\000s\000e\000r\000i\000a\000l\000\050\000\051}{subsection.5.1.3}% 117
\BOOKMARK [3][-]{subsubsection.5.1.3.7}{\376\377\0005\000.\0001\000.\0003\000.\0007\000\040\000c\000i\000l\000s\000\137\000b\000l\000o\000c\000k\000\137\000s\000e\000a\000r\000c\000h\000\137\000s\000e\000r\000i\000a\000l\000\137\000C\000P\000U\000T\000E\000S\000T\000\050\000\051}{subsection.5.1.3}% 118
\BOOKMARK [3][-]{subsubsection.5.1.3.8}{\376\377\0005\000.\0001\000.\0003\000.\0008\000\040\000c\000i\000l\000s\000\137\000g\000r\000a\000d\000\137\000p\000r\000o\000j\000\050\000\051}{subsection.5.1.3}% 119
\BOOKMARK [3][-]{subsubsection.5.1.3.9}{\376\377\0005\000.\0001\000.\0003\000.\0009\000\040\000c\000i\000l\000s\000\137\000p\000a\000r\000t\000i\000t\000i\000o\000n\000\137\000d\000e\000f\000i\000c\000i\000e\000n\000t\000\050\000\051}{subsection.5.1.3}% 120
\BOOKMARK [3][-]{subsubsection.5.1.3.10}{\376\377\0005\000.\0001\000.\0003\000.\0001\0000\000\040\000c\000i\000l\000s\000\137\000q\000r\000p\000\137\000s\000e\000r\000i\000a\000l\000\050\000\051}{subsection.5.1.3}% 121
\BOOKMARK [3][-]{subsubsection.5.1.3.11}{\376\377\0005\000.\0001\000.\0003\000.\0001\0001\000\040\000c\000i\000l\000s\000\137\000s\000c\000p\000\137\000b\000l\000o\000c\000k\000\137\000b\000a\000b\000a\000i\000\137\000o\000m\000p\000\050\000\051}{subsection.5.1.3}% 122
\BOOKMARK [3][-]{subsubsection.5.1.3.12}{\376\377\0005\000.\0001\000.\0003\000.\0001\0002\000\040\000c\000i\000l\000s\000\137\000s\000c\000p\000\137\000b\000l\000o\000c\000k\000\137\000b\000a\000b\000a\000i\000\137\000s\000e\000r\000i\000a\000l\000\050\000\051}{subsection.5.1.3}% 123
\BOOKMARK [3][-]{subsubsection.5.1.3.13}{\376\377\0005\000.\0001\000.\0003\000.\0001\0003\000\040\000c\000i\000l\000s\000\137\000s\000c\000p\000\137\000b\000l\000o\000c\000k\000\137\000o\000p\000t\000i\000m\000a\000l\000\137\000m\000p\000i\000\050\000\051}{subsection.5.1.3}% 124
\BOOKMARK [3][-]{subsubsection.5.1.3.14}{\376\377\0005\000.\0001\000.\0003\000.\0001\0004\000\040\000c\000i\000l\000s\000\137\000s\000c\000p\000\137\000b\000l\000o\000c\000k\000\137\000o\000p\000t\000i\000m\000a\000l\000\137\000o\000m\000p\000\050\000\051}{subsection.5.1.3}% 125
\BOOKMARK [3][-]{subsubsection.5.1.3.15}{\376\377\0005\000.\0001\000.\0003\000.\0001\0005\000\040\000c\000i\000l\000s\000\137\000s\000c\000p\000\137\000b\000l\000o\000c\000k\000\137\000o\000p\000t\000i\000m\000a\000l\000\137\000s\000e\000r\000i\000a\000l\000\050\000\051}{subsection.5.1.3}% 126
\BOOKMARK [3][-]{subsubsection.5.1.3.16}{\376\377\0005\000.\0001\000.\0003\000.\0001\0006\000\040\000c\000i\000l\000s\000\137\000s\000c\000p\000\137\000b\000l\000o\000c\000k\000\137\000s\000u\000b\000o\000p\000t\000i\000m\000a\000l\000\137\000o\000m\000p\000\050\000\051}{subsection.5.1.3}% 127
\BOOKMARK [3][-]{subsubsection.5.1.3.17}{\376\377\0005\000.\0001\000.\0003\000.\0001\0007\000\040\000c\000i\000l\000s\000\137\000s\000c\000p\000\137\000b\000l\000o\000c\000k\000\137\000s\000u\000b\000o\000p\000t\000i\000m\000a\000l\000\137\000s\000e\000r\000i\000a\000l\000\050\000\051}{subsection.5.1.3}% 128
\BOOKMARK [3][-]{subsubsection.5.1.3.18}{\376\377\0005\000.\0001\000.\0003\000.\0001\0008\000\040\000c\000i\000l\000s\000\137\000s\000i\000c\000\137\000s\000e\000r\000i\000a\000l\000\050\000\051}{subsection.5.1.3}% 129
\BOOKMARK [3][-]{subsubsection.5.1.3.19}{\376\377\0005\000.\0001\000.\0003\000.\0001\0009\000\040\000c\000i\000l\000s\000\137\000s\000i\000c\000\137\000s\000u\000b\000o\000p\000t\000\050\000\051}{subsection.5.1.3}% 130
\BOOKMARK [3][-]{subsubsection.5.1.3.20}{\376\377\0005\000.\0001\000.\0003\000.\0002\0000\000\040\000i\000n\000i\000t\000\050\000\051}{subsection.5.1.3}% 131
\BOOKMARK [3][-]{subsubsection.5.1.3.21}{\376\377\0005\000.\0001\000.\0003\000.\0002\0001\000\040\000i\000n\000i\000t\000\137\000R\000\050\000\051}{subsection.5.1.3}% 132
\BOOKMARK [3][-]{subsubsection.5.1.3.22}{\376\377\0005\000.\0001\000.\0003\000.\0002\0002\000\040\000i\000n\000i\000t\000\137\000u\000d\000\050\000\051}{subsection.5.1.3}% 133
\BOOKMARK [3][-]{subsubsection.5.1.3.23}{\376\377\0005\000.\0001\000.\0003\000.\0002\0003\000\040\000i\000n\000i\000t\000\137\000y\000\050\000\051}{subsection.5.1.3}% 134
\BOOKMARK [2][-]{subsection.5.1.4}{\376\377\0005\000.\0001\000.\0004\000\040\000M\000e\000m\000b\000e\000r\000\040\000D\000a\000t\000a\000\040\000D\000o\000c\000u\000m\000e\000n\000t\000a\000t\000i\000o\000n}{section.5.1}% 135
\BOOKMARK [3][-]{subsubsection.5.1.4.1}{\376\377\0005\000.\0001\000.\0004\000.\0001\000\040\000A}{subsection.5.1.4}% 136
\BOOKMARK [3][-]{subsubsection.5.1.4.2}{\376\377\0005\000.\0001\000.\0004\000.\0002\000\040\000H}{subsection.5.1.4}% 137
\BOOKMARK [3][-]{subsubsection.5.1.4.3}{\376\377\0005\000.\0001\000.\0004\000.\0003\000\040\000i\000n\000i\000t\000\137\000r\000e\000s}{subsection.5.1.4}% 138
\BOOKMARK [3][-]{subsubsection.5.1.4.4}{\376\377\0005\000.\0001\000.\0004\000.\0004\000\040\000l}{subsection.5.1.4}% 139
\BOOKMARK [3][-]{subsubsection.5.1.4.5}{\376\377\0005\000.\0001\000.\0004\000.\0005\000\040\000l\000o\000w\000e\000r}{subsection.5.1.4}% 140
\BOOKMARK [3][-]{subsubsection.5.1.4.6}{\376\377\0005\000.\0001\000.\0004\000.\0006\000\040\000m\000a\000t\000l\000a\000b\000P\000t\000r}{subsection.5.1.4}% 141
\BOOKMARK [3][-]{subsubsection.5.1.4.7}{\376\377\0005\000.\0001\000.\0004\000.\0007\000\040\000P}{subsection.5.1.4}% 142
\BOOKMARK [3][-]{subsubsection.5.1.4.8}{\376\377\0005\000.\0001\000.\0004\000.\0008\000\040\000q\000a\000m}{subsection.5.1.4}% 143
\BOOKMARK [3][-]{subsubsection.5.1.4.9}{\376\377\0005\000.\0001\000.\0004\000.\0009\000\040\000R\000\137\000A}{subsection.5.1.4}% 144
\BOOKMARK [3][-]{subsubsection.5.1.4.10}{\376\377\0005\000.\0001\000.\0004\000.\0001\0000\000\040\000s\000i\000g\000m\000a}{subsection.5.1.4}% 145
\BOOKMARK [3][-]{subsubsection.5.1.4.11}{\376\377\0005\000.\0001\000.\0004\000.\0001\0001\000\040\000s\000n\000r}{subsection.5.1.4}% 146
\BOOKMARK [3][-]{subsubsection.5.1.4.12}{\376\377\0005\000.\0001\000.\0004\000.\0001\0002\000\040\000t\000o\000l\000e\000r\000a\000n\000c\000e}{subsection.5.1.4}% 147
\BOOKMARK [3][-]{subsubsection.5.1.4.13}{\376\377\0005\000.\0001\000.\0004\000.\0001\0003\000\040\000u}{subsection.5.1.4}% 148
\BOOKMARK [3][-]{subsubsection.5.1.4.14}{\376\377\0005\000.\0001\000.\0004\000.\0001\0004\000\040\000u\000p\000p\000e\000r}{subsection.5.1.4}% 149
\BOOKMARK [3][-]{subsubsection.5.1.4.15}{\376\377\0005\000.\0001\000.\0004\000.\0001\0005\000\040\000v\000\137\000a}{subsection.5.1.4}% 150
\BOOKMARK [3][-]{subsubsection.5.1.4.16}{\376\377\0005\000.\0001\000.\0004\000.\0001\0006\000\040\000v\000\137\000q}{subsection.5.1.4}% 151
\BOOKMARK [3][-]{subsubsection.5.1.4.17}{\376\377\0005\000.\0001\000.\0004\000.\0001\0007\000\040\000x\000\137\000r}{subsection.5.1.4}% 152
\BOOKMARK [3][-]{subsubsection.5.1.4.18}{\376\377\0005\000.\0001\000.\0004\000.\0001\0008\000\040\000x\000\137\000t}{subsection.5.1.4}% 153
\BOOKMARK [3][-]{subsubsection.5.1.4.19}{\376\377\0005\000.\0001\000.\0004\000.\0001\0009\000\040\000y\000\137\000a}{subsection.5.1.4}% 154
\BOOKMARK [3][-]{subsubsection.5.1.4.20}{\376\377\0005\000.\0001\000.\0004\000.\0002\0000\000\040\000Z}{subsection.5.1.4}% 155
\BOOKMARK [1][-]{section.5.2}{\376\377\0005\000.\0002\000\040\000c\000i\000l\000s\000:\000:\000c\000i\000l\000s\000\137\000r\000e\000d\000u\000c\000t\000i\000o\000n\000<\000\040\000s\000c\000a\000l\000a\000r\000,\000\040\000i\000n\000d\000e\000x\000\040\000>\000\040\000C\000l\000a\000s\000s\000\040\000T\000e\000m\000p\000l\000a\000t\000e\000\040\000R\000e\000f\000e\000r\000e\000n\000c\000e}{chapter.5}% 156
\BOOKMARK [2][-]{subsection.5.2.1}{\376\377\0005\000.\0002\000.\0001\000\040\000D\000e\000t\000a\000i\000l\000e\000d\000\040\000D\000e\000s\000c\000r\000i\000p\000t\000i\000o\000n}{section.5.2}% 157
\BOOKMARK [2][-]{subsection.5.2.2}{\376\377\0005\000.\0002\000.\0002\000\040\000C\000o\000n\000s\000t\000r\000u\000c\000t\000o\000r\000\040\000\046\000\040\000D\000e\000s\000t\000r\000u\000c\000t\000o\000r\000\040\000D\000o\000c\000u\000m\000e\000n\000t\000a\000t\000i\000o\000n}{section.5.2}% 158
\BOOKMARK [3][-]{subsubsection.5.2.2.1}{\376\377\0005\000.\0002\000.\0002\000.\0001\000\040\000c\000i\000l\000s\000\137\000r\000e\000d\000u\000c\000t\000i\000o\000n\000\050\000\051}{subsection.5.2.2}% 159
\BOOKMARK [2][-]{subsection.5.2.3}{\376\377\0005\000.\0002\000.\0003\000\040\000M\000e\000m\000b\000e\000r\000\040\000F\000u\000n\000c\000t\000i\000o\000n\000\040\000D\000o\000c\000u\000m\000e\000n\000t\000a\000t\000i\000o\000n}{section.5.2}% 160
\BOOKMARK [3][-]{subsubsection.5.2.3.1}{\376\377\0005\000.\0002\000.\0003\000.\0001\000\040\000c\000i\000l\000s\000\137\000e\000m\000l\000\137\000q\000r\000\050\000\051}{subsection.5.2.3}% 161
\BOOKMARK [3][-]{subsubsection.5.2.3.2}{\376\377\0005\000.\0002\000.\0003\000.\0002\000\040\000c\000i\000l\000s\000\137\000L\000L\000L\000\137\000o\000m\000p\000\050\000\051}{subsection.5.2.3}% 162
\BOOKMARK [3][-]{subsubsection.5.2.3.3}{\376\377\0005\000.\0002\000.\0003\000.\0003\000\040\000c\000i\000l\000s\000\137\000L\000L\000L\000\137\000q\000r\000\137\000o\000m\000p\000\050\000\051}{subsection.5.2.3}% 163
\BOOKMARK [3][-]{subsubsection.5.2.3.4}{\376\377\0005\000.\0002\000.\0003\000.\0004\000\040\000c\000i\000l\000s\000\137\000L\000L\000L\000\137\000q\000r\000\137\000r\000e\000d\000u\000c\000t\000i\000o\000n\000\050\000\051}{subsection.5.2.3}% 164
\BOOKMARK [3][-]{subsubsection.5.2.3.5}{\376\377\0005\000.\0002\000.\0003\000.\0005\000\040\000c\000i\000l\000s\000\137\000L\000L\000L\000\137\000q\000r\000\137\000s\000e\000r\000i\000a\000l\000\050\000\051}{subsection.5.2.3}% 165
\BOOKMARK [3][-]{subsubsection.5.2.3.6}{\376\377\0005\000.\0002\000.\0003\000.\0006\000\040\000c\000i\000l\000s\000\137\000L\000L\000L\000\137\000r\000e\000d\000u\000c\000t\000i\000o\000n\000\050\000\051}{subsection.5.2.3}% 166
\BOOKMARK [3][-]{subsubsection.5.2.3.7}{\376\377\0005\000.\0002\000.\0003\000.\0007\000\040\000c\000i\000l\000s\000\137\000L\000L\000L\000\137\000s\000e\000r\000i\000a\000l\000\050\000\051}{subsection.5.2.3}% 167
\BOOKMARK [3][-]{subsubsection.5.2.3.8}{\376\377\0005\000.\0002\000.\0003\000.\0008\000\040\000c\000i\000l\000s\000\137\000o\000b\000i\000l\000s\000\137\000m\000a\000t\000l\000a\000b\000\050\000\051}{subsection.5.2.3}% 168
\BOOKMARK [3][-]{subsubsection.5.2.3.9}{\376\377\0005\000.\0002\000.\0003\000.\0009\000\040\000c\000i\000l\000s\000\137\000o\000b\000i\000l\000s\000\137\000r\000e\000d\000u\000c\000t\000i\000o\000n\000\050\000\051}{subsection.5.2.3}% 169
\BOOKMARK [3][-]{subsubsection.5.2.3.10}{\376\377\0005\000.\0002\000.\0003\000.\0001\0000\000\040\000c\000i\000l\000s\000\137\000o\000b\000i\000l\000s\000\137\000r\000e\000d\000u\000c\000t\000i\000o\000n\000\137\000m\000a\000t\000l\000a\000b\000\050\000\051}{subsection.5.2.3}% 170
\BOOKMARK [3][-]{subsubsection.5.2.3.11}{\376\377\0005\000.\0002\000.\0003\000.\0001\0001\000\040\000c\000i\000l\000s\000\137\000q\000r\000\137\000o\000m\000p\000\050\000\051}{subsection.5.2.3}% 171
\BOOKMARK [3][-]{subsubsection.5.2.3.12}{\376\377\0005\000.\0002\000.\0003\000.\0001\0002\000\040\000c\000i\000l\000s\000\137\000q\000r\000\137\000p\000y\000\050\000\051}{subsection.5.2.3}% 172
\BOOKMARK [3][-]{subsubsection.5.2.3.13}{\376\377\0005\000.\0002\000.\0003\000.\0001\0003\000\040\000c\000i\000l\000s\000\137\000q\000r\000\137\000p\000y\000\137\000h\000e\000l\000p\000e\000r\000\050\000\051}{subsection.5.2.3}% 173
\BOOKMARK [3][-]{subsubsection.5.2.3.14}{\376\377\0005\000.\0002\000.\0003\000.\0001\0004\000\040\000c\000i\000l\000s\000\137\000q\000r\000\137\000s\000e\000r\000i\000a\000l\000\050\000\051}{subsection.5.2.3}% 174
\BOOKMARK [3][-]{subsubsection.5.2.3.15}{\376\377\0005\000.\0002\000.\0003\000.\0001\0005\000\040\000c\000i\000l\000s\000\137\000q\000r\000\137\000s\000e\000r\000i\000a\000l\000\137\000c\000o\000l\000\050\000\051}{subsection.5.2.3}% 175
\BOOKMARK [2][-]{subsection.5.2.4}{\376\377\0005\000.\0002\000.\0004\000\040\000M\000e\000m\000b\000e\000r\000\040\000D\000a\000t\000a\000\040\000D\000o\000c\000u\000m\000e\000n\000t\000a\000t\000i\000o\000n}{section.5.2}% 176
\BOOKMARK [3][-]{subsubsection.5.2.4.1}{\376\377\0005\000.\0002\000.\0004\000.\0001\000\040\000A}{subsection.5.2.4}% 177
\BOOKMARK [3][-]{subsubsection.5.2.4.2}{\376\377\0005\000.\0002\000.\0004\000.\0002\000\040\000G}{subsection.5.2.4}% 178
\BOOKMARK [3][-]{subsubsection.5.2.4.3}{\376\377\0005\000.\0002\000.\0004\000.\0003\000\040\000P}{subsection.5.2.4}% 179
\BOOKMARK [3][-]{subsubsection.5.2.4.4}{\376\377\0005\000.\0002\000.\0004\000.\0004\000\040\000p}{subsection.5.2.4}% 180
\BOOKMARK [3][-]{subsubsection.5.2.4.5}{\376\377\0005\000.\0002\000.\0004\000.\0005\000\040\000Q}{subsection.5.2.4}% 181
\BOOKMARK [3][-]{subsubsection.5.2.4.6}{\376\377\0005\000.\0002\000.\0004\000.\0006\000\040\000R\000\137\000Q}{subsection.5.2.4}% 182
\BOOKMARK [3][-]{subsubsection.5.2.4.7}{\376\377\0005\000.\0002\000.\0004\000.\0007\000\040\000R\000\137\000R}{subsection.5.2.4}% 183
\BOOKMARK [3][-]{subsubsection.5.2.4.8}{\376\377\0005\000.\0002\000.\0004\000.\0008\000\040\000y\000\137\000a}{subsection.5.2.4}% 184
\BOOKMARK [3][-]{subsubsection.5.2.4.9}{\376\377\0005\000.\0002\000.\0004\000.\0009\000\040\000y\000\137\000q}{subsection.5.2.4}% 185
\BOOKMARK [3][-]{subsubsection.5.2.4.10}{\376\377\0005\000.\0002\000.\0004\000.\0001\0000\000\040\000y\000\137\000r}{subsection.5.2.4}% 186
\BOOKMARK [3][-]{subsubsection.5.2.4.11}{\376\377\0005\000.\0002\000.\0004\000.\0001\0001\000\040\000Z}{subsection.5.2.4}% 187
\BOOKMARK [1][-]{section.5.3}{\376\377\0005\000.\0003\000\040\000c\000i\000l\000s\000:\000:\000c\000i\000l\000s\000\137\000s\000e\000a\000r\000c\000h\000<\000\040\000s\000c\000a\000l\000a\000r\000,\000\040\000i\000n\000d\000e\000x\000\040\000>\000\040\000C\000l\000a\000s\000s\000\040\000T\000e\000m\000p\000l\000a\000t\000e\000\040\000R\000e\000f\000e\000r\000e\000n\000c\000e}{chapter.5}% 188
\BOOKMARK [2][-]{subsection.5.3.1}{\376\377\0005\000.\0003\000.\0001\000\040\000D\000e\000t\000a\000i\000l\000e\000d\000\040\000D\000e\000s\000c\000r\000i\000p\000t\000i\000o\000n}{section.5.3}% 189
\BOOKMARK [2][-]{subsection.5.3.2}{\376\377\0005\000.\0003\000.\0002\000\040\000C\000o\000n\000s\000t\000r\000u\000c\000t\000o\000r\000\040\000\046\000\040\000D\000e\000s\000t\000r\000u\000c\000t\000o\000r\000\040\000D\000o\000c\000u\000m\000e\000n\000t\000a\000t\000i\000o\000n}{section.5.3}% 190
\BOOKMARK [3][-]{subsubsection.5.3.2.1}{\376\377\0005\000.\0003\000.\0002\000.\0001\000\040\000c\000i\000l\000s\000\137\000s\000e\000a\000r\000c\000h\000\050\000\051}{subsection.5.3.2}% 191
\BOOKMARK [2][-]{subsection.5.3.3}{\376\377\0005\000.\0003\000.\0003\000\040\000M\000e\000m\000b\000e\000r\000\040\000F\000u\000n\000c\000t\000i\000o\000n\000\040\000D\000o\000c\000u\000m\000e\000n\000t\000a\000t\000i\000o\000n}{section.5.3}% 192
\BOOKMARK [3][-]{subsubsection.5.3.3.1}{\376\377\0005\000.\0003\000.\0003\000.\0001\000\040\000b\000o\000u\000n\000d\000\050\000\051}{subsection.5.3.3}% 193
\BOOKMARK [3][-]{subsubsection.5.3.3.2}{\376\377\0005\000.\0003\000.\0003\000.\0002\000\040\000i\000l\000s\000\137\000s\000e\000a\000r\000c\000h\000\050\000\051}{subsection.5.3.3}% 194
\BOOKMARK [3][-]{subsubsection.5.3.3.3}{\376\377\0005\000.\0003\000.\0003\000.\0003\000\040\000i\000l\000s\000\137\000s\000e\000a\000r\000c\000h\000\137\000o\000m\000p\000\050\000\051}{subsection.5.3.3}% 195
\BOOKMARK [3][-]{subsubsection.5.3.3.4}{\376\377\0005\000.\0003\000.\0003\000.\0004\000\040\000o\000b\000i\000l\000s\000\137\000s\000e\000a\000r\000c\000h\000\050\000\051}{subsection.5.3.3}% 196
\BOOKMARK [3][-]{subsubsection.5.3.3.5}{\376\377\0005\000.\0003\000.\0003\000.\0005\000\040\000o\000b\000i\000l\000s\000\137\000s\000e\000a\000r\000c\000h\0002\000\050\000\051}{subsection.5.3.3}% 197
\BOOKMARK [3][-]{subsubsection.5.3.3.6}{\376\377\0005\000.\0003\000.\0003\000.\0006\000\040\000o\000b\000i\000l\000s\000\137\000s\000e\000a\000r\000c\000h\000\137\000m\000a\000t\000l\000a\000b\000\050\000\051}{subsection.5.3.3}% 198
\BOOKMARK [3][-]{subsubsection.5.3.3.7}{\376\377\0005\000.\0003\000.\0003\000.\0007\000\040\000o\000b\000i\000l\000s\000\137\000s\000e\000a\000r\000c\000h\000\137\000o\000m\000p\000\050\000\051}{subsection.5.3.3}% 199
\BOOKMARK [3][-]{subsubsection.5.3.3.8}{\376\377\0005\000.\0003\000.\0003\000.\0008\000\040\000u\000b\000i\000l\000s\000\137\000s\000e\000a\000r\000c\000h\000\050\000\051}{subsection.5.3.3}% 200
\BOOKMARK [1][-]{section.5.4}{\376\377\0005\000.\0004\000\040\000c\000i\000l\000s\000:\000:\000r\000e\000t\000u\000r\000n\000T\000y\000p\000e\000<\000\040\000s\000c\000a\000l\000a\000r\000,\000\040\000i\000n\000d\000e\000x\000\040\000>\000\040\000S\000t\000r\000u\000c\000t\000\040\000T\000e\000m\000p\000l\000a\000t\000e\000\040\000R\000e\000f\000e\000r\000e\000n\000c\000e}{chapter.5}% 201
\BOOKMARK [2][-]{subsection.5.4.1}{\376\377\0005\000.\0004\000.\0001\000\040\000D\000e\000t\000a\000i\000l\000e\000d\000\040\000D\000e\000s\000c\000r\000i\000p\000t\000i\000o\000n}{section.5.4}% 202
\BOOKMARK [2][-]{subsection.5.4.2}{\376\377\0005\000.\0004\000.\0002\000\040\000M\000e\000m\000b\000e\000r\000\040\000D\000a\000t\000a\000\040\000D\000o\000c\000u\000m\000e\000n\000t\000a\000t\000i\000o\000n}{section.5.4}% 203
\BOOKMARK [3][-]{subsubsection.5.4.2.1}{\376\377\0005\000.\0004\000.\0002\000.\0001\000\040\000i\000n\000f\000o}{subsection.5.4.2}% 204
\BOOKMARK [3][-]{subsubsection.5.4.2.2}{\376\377\0005\000.\0004\000.\0002\000.\0002\000\040\000r\000u\000n\000\137\000t\000i\000m\000e}{subsection.5.4.2}% 205
\BOOKMARK [3][-]{subsubsection.5.4.2.3}{\376\377\0005\000.\0004\000.\0002\000.\0003\000\040\000x}{subsection.5.4.2}% 206
\BOOKMARK [0][-]{chapter.6}{\376\377\0006\000\040\000F\000i\000l\000e\000\040\000D\000o\000c\000u\000m\000e\000n\000t\000a\000t\000i\000o\000n}{}% 207
\BOOKMARK [1][-]{section.6.1}{\376\377\0006\000.\0001\000\040\000s\000r\000c\000/\000e\000x\000a\000m\000p\000l\000e\000/\000c\000i\000l\000s\000\137\000s\000t\000a\000n\000d\000a\000r\000d\000\137\000t\000e\000s\000t\000.\000c\000p\000p\000\040\000F\000i\000l\000e\000\040\000R\000e\000f\000e\000r\000e\000n\000c\000e}{chapter.6}% 208
\BOOKMARK [1][-]{section.6.2}{\376\377\0006\000.\0002\000\040\000s\000r\000c\000/\000e\000x\000a\000m\000p\000l\000e\000/\000c\000i\000l\000s\000\137\000u\000n\000d\000e\000r\000d\000e\000t\000e\000r\000m\000i\000n\000e\000d\000\137\000t\000e\000s\000t\000.\000c\000p\000p\000\040\000F\000i\000l\000e\000\040\000R\000e\000f\000e\000r\000e\000n\000c\000e}{chapter.6}% 209
\BOOKMARK [2][-]{subsection.6.2.1}{\376\377\0006\000.\0002\000.\0001\000\040\000F\000u\000n\000c\000t\000i\000o\000n\000\040\000D\000o\000c\000u\000m\000e\000n\000t\000a\000t\000i\000o\000n}{section.6.2}% 210
\BOOKMARK [3][-]{subsubsection.6.2.1.1}{\376\377\0006\000.\0002\000.\0001\000.\0001\000\040\000b\000l\000o\000c\000k\000\137\000o\000p\000t\000i\000m\000a\000l\000\137\000t\000e\000s\000t\000\050\000\051}{subsection.6.2.1}% 211
\BOOKMARK [3][-]{subsubsection.6.2.1.2}{\376\377\0006\000.\0002\000.\0001\000.\0002\000\040\000p\000l\000o\000t\000\137\000r\000u\000n\000\050\000\051}{subsection.6.2.1}% 212
\BOOKMARK [1][-]{section.6.3}{\376\377\0006\000.\0003\000\040\000s\000r\000c\000/\000e\000x\000a\000m\000p\000l\000e\000/\000p\000l\000o\000t\000\137\000h\000e\000l\000p\000e\000r\000.\000p\000y\000\040\000F\000i\000l\000e\000\040\000R\000e\000f\000e\000r\000e\000n\000c\000e}{chapter.6}% 213
\BOOKMARK [1][-]{section.6.4}{\376\377\0006\000.\0004\000\040\000s\000r\000c\000/\000e\000x\000a\000m\000p\000l\000e\000/\000p\000y\000\137\000q\000r\000.\000p\000y\000\040\000F\000i\000l\000e\000\040\000R\000e\000f\000e\000r\000e\000n\000c\000e}{chapter.6}% 214
\BOOKMARK [1][-]{section.6.5}{\376\377\0006\000.\0005\000\040\000s\000r\000c\000/\000i\000n\000c\000l\000u\000d\000e\000/\000c\000i\000l\000s\000.\000h\000\040\000F\000i\000l\000e\000\040\000R\000e\000f\000e\000r\000e\000n\000c\000e}{chapter.6}% 215
\BOOKMARK [2][-]{subsection.6.5.1}{\376\377\0006\000.\0005\000.\0001\000\040\000D\000e\000t\000a\000i\000l\000e\000d\000\040\000D\000e\000s\000c\000r\000i\000p\000t\000i\000o\000n}{section.6.5}% 216
\BOOKMARK [1][-]{section.6.6}{\376\377\0006\000.\0006\000\040\000s\000r\000c\000/\000i\000n\000c\000l\000u\000d\000e\000/\000c\000o\000n\000f\000i\000g\000.\000h\000\040\000F\000i\000l\000e\000\040\000R\000e\000f\000e\000r\000e\000n\000c\000e}{chapter.6}% 217
\BOOKMARK [1][-]{section.6.7}{\376\377\0006\000.\0007\000\040\000s\000r\000c\000/\000i\000n\000c\000l\000u\000d\000e\000/\000h\000e\000l\000p\000e\000r\000.\000h\000\040\000F\000i\000l\000e\000\040\000R\000e\000f\000e\000r\000e\000n\000c\000e}{chapter.6}% 218
\BOOKMARK [2][-]{subsection.6.7.1}{\376\377\0006\000.\0007\000.\0001\000\040\000D\000e\000t\000a\000i\000l\000e\000d\000\040\000D\000e\000s\000c\000r\000i\000p\000t\000i\000o\000n}{section.6.7}% 219
\BOOKMARK [2][-]{subsection.6.7.2}{\376\377\0006\000.\0007\000.\0002\000\040\000V\000a\000r\000i\000a\000b\000l\000e\000\040\000D\000o\000c\000u\000m\000e\000n\000t\000a\000t\000i\000o\000n}{section.6.7}% 220
\BOOKMARK [3][-]{subsubsection.6.7.2.1}{\376\377\0006\000.\0007\000.\0002\000.\0001\000\040\000Z\000E\000R\000O}{subsection.6.7.2}% 221
\BOOKMARK [1][-]{section.6.8}{\376\377\0006\000.\0008\000\040\000s\000r\000c\000/\000s\000o\000u\000r\000c\000e\000/\000c\000i\000l\000s\000.\000c\000p\000p\000\040\000F\000i\000l\000e\000\040\000R\000e\000f\000e\000r\000e\000n\000c\000e}{chapter.6}% 222
\BOOKMARK [1][-]{section.6.9}{\376\377\0006\000.\0009\000\040\000s\000r\000c\000/\000s\000o\000u\000r\000c\000e\000/\000c\000i\000l\000s\000\137\000b\000a\000b\000a\000i\000\137\000s\000e\000a\000r\000c\000h\000.\000c\000p\000p\000\040\000F\000i\000l\000e\000\040\000R\000e\000f\000e\000r\000e\000n\000c\000e}{chapter.6}% 223
\BOOKMARK [2][-]{subsection.6.9.1}{\376\377\0006\000.\0009\000.\0001\000\040\000D\000e\000t\000a\000i\000l\000e\000d\000\040\000D\000e\000s\000c\000r\000i\000p\000t\000i\000o\000n}{section.6.9}% 224
\BOOKMARK [1][-]{section.6.10}{\376\377\0006\000.\0001\0000\000\040\000s\000r\000c\000/\000s\000o\000u\000r\000c\000e\000/\000c\000i\000l\000s\000\137\000b\000l\000o\000c\000k\000\137\000s\000e\000a\000r\000c\000h\000.\000c\000p\000p\000\040\000F\000i\000l\000e\000\040\000R\000e\000f\000e\000r\000e\000n\000c\000e}{chapter.6}% 225
\BOOKMARK [2][-]{subsection.6.10.1}{\376\377\0006\000.\0001\0000\000.\0001\000\040\000D\000e\000t\000a\000i\000l\000e\000d\000\040\000D\000e\000s\000c\000r\000i\000p\000t\000i\000o\000n}{section.6.10}% 226
\BOOKMARK [1][-]{section.6.11}{\376\377\0006\000.\0001\0001\000\040\000s\000r\000c\000/\000s\000o\000u\000r\000c\000e\000/\000c\000i\000l\000s\000\137\000b\000l\000o\000c\000k\000\137\000s\000e\000a\000r\000c\000h\000\137\000G\000P\000U\000.\000c\000p\000p\000\040\000F\000i\000l\000e\000\040\000R\000e\000f\000e\000r\000e\000n\000c\000e}{chapter.6}% 227
\BOOKMARK [2][-]{subsection.6.11.1}{\376\377\0006\000.\0001\0001\000.\0001\000\040\000M\000a\000c\000r\000o\000\040\000D\000e\000f\000i\000n\000i\000t\000i\000o\000n\000\040\000D\000o\000c\000u\000m\000e\000n\000t\000a\000t\000i\000o\000n}{section.6.11}% 228
\BOOKMARK [3][-]{subsubsection.6.11.1.1}{\376\377\0006\000.\0001\0001\000.\0001\000.\0001\000\040\000N\000U\000M\000\137\000G\000L\000O\000B\000A\000L\000\137\000W\000I\000T\000E\000M\000S}{subsection.6.11.1}% 229
\BOOKMARK [2][-]{subsection.6.11.2}{\376\377\0006\000.\0001\0001\000.\0002\000\040\000F\000u\000n\000c\000t\000i\000o\000n\000\040\000D\000o\000c\000u\000m\000e\000n\000t\000a\000t\000i\000o\000n}{section.6.11}% 230
\BOOKMARK [3][-]{subsubsection.6.11.2.1}{\376\377\0006\000.\0001\0001\000.\0002\000.\0001\000\040\000c\000o\000m\000p\000a\000r\000e\000R\000e\000s\000u\000l\000t\000s\000\050\000\051}{subsection.6.11.2}% 231
\BOOKMARK [3][-]{subsubsection.6.11.2.2}{\376\377\0006\000.\0001\0001\000.\0002\000.\0002\000\040\000r\000u\000n\000\050\000\051}{subsection.6.11.2}% 232
\BOOKMARK [3][-]{subsubsection.6.11.2.3}{\376\377\0006\000.\0001\0001\000.\0002\000.\0003\000\040\000t\000i\000m\000e\000A\000d\000d\000V\000e\000c\000t\000o\000r\000s\000C\000P\000U\000\050\000\051}{subsection.6.11.2}% 233
\BOOKMARK [3][-]{subsubsection.6.11.2.4}{\376\377\0006\000.\0001\0001\000.\0002\000.\0004\000\040\000w\000a\000r\000m\000u\000p\000\050\000\051}{subsection.6.11.2}% 234
\BOOKMARK [1][-]{section.6.12}{\376\377\0006\000.\0001\0002\000\040\000s\000r\000c\000/\000s\000o\000u\000r\000c\000e\000/\000c\000i\000l\000s\000\137\000i\000l\000s\000\137\000s\000e\000a\000r\000c\000h\000.\000c\000p\000p\000\040\000F\000i\000l\000e\000\040\000R\000e\000f\000e\000r\000e\000n\000c\000e}{chapter.6}% 235
\BOOKMARK [2][-]{subsection.6.12.1}{\376\377\0006\000.\0001\0002\000.\0001\000\040\000D\000e\000t\000a\000i\000l\000e\000d\000\040\000D\000e\000s\000c\000r\000i\000p\000t\000i\000o\000n}{section.6.12}% 236
\BOOKMARK [1][-]{section.6.13}{\376\377\0006\000.\0001\0003\000\040\000s\000r\000c\000/\000s\000o\000u\000r\000c\000e\000/\000c\000i\000l\000s\000\137\000i\000n\000i\000t\000\137\000p\000o\000i\000n\000t\000.\000c\000p\000p\000\040\000F\000i\000l\000e\000\040\000R\000e\000f\000e\000r\000e\000n\000c\000e}{chapter.6}% 237
\BOOKMARK [2][-]{subsection.6.13.1}{\376\377\0006\000.\0001\0003\000.\0001\000\040\000D\000e\000t\000a\000i\000l\000e\000d\000\040\000D\000e\000s\000c\000r\000i\000p\000t\000i\000o\000n}{section.6.13}% 238
\BOOKMARK [1][-]{section.6.14}{\376\377\0006\000.\0001\0004\000\040\000s\000r\000c\000/\000s\000o\000u\000r\000c\000e\000/\000c\000i\000l\000s\000\137\000p\000a\000r\000t\000i\000t\000i\000o\000n\000\137\000d\000e\000f\000i\000c\000i\000e\000n\000t\000.\000c\000p\000p\000\040\000F\000i\000l\000e\000\040\000R\000e\000f\000e\000r\000e\000n\000c\000e}{chapter.6}% 239
\BOOKMARK [1][-]{section.6.15}{\376\377\0006\000.\0001\0005\000\040\000s\000r\000c\000/\000s\000o\000u\000r\000c\000e\000/\000c\000i\000l\000s\000\137\000r\000e\000d\000u\000c\000t\000i\000o\000n\000.\000c\000p\000p\000\040\000F\000i\000l\000e\000\040\000R\000e\000f\000e\000r\000e\000n\000c\000e}{chapter.6}% 240
\BOOKMARK [1][-]{section.6.16}{\376\377\0006\000.\0001\0006\000\040\000s\000r\000c\000/\000s\000o\000u\000r\000c\000e\000/\000c\000i\000l\000s\000\137\000s\000i\000c\000\137\000o\000p\000t\000.\000c\000p\000p\000\040\000F\000i\000l\000e\000\040\000R\000e\000f\000e\000r\000e\000n\000c\000e}{chapter.6}% 241
\BOOKMARK [2][-]{subsection.6.16.1}{\376\377\0006\000.\0001\0006\000.\0001\000\040\000D\000e\000t\000a\000i\000l\000e\000d\000\040\000D\000e\000s\000c\000r\000i\000p\000t\000i\000o\000n}{section.6.16}% 242
\BOOKMARK [0][-]{section*.51}{\376\377\000I\000n\000d\000e\000x}{}% 243
